<?xml version='1.0' encoding='UTF-8'?>
<!DOCTYPE coverage SYSTEM 'http://cobertura.sourceforge.net/xml/coverage-04.dtd'>
<coverage line-rate="1.0" branch-rate="0.9736842105263158" lines-covered="155" lines-valid="155" branches-covered="74" branches-valid="76" complexity="0.0" timestamp="1643968199" version="gcovr 4.2"><sources><source>.</source></sources><packages><package name="02_Code" line-rate="1.0" branch-rate="0.9736842105263158" complexity="0.0"><classes><class name="EcuM_Callout_Stubs_c" filename="02_Code/EcuM_Callout_Stubs.c" line-rate="1.0" branch-rate="0.9736842105263158" complexity="0.0"><methods/><lines><line number="486" hits="1" branch="false"/><line number="495" hits="1" branch="false"/><line number="497" hits="1" branch="false"/><line number="503" hits="1" branch="false"/><line number="509" hits="1" branch="false"/><line number="518" hits="1" branch="false"/><line number="520" hits="1" branch="false"/><line number="527" hits="1" branch="false"/><line number="547" hits="1" branch="false"/><line number="589" hits="1" branch="false"/><line number="608" hits="1" branch="false"/><line number="627" hits="4" branch="false"/><line number="633" hits="4" branch="false"/><line number="635" hits="4" branch="true" condition-coverage="100% (2/2)"><conditions><condition number="0" type="jump" coverage="100%"/></conditions></line><line number="639" hits="1" branch="false"/><line number="643" hits="4" branch="true" condition-coverage="100% (2/2)"><conditions><condition number="0" type="jump" coverage="100%"/></conditions></line><line number="647" hits="1" branch="false"/><line number="648" hits="1" branch="false"/><line number="656" hits="4" branch="true" condition-coverage="100% (2/2)"><conditions><condition number="0" type="jump" coverage="100%"/></conditions></line><line number="660" hits="1" branch="false"/><line number="661" hits="1" branch="false"/><line number="664" hits="4" branch="true" condition-coverage="100% (2/2)"><conditions><condition number="0" type="jump" coverage="100%"/></conditions></line><line number="668" hits="1" branch="false"/><line number="669" hits="1" branch="false"/><line number="674" hits="4" branch="false"/><line number="676" hits="5" branch="false"/><line number="682" hits="5" branch="true" condition-coverage="100% (2/2)"><conditions><condition number="0" type="jump" coverage="100%"/></conditions></line><line number="685" hits="1" branch="false"/><line number="689" hits="5" branch="true" condition-coverage="100% (2/2)"><conditions><condition number="0" type="jump" coverage="100%"/></conditions></line><line number="692" hits="1" branch="false"/><line number="693" hits="1" branch="false"/><line number="696" hits="5" branch="true" condition-coverage="100% (2/2)"><conditions><condition number="0" type="jump" coverage="100%"/></conditions></line><line number="699" hits="1" branch="false"/><line number="700" hits="1" branch="false"/><line number="703" hits="5" branch="true" condition-coverage="100% (2/2)"><conditions><condition number="0" type="jump" coverage="100%"/></conditions></line><line number="706" hits="1" branch="false"/><line number="707" hits="1" branch="false"/><line number="710" hits="5" branch="true" condition-coverage="100% (2/2)"><conditions><condition number="0" type="jump" coverage="100%"/></conditions></line><line number="713" hits="1" branch="false"/><line number="714" hits="1" branch="false"/><line number="716" hits="5" branch="false"/><line number="721" hits="5" branch="false"/><line number="723" hits="2" branch="false"/><line number="729" hits="2" branch="true" condition-coverage="100% (2/2)"><conditions><condition number="0" type="jump" coverage="100%"/></conditions></line><line number="732" hits="1" branch="false"/><line number="738" hits="2" branch="false"/><line number="740" hits="2" branch="false"/><line number="746" hits="2" branch="false"/><line number="747" hits="2" branch="true" condition-coverage="100% (2/2)"><conditions><condition number="0" type="jump" coverage="100%"/></conditions></line><line number="750" hits="1" branch="false"/><line number="756" hits="2" branch="false"/><line number="758" hits="15" branch="false"/><line number="761" hits="15" branch="false"/><line number="768" hits="15" branch="true" condition-coverage="100% (6/6)"><conditions><condition number="0" type="jump" coverage="100%"/></conditions></line><line number="770" hits="1" branch="false"/><line number="772" hits="1" branch="false"/><line number="776" hits="15" branch="true" condition-coverage="100% (6/6)"><conditions><condition number="0" type="jump" coverage="100%"/></conditions></line><line number="778" hits="1" branch="false"/><line number="780" hits="1" branch="false"/><line number="784" hits="15" branch="true" condition-coverage="100% (6/6)"><conditions><condition number="0" type="jump" coverage="100%"/></conditions></line><line number="786" hits="1" branch="false"/><line number="788" hits="1" branch="false"/><line number="792" hits="15" branch="true" condition-coverage="100% (6/6)"><conditions><condition number="0" type="jump" coverage="100%"/></conditions></line><line number="794" hits="1" branch="false"/><line number="796" hits="1" branch="false"/><line number="800" hits="22" branch="true" condition-coverage="100% (6/6)"><conditions><condition number="0" type="jump" coverage="100%"/></conditions></line><line number="801" hits="6" branch="true" condition-coverage="100% (2/2)"><conditions><condition number="0" type="jump" coverage="100%"/></conditions></line><line number="802" hits="2" branch="false"/><line number="804" hits="3" branch="false"/><line number="806" hits="3" branch="false"/><line number="810" hits="15" branch="true" condition-coverage="100% (2/2)"><conditions><condition number="0" type="jump" coverage="100%"/></conditions></line><line number="812" hits="1" branch="false"/><line number="817" hits="15" branch="false"/><line number="819" hits="1" branch="false"/><line number="832" hits="1" branch="false"/><line number="863" hits="5" branch="false"/><line number="870" hits="5" branch="false"/><line number="875" hits="5" branch="false"/><line number="876" hits="5" branch="false"/><line number="877" hits="5" branch="false"/><line number="880" hits="5" branch="false"/><line number="882" hits="5" branch="false"/><line number="888" hits="5" branch="false"/><line number="889" hits="5" branch="true" condition-coverage="100% (2/2)"><conditions><condition number="0" type="jump" coverage="100%"/></conditions></line><line number="891" hits="1" branch="false"/><line number="892" hits="1" branch="false"/><line number="894" hits="16777216" branch="true" condition-coverage="100% (2/2)"><conditions><condition number="0" type="jump" coverage="100%"/></conditions></line><line number="896" hits="16777215" branch="false"/><line number="900" hits="1" branch="false"/><line number="901" hits="1" branch="false"/><line number="906" hits="5" branch="true" condition-coverage="100% (2/2)"><conditions><condition number="0" type="jump" coverage="100%"/></conditions></line><line number="910" hits="3" branch="false"/><line number="911" hits="3" branch="false"/><line number="912" hits="3" branch="false"/><line number="913" hits="3" branch="false"/><line number="916" hits="3" branch="false"/><line number="932" hits="3" branch="false"/><line number="937" hits="3" branch="false"/><line number="942" hits="3" branch="false"/><line number="948" hits="3" branch="false"/><line number="950" hits="3" branch="false"/><line number="951" hits="3" branch="false"/><line number="952" hits="3" branch="false"/><line number="953" hits="3" branch="false"/><line number="954" hits="3" branch="false"/><line number="957" hits="3" branch="false"/><line number="958" hits="3" branch="false"/><line number="961" hits="3" branch="true" condition-coverage="50% (1/2)"><conditions><condition number="0" type="jump" coverage="50%"/></conditions></line><line number="963" hits="3" branch="false"/><line number="966" hits="3" branch="false"/><line number="967" hits="3" branch="false"/><line number="968" hits="3" branch="false"/><line number="969" hits="3" branch="false"/><line number="970" hits="3" branch="false"/><line number="971" hits="3" branch="false"/><line number="979" hits="3" branch="false"/><line number="980" hits="3" branch="false"/><line number="982" hits="3" branch="false"/><line number="983" hits="3" branch="true" condition-coverage="83% (5/6)"><conditions><condition number="0" type="jump" coverage="83%"/></conditions></line><line number="989" hits="2" branch="false"/><line number="990" hits="2" branch="false"/><line number="994" hits="3" branch="false"/><line number="997" hits="3" branch="true" condition-coverage="100% (2/2)"><conditions><condition number="0" type="jump" coverage="100%"/></conditions></line><line number="1002" hits="1" branch="false"/><line number="1011" hits="3" branch="false"/><line number="1014" hits="3" branch="false"/><line number="1016" hits="3" branch="false"/><line number="1017" hits="3" branch="false"/><line number="1018" hits="3" branch="false"/><line number="1019" hits="3" branch="false"/><line number="1021" hits="3" branch="false"/><line number="1022" hits="3" branch="false"/><line number="1025" hits="3" branch="false"/><line number="1028" hits="3" branch="false"/><line number="1029" hits="3" branch="false"/><line number="1032" hits="50331648" branch="true" condition-coverage="100% (2/2)"><conditions><condition number="0" type="jump" coverage="100%"/></conditions></line><line number="1034" hits="50331645" branch="false"/><line number="1039" hits="3" branch="false"/><line number="1043" hits="3" branch="false"/><line number="1044" hits="3" branch="false"/><line number="1047" hits="50331648" branch="true" condition-coverage="100% (2/2)"><conditions><condition number="0" type="jump" coverage="100%"/></conditions></line><line number="1049" hits="50331645" branch="false"/><line number="1056" hits="3" branch="false"/><line number="1057" hits="3" branch="false"/><line number="1060" hits="3" branch="false"/><line number="1064" hits="2" branch="false"/><line number="1065" hits="2" branch="false"/><line number="1068" hits="2" branch="false"/><line number="1079" hits="5" branch="false"/><line number="1102" hits="1" branch="false"/><line number="1126" hits="1" branch="false"/><line number="1154" hits="1" branch="false"/><line number="1161" hits="1" branch="false"/><line number="1174" hits="1" branch="false"/><line number="1184" hits="1" branch="false"/></lines></class></classes></package></packages></coverage>