<?xml version='1.0' encoding='UTF-8'?>
<!DOCTYPE coverage SYSTEM 'http://cobertura.sourceforge.net/xml/coverage-04.dtd'>
<coverage line-rate="1.0" branch-rate="0.0" lines-covered="4" lines-valid="4" branches-covered="0" branches-valid="0" complexity="0.0" timestamp="1643969565" version="gcovr 4.2"><sources><source>.</source></sources><packages><package name="02_Code.cdd_Ethernet_Rx_PDU" line-rate="1.0" branch-rate="0.0" complexity="0.0"><classes><class name="Cdd_Ethernet_Rx_PDU_c" filename="02_Code/cdd_Ethernet_Rx_PDU/Cdd_Ethernet_Rx_PDU.c" line-rate="1.0" branch-rate="0.0" complexity="0.0"><methods/><lines><line number="105" hits="1" branch="false"/><line number="116" hits="1" branch="false"/><line number="131" hits="1" branch="false"/><line number="134" hits="1" branch="false"/></lines></class></classes></package></packages></coverage>