<?xml version='1.0' encoding='UTF-8'?>
<!DOCTYPE coverage SYSTEM 'http://cobertura.sourceforge.net/xml/coverage-04.dtd'>
<coverage line-rate="1.0" branch-rate="1.0" lines-covered="10" lines-valid="10" branches-covered="2" branches-valid="2" complexity="0.0" timestamp="1643968558" version="gcovr 4.2"><sources><source>.</source></sources><packages><package name="02_Code" line-rate="1.0" branch-rate="1.0" complexity="0.0"><classes><class name="CtDiagnosticServices_DiagSessionControl_c" filename="02_Code/CtDiagnosticServices_DiagSessionControl.c" line-rate="1.0" branch-rate="1.0" complexity="0.0"><methods/><lines><line number="150" hits="2" branch="false"/><line number="158" hits="2" branch="false"/><line number="159" hits="2" branch="false"/><line number="161" hits="2" branch="false"/><line number="164" hits="2" branch="true" condition-coverage="100% (2/2)"><conditions><condition number="0" type="jump" coverage="100%"/></conditions></line><line number="167" hits="1" branch="false"/><line number="168" hits="1" branch="false"/><line number="173" hits="1" branch="false"/><line number="174" hits="1" branch="false"/><line number="177" hits="2" branch="false"/></lines></class></classes></package></packages></coverage>