<?xml version='1.0' encoding='UTF-8'?>
<!DOCTYPE coverage SYSTEM 'http://cobertura.sourceforge.net/xml/coverage-04.dtd'>
<coverage line-rate="0.9904076738609112" branch-rate="0.8190954773869347" lines-covered="413" lines-valid="417" branches-covered="163" branches-valid="199" complexity="0.0" timestamp="1643968656" version="gcovr 4.2"><sources><source>.</source></sources><packages><package name="02_Code" line-rate="0.9904076738609112" branch-rate="0.8190954773869347" complexity="0.0"><classes><class name="CtDiagnosticServices_IoControl_c" filename="02_Code/CtDiagnosticServices_IoControl.c" line-rate="0.9904076738609112" branch-rate="0.8190954773869347" complexity="0.0"><methods/><lines><line number="529" hits="1" branch="false"/><line number="536" hits="1" branch="false"/><line number="539" hits="1" branch="false"/><line number="544" hits="1" branch="false"/><line number="582" hits="59" branch="false"/><line number="590" hits="59" branch="false"/><line number="593" hits="59" branch="false"/><line number="596" hits="472" branch="true" condition-coverage="100% (2/2)"><conditions><condition number="0" type="jump" coverage="100%"/></conditions></line><line number="598" hits="413" branch="true" condition-coverage="75% (3/4)"><conditions><condition number="0" type="jump" coverage="75%"/></conditions></line><line number="600" hits="364" branch="false"/><line number="603" hits="364" branch="true" condition-coverage="100% (2/2)"><conditions><condition number="0" type="jump" coverage="100%"/></conditions></line><line number="605" hits="7" branch="true" condition-coverage="50% (1/2)"><conditions><condition number="0" type="jump" coverage="50%"/></conditions></line><line number="607" hits="7" branch="false"/><line number="608" hits="7" branch="true" condition-coverage="100% (2/2)"><conditions><condition number="0" type="jump" coverage="100%"/></conditions></line><line number="610" hits="6" branch="true" condition-coverage="100% (2/2)"><conditions><condition number="0" type="jump" coverage="100%"/></conditions></line><line number="612" hits="5" branch="false"/><line number="613" hits="5" branch="false"/><line number="617" hits="1" branch="false"/><line number="619" hits="6" branch="false"/><line number="624" hits="1" branch="false"/><line number="625" hits="1" branch="false"/><line number="628" hits="1" branch="false"/><line number="633" hits="7" branch="false"/><line number="639" hits="364" branch="false"/><line number="641" hits="7" branch="false"/><line number="643" hits="7" branch="true" condition-coverage="100% (2/2)"><conditions><condition number="0" type="jump" coverage="100%"/></conditions></line><line number="645" hits="5" branch="false"/><line number="646" hits="5" branch="true" condition-coverage="100% (2/2)"><conditions><condition number="0" type="jump" coverage="100%"/></conditions></line><line number="648" hits="1" branch="false"/><line number="649" hits="1" branch="false"/><line number="650" hits="1" branch="false"/><line number="653" hits="1" branch="false"/><line number="656" hits="2" branch="true" condition-coverage="100% (2/2)"><conditions><condition number="0" type="jump" coverage="100%"/></conditions></line><line number="658" hits="1" branch="false"/><line number="659" hits="1" branch="false"/><line number="661" hits="1" branch="true" condition-coverage="50% (1/2)"><conditions><condition number="0" type="jump" coverage="50%"/></conditions></line><line number="663" hits="1" branch="false"/><line number="664" hits="1" branch="false"/><line number="667" hits="7" branch="false"/><line number="668" hits="42" branch="false"/><line number="670" hits="42" branch="true" condition-coverage="100% (2/2)"><conditions><condition number="0" type="jump" coverage="100%"/></conditions></line><line number="672" hits="7" branch="true" condition-coverage="50% (1/2)"><conditions><condition number="0" type="jump" coverage="50%"/></conditions></line><line number="674" hits="7" branch="false"/><line number="675" hits="7" branch="true" condition-coverage="100% (2/2)"><conditions><condition number="0" type="jump" coverage="100%"/></conditions></line><line number="677" hits="6" branch="true" condition-coverage="100% (2/2)"><conditions><condition number="0" type="jump" coverage="100%"/></conditions></line><line number="679" hits="1" branch="false"/><line number="683" hits="5" branch="false"/><line number="684" hits="5" branch="false"/><line number="687" hits="6" branch="false"/><line number="691" hits="1" branch="false"/><line number="692" hits="1" branch="false"/><line number="695" hits="1" branch="false"/><line number="699" hits="7" branch="false"/><line number="703" hits="35" branch="true" condition-coverage="100% (2/2)"><conditions><condition number="0" type="jump" coverage="100%"/></conditions></line><line number="706" hits="5" branch="true" condition-coverage="75% (3/4)"><conditions><condition number="0" type="jump" coverage="75%"/></conditions></line><line number="708" hits="4" branch="false"/><line number="710" hits="1" branch="true" condition-coverage="50% (1/2)"><conditions><condition number="0" type="jump" coverage="50%"/></conditions></line><line number="712" hits="1" branch="true" condition-coverage="50% (1/2)"><conditions><condition number="0" type="jump" coverage="50%"/></conditions></line><line number="714" hits="1" branch="false"/><line number="717" hits="1" branch="false"/><line number="726" hits="42" branch="false"/><line number="727" hits="0" branch="false"/><line number="728" hits="0" branch="false"/><line number="733" hits="59" branch="true" condition-coverage="100% (2/2)"><conditions><condition number="0" type="jump" coverage="100%"/></conditions></line><line number="736" hits="8" branch="true" condition-coverage="100% (2/2)"><conditions><condition number="0" type="jump" coverage="100%"/></conditions></line><line number="738" hits="7" branch="false"/><line number="739" hits="7" branch="false"/><line number="740" hits="7" branch="false"/><line number="741" hits="7" branch="false"/><line number="742" hits="7" branch="false"/><line number="743" hits="7" branch="false"/><line number="744" hits="7" branch="false"/><line number="745" hits="7" branch="false"/><line number="746" hits="7" branch="false"/><line number="748" hits="1" branch="false"/><line number="751" hits="59" branch="true" condition-coverage="100% (4/4)"><conditions><condition number="0" type="jump" coverage="100%"/></conditions></line><line number="753" hits="24" branch="true" condition-coverage="100% (2/2)"><conditions><condition number="0" type="jump" coverage="100%"/></conditions></line><line number="760" hits="28" branch="true" condition-coverage="75% (3/4)"><conditions><condition number="0" type="jump" coverage="75%"/></conditions></line><line number="761" hits="14" branch="true" condition-coverage="50% (1/2)"><conditions><condition number="0" type="jump" coverage="50%"/></conditions></line><line number="762" hits="7" branch="false"/><line number="764" hits="14" branch="false"/><line number="765" hits="14" branch="false"/><line number="766" hits="14" branch="false"/><line number="767" hits="14" branch="false"/><line number="768" hits="14" branch="false"/><line number="769" hits="14" branch="false"/><line number="771" hits="14" branch="true" condition-coverage="50% (1/2)"><conditions><condition number="0" type="jump" coverage="50%"/></conditions></line><line number="773" hits="14" branch="false"/><line number="775" hits="14" branch="true" condition-coverage="100% (2/2)"><conditions><condition number="0" type="jump" coverage="100%"/></conditions></line><line number="777" hits="2" branch="false"/><line number="778" hits="2" branch="false"/><line number="779" hits="2" branch="false"/><line number="783" hits="12" branch="true" condition-coverage="100% (2/2)"><conditions><condition number="0" type="jump" coverage="100%"/></conditions></line><line number="785" hits="11" branch="false"/><line number="786" hits="11" branch="false"/><line number="787" hits="11" branch="false"/><line number="791" hits="1" branch="false"/><line number="792" hits="1" branch="false"/><line number="795" hits="1" branch="false"/><line number="802" hits="3" branch="false"/><line number="806" hits="59" branch="true" condition-coverage="100% (2/2)"><conditions><condition number="0" type="jump" coverage="100%"/></conditions></line><line number="809" hits="58" branch="true" condition-coverage="100% (2/2)"><conditions><condition number="0" type="jump" coverage="100%"/></conditions></line><line number="811" hits="57" branch="false"/><line number="816" hits="1" branch="false"/><line number="819" hits="8" branch="true" condition-coverage="100% (2/2)"><conditions><condition number="0" type="jump" coverage="100%"/></conditions></line><line number="821" hits="7" branch="true" condition-coverage="50% (1/2)"><conditions><condition number="0" type="jump" coverage="50%"/></conditions></line><line number="823" hits="7" branch="false"/><line number="824" hits="7" branch="false"/><line number="825" hits="7" branch="false"/><line number="826" hits="7" branch="false"/><line number="827" hits="7" branch="false"/><line number="828" hits="7" branch="false"/><line number="829" hits="7" branch="false"/><line number="830" hits="7" branch="false"/><line number="831" hits="7" branch="false"/><line number="838" hits="59" branch="false"/><line number="843" hits="59" branch="false"/><line number="865" hits="9" branch="false"/><line number="873" hits="72" branch="true" condition-coverage="100% (2/2)"><conditions><condition number="0" type="jump" coverage="100%"/></conditions></line><line number="875" hits="63" branch="false"/><line number="876" hits="63" branch="false"/><line number="877" hits="63" branch="false"/><line number="878" hits="63" branch="false"/><line number="879" hits="63" branch="false"/><line number="880" hits="63" branch="false"/><line number="881" hits="63" branch="false"/><line number="882" hits="63" branch="false"/><line number="883" hits="63" branch="false"/><line number="884" hits="63" branch="true" condition-coverage="100% (2/2)"><conditions><condition number="0" type="jump" coverage="100%"/></conditions></line><line number="886" hits="9" branch="false"/><line number="890" hits="54" branch="false"/><line number="892" hits="63" branch="false"/><line number="893" hits="63" branch="false"/><line number="895" hits="63" branch="false"/><line number="898" hits="9" branch="false"/><line number="901" hits="9" branch="false"/><line number="906" hits="9" branch="false"/><line number="935" hits="1" branch="false"/><line number="941" hits="1" branch="false"/><line number="946" hits="1" branch="false"/><line number="976" hits="1" branch="false"/><line number="983" hits="1" branch="false"/><line number="988" hits="1" branch="false"/><line number="1038" hits="1" branch="false"/><line number="1046" hits="1" branch="false"/><line number="1094" hits="1" branch="false"/><line number="1105" hits="1" branch="false"/><line number="1106" hits="1" branch="false"/><line number="1107" hits="1" branch="false"/><line number="1108" hits="1" branch="false"/><line number="1110" hits="1" branch="true" condition-coverage="50% (1/2)"><conditions><condition number="0" type="jump" coverage="50%"/></conditions></line><line number="1112" hits="1" branch="false"/><line number="1160" hits="2" branch="false"/><line number="1168" hits="2" branch="false"/><line number="1170" hits="2" branch="true" condition-coverage="100% (2/2)"><conditions><condition number="0" type="jump" coverage="100%"/></conditions></line><line number="1172" hits="1" branch="false"/><line number="1173" hits="1" branch="false"/><line number="1177" hits="1" branch="false"/><line number="1178" hits="1" branch="false"/><line number="1182" hits="2" branch="false"/><line number="1184" hits="2" branch="false"/><line number="1239" hits="5" branch="false"/><line number="1249" hits="5" branch="true" condition-coverage="100% (2/2)"><conditions><condition number="0" type="jump" coverage="100%"/></conditions></line><line number="1252" hits="4" branch="true" condition-coverage="75% (3/4)"><conditions><condition number="0" type="jump" coverage="75%"/></conditions></line><line number="1254" hits="1" branch="false"/><line number="1255" hits="1" branch="false"/><line number="1257" hits="3" branch="true" condition-coverage="100% (2/2)"><conditions><condition number="0" type="jump" coverage="100%"/></conditions></line><line number="1259" hits="1" branch="false"/><line number="1263" hits="2" branch="false"/><line number="1264" hits="2" branch="false"/><line number="1265" hits="2" branch="false"/><line number="1266" hits="2" branch="false"/><line number="1267" hits="2" branch="false"/><line number="1269" hits="2" branch="false"/><line number="1275" hits="1" branch="false"/><line number="1276" hits="1" branch="false"/><line number="1280" hits="5" branch="false"/><line number="1282" hits="5" branch="false"/><line number="1330" hits="1" branch="false"/><line number="1338" hits="1" branch="false"/><line number="1386" hits="2" branch="false"/><line number="1398" hits="2" branch="false"/><line number="1399" hits="2" branch="false"/><line number="1400" hits="2" branch="false"/><line number="1401" hits="2" branch="false"/><line number="1403" hits="2" branch="true" condition-coverage="50% (1/2)"><conditions><condition number="0" type="jump" coverage="50%"/></conditions></line><line number="1405" hits="2" branch="false"/><line number="1453" hits="1" branch="false"/><line number="1461" hits="1" branch="false"/><line number="1509" hits="1" branch="false"/><line number="1521" hits="1" branch="false"/><line number="1522" hits="1" branch="false"/><line number="1523" hits="1" branch="false"/><line number="1524" hits="1" branch="false"/><line number="1526" hits="1" branch="true" condition-coverage="50% (1/2)"><conditions><condition number="0" type="jump" coverage="50%"/></conditions></line><line number="1528" hits="1" branch="false"/><line number="1576" hits="2" branch="false"/><line number="1584" hits="2" branch="false"/><line number="1632" hits="2" branch="false"/><line number="1644" hits="2" branch="false"/><line number="1645" hits="2" branch="false"/><line number="1646" hits="2" branch="false"/><line number="1647" hits="2" branch="false"/><line number="1649" hits="2" branch="true" condition-coverage="50% (1/2)"><conditions><condition number="0" type="jump" coverage="50%"/></conditions></line><line number="1651" hits="2" branch="false"/><line number="1699" hits="1" branch="false"/><line number="1707" hits="1" branch="false"/><line number="1755" hits="1" branch="false"/><line number="1767" hits="1" branch="false"/><line number="1768" hits="1" branch="false"/><line number="1769" hits="1" branch="false"/><line number="1770" hits="1" branch="false"/><line number="1772" hits="1" branch="true" condition-coverage="50% (1/2)"><conditions><condition number="0" type="jump" coverage="50%"/></conditions></line><line number="1774" hits="1" branch="false"/><line number="1822" hits="1" branch="false"/><line number="1830" hits="1" branch="false"/><line number="1878" hits="1" branch="false"/><line number="1890" hits="1" branch="false"/><line number="1891" hits="1" branch="false"/><line number="1892" hits="1" branch="false"/><line number="1893" hits="1" branch="false"/><line number="1895" hits="1" branch="true" condition-coverage="50% (1/2)"><conditions><condition number="0" type="jump" coverage="50%"/></conditions></line><line number="1897" hits="1" branch="false"/><line number="1938" hits="1" branch="false"/><line number="1945" hits="1" branch="false"/><line number="1993" hits="1" branch="false"/><line number="2001" hits="1" branch="false"/><line number="2002" hits="1" branch="false"/><line number="2042" hits="9" branch="false"/><line number="2051" hits="9" branch="false"/><line number="2055" hits="18" branch="true" condition-coverage="75% (3/4)"><conditions><condition number="0" type="jump" coverage="75%"/></conditions></line><line number="2057" hits="9" branch="true" condition-coverage="50% (1/2)"><conditions><condition number="0" type="jump" coverage="50%"/></conditions></line><line number="2059" hits="9" branch="false"/><line number="2060" hits="9" branch="false"/><line number="2064" hits="9" branch="true" condition-coverage="50% (1/2)"><conditions><condition number="0" type="jump" coverage="50%"/></conditions></line><line number="2066" hits="9" branch="true" condition-coverage="100% (2/2)"><conditions><condition number="0" type="jump" coverage="100%"/></conditions></line><line number="2068" hits="3" branch="true" condition-coverage="100% (2/2)"><conditions><condition number="0" type="jump" coverage="100%"/></conditions></line><line number="2070" hits="1" branch="false"/><line number="2071" hits="1" branch="false"/><line number="2073" hits="2" branch="true" condition-coverage="100% (2/2)"><conditions><condition number="0" type="jump" coverage="100%"/></conditions></line><line number="2075" hits="1" branch="false"/><line number="2076" hits="1" branch="false"/><line number="2078" hits="1" branch="true" condition-coverage="50% (1/2)"><conditions><condition number="0" type="jump" coverage="50%"/></conditions></line><line number="2080" hits="1" branch="false"/><line number="2081" hits="1" branch="false"/><line number="2085" hits="6" branch="true" condition-coverage="100% (2/2)"><conditions><condition number="0" type="jump" coverage="100%"/></conditions></line><line number="2087" hits="3" branch="true" condition-coverage="50% (1/2)"><conditions><condition number="0" type="jump" coverage="50%"/></conditions></line><line number="2090" hits="3" branch="true" condition-coverage="100% (2/2)"><conditions><condition number="0" type="jump" coverage="100%"/></conditions></line><line number="2092" hits="1" branch="false"/><line number="2093" hits="1" branch="false"/><line number="2095" hits="2" branch="true" condition-coverage="100% (2/2)"><conditions><condition number="0" type="jump" coverage="100%"/></conditions></line><line number="2097" hits="1" branch="false"/><line number="2098" hits="1" branch="false"/><line number="2100" hits="1" branch="true" condition-coverage="50% (1/2)"><conditions><condition number="0" type="jump" coverage="50%"/></conditions></line><line number="2102" hits="1" branch="false"/><line number="2103" hits="1" branch="false"/><line number="2109" hits="3" branch="true" condition-coverage="50% (1/2)"><conditions><condition number="0" type="jump" coverage="50%"/></conditions></line><line number="2111" hits="3" branch="true" condition-coverage="50% (1/2)"><conditions><condition number="0" type="jump" coverage="50%"/></conditions></line><line number="2114" hits="3" branch="true" condition-coverage="100% (2/2)"><conditions><condition number="0" type="jump" coverage="100%"/></conditions></line><line number="2116" hits="1" branch="false"/><line number="2117" hits="1" branch="false"/><line number="2119" hits="2" branch="true" condition-coverage="100% (2/2)"><conditions><condition number="0" type="jump" coverage="100%"/></conditions></line><line number="2121" hits="1" branch="false"/><line number="2122" hits="1" branch="false"/><line number="2124" hits="1" branch="true" condition-coverage="50% (1/2)"><conditions><condition number="0" type="jump" coverage="50%"/></conditions></line><line number="2126" hits="1" branch="false"/><line number="2127" hits="1" branch="false"/><line number="2138" hits="9" branch="false"/><line number="2140" hits="9" branch="false"/><line number="2159" hits="1" branch="false"/><line number="2161" hits="1" branch="false"/><line number="2163" hits="4" branch="false"/><line number="2165" hits="4" branch="false"/><line number="2169" hits="1" branch="false"/><line number="2171" hits="1" branch="false"/><line number="2173" hits="1" branch="false"/><line number="2174" hits="1" branch="false"/><line number="2177" hits="3" branch="false"/><line number="2180" hits="3" branch="false"/><line number="2183" hits="1" branch="false"/><line number="2185" hits="1" branch="false"/><line number="2187" hits="1" branch="false"/><line number="2188" hits="1" branch="false"/><line number="2191" hits="3" branch="false"/><line number="2194" hits="3" branch="false"/><line number="2197" hits="1" branch="false"/><line number="2199" hits="1" branch="false"/><line number="2201" hits="1" branch="false"/><line number="2202" hits="1" branch="false"/><line number="2205" hits="3" branch="false"/><line number="2208" hits="3" branch="false"/><line number="2211" hits="1" branch="false"/><line number="2213" hits="1" branch="false"/><line number="2215" hits="1" branch="false"/><line number="2216" hits="1" branch="false"/><line number="2219" hits="3" branch="false"/><line number="2222" hits="3" branch="false"/><line number="2225" hits="1" branch="false"/><line number="2227" hits="1" branch="false"/><line number="2229" hits="1" branch="false"/><line number="2230" hits="1" branch="false"/><line number="2233" hits="3" branch="false"/><line number="2236" hits="3" branch="false"/><line number="2239" hits="1" branch="false"/><line number="2241" hits="1" branch="false"/><line number="2243" hits="1" branch="false"/><line number="2244" hits="1" branch="false"/><line number="2247" hits="3" branch="false"/><line number="2250" hits="3" branch="false"/><line number="2253" hits="7" branch="false"/><line number="2255" hits="7" branch="false"/><line number="2257" hits="7" branch="true" condition-coverage="100% (4/4)"><conditions><condition number="0" type="jump" coverage="100%"/></conditions></line><line number="2259" hits="1" branch="false"/><line number="2260" hits="1" branch="false"/><line number="2262" hits="6" branch="true" condition-coverage="75% (3/4)"><conditions><condition number="0" type="jump" coverage="75%"/></conditions></line><line number="2264" hits="1" branch="false"/><line number="2265" hits="1" branch="false"/><line number="2267" hits="10" branch="true" condition-coverage="75% (3/4)"><conditions><condition number="0" type="jump" coverage="75%"/></conditions></line><line number="2268" hits="7" branch="true" condition-coverage="100% (2/2)"><conditions><condition number="0" type="jump" coverage="100%"/></conditions></line><line number="2271" hits="1" branch="false"/><line number="2272" hits="1" branch="false"/><line number="2274" hits="7" branch="true" condition-coverage="75% (3/4)"><conditions><condition number="0" type="jump" coverage="75%"/></conditions></line><line number="2275" hits="3" branch="false"/><line number="2277" hits="1" branch="false"/><line number="2278" hits="1" branch="false"/><line number="2280" hits="3" branch="true" condition-coverage="100% (2/2)"><conditions><condition number="0" type="jump" coverage="100%"/></conditions></line><line number="2282" hits="1" branch="false"/><line number="2283" hits="1" branch="false"/><line number="2285" hits="1" branch="false"/><line number="2287" hits="2" branch="true" condition-coverage="100% (2/2)"><conditions><condition number="0" type="jump" coverage="100%"/></conditions></line><line number="2289" hits="1" branch="false"/><line number="2290" hits="1" branch="true" condition-coverage="50% (1/2)"><conditions><condition number="0" type="jump" coverage="50%"/></conditions></line><line number="2292" hits="1" branch="false"/><line number="2298" hits="1" branch="false"/><line number="2300" hits="1" branch="false"/><line number="2301" hits="1" branch="false"/><line number="2305" hits="7" branch="false"/><line number="2307" hits="7" branch="false"/><line number="2310" hits="8" branch="false"/><line number="2312" hits="8" branch="false"/><line number="2313" hits="8" branch="false"/><line number="2316" hits="8" branch="true" condition-coverage="100% (2/2)"><conditions><condition number="0" type="jump" coverage="100%"/></conditions></line><line number="2318" hits="1" branch="false"/><line number="2319" hits="1" branch="false"/><line number="2321" hits="7" branch="true" condition-coverage="100% (2/2)"><conditions><condition number="0" type="jump" coverage="100%"/></conditions></line><line number="2323" hits="1" branch="false"/><line number="2324" hits="1" branch="false"/><line number="2326" hits="12" branch="true" condition-coverage="75% (3/4)"><conditions><condition number="0" type="jump" coverage="75%"/></conditions></line><line number="2327" hits="8" branch="true" condition-coverage="100% (2/2)"><conditions><condition number="0" type="jump" coverage="100%"/></conditions></line><line number="2330" hits="1" branch="false"/><line number="2331" hits="1" branch="false"/><line number="2333" hits="9" branch="true" condition-coverage="75% (3/4)"><conditions><condition number="0" type="jump" coverage="75%"/></conditions></line><line number="2334" hits="4" branch="false"/><line number="2336" hits="1" branch="false"/><line number="2337" hits="1" branch="false"/><line number="2339" hits="4" branch="true" condition-coverage="100% (2/2)"><conditions><condition number="0" type="jump" coverage="100%"/></conditions></line><line number="2341" hits="1" branch="false"/><line number="2342" hits="1" branch="false"/><line number="2344" hits="1" branch="false"/><line number="2346" hits="3" branch="true" condition-coverage="100% (2/2)"><conditions><condition number="0" type="jump" coverage="100%"/></conditions></line><line number="2348" hits="1" branch="false"/><line number="2349" hits="1" branch="true" condition-coverage="50% (1/2)"><conditions><condition number="0" type="jump" coverage="50%"/></conditions></line><line number="2351" hits="1" branch="false"/><line number="2357" hits="2" branch="false"/><line number="2358" hits="2" branch="true" condition-coverage="100% (2/2)"><conditions><condition number="0" type="jump" coverage="100%"/></conditions></line><line number="2360" hits="1" branch="true" condition-coverage="50% (1/2)"><conditions><condition number="0" type="jump" coverage="50%"/></conditions></line><line number="2362" hits="0" branch="false"/><line number="2363" hits="0" branch="false"/><line number="2370" hits="1" branch="false"/><line number="2371" hits="1" branch="false"/><line number="2372" hits="1" branch="false"/><line number="2373" hits="1" branch="false"/><line number="2375" hits="1" branch="false"/><line number="2376" hits="1" branch="false"/><line number="2381" hits="8" branch="false"/><line number="2383" hits="8" branch="false"/><line number="2386" hits="5" branch="false"/><line number="2388" hits="5" branch="false"/><line number="2391" hits="5" branch="true" condition-coverage="75% (3/4)"><conditions><condition number="0" type="jump" coverage="75%"/></conditions></line><line number="2393" hits="1" branch="false"/><line number="2394" hits="1" branch="false"/><line number="2396" hits="4" branch="true" condition-coverage="100% (2/2)"><conditions><condition number="0" type="jump" coverage="100%"/></conditions></line><line number="2398" hits="2" branch="false"/><line number="2402" hits="2" branch="false"/><line number="2403" hits="2" branch="false"/><line number="2404" hits="2" branch="false"/><line number="2407" hits="5" branch="false"/><line number="2415" hits="94" branch="false"/><line number="2419" hits="94" branch="false"/><line number="2420" hits="94" branch="false"/><line number="2423" hits="752" branch="true" condition-coverage="100% (2/2)"><conditions><condition number="0" type="jump" coverage="100%"/></conditions></line><line number="2425" hits="658" branch="true" condition-coverage="100% (3/3)"><conditions><condition number="0" type="jump" coverage="100%"/></conditions></line><line number="2427" hits="68" branch="false"/><line number="2429" hits="68" branch="true" condition-coverage="100% (2/2)"><conditions><condition number="0" type="jump" coverage="100%"/></conditions></line><line number="2431" hits="41" branch="false"/><line number="2433" hits="68" branch="false"/><line number="2434" hits="366" branch="false"/><line number="2435" hits="366" branch="false"/><line number="2436" hits="366" branch="false"/><line number="2437" hits="224" branch="false"/><line number="2442" hits="224" branch="true" condition-coverage="100% (2/2)"><conditions><condition number="0" type="jump" coverage="100%"/></conditions></line><line number="2444" hits="36" branch="false"/><line number="2446" hits="224" branch="false"/><line number="2451" hits="94" branch="true" condition-coverage="100% (2/2)"><conditions><condition number="0" type="jump" coverage="100%"/></conditions></line><line number="2454" hits="27" branch="false"/><line number="2456" hits="67" branch="true" condition-coverage="100% (2/2)"><conditions><condition number="0" type="jump" coverage="100%"/></conditions></line><line number="2459" hits="56" branch="false"/><line number="2464" hits="11" branch="false"/><line number="2466" hits="94" branch="false"/><line number="2469" hits="5" branch="false"/><line number="2472" hits="5" branch="false"/><line number="2473" hits="5" branch="false"/><line number="2474" hits="5" branch="false"/><line number="2476" hits="1" branch="false"/><line number="2479" hits="1" branch="false"/><line number="2480" hits="1" branch="false"/><line number="2481" hits="1" branch="false"/></lines></class></classes></package></packages></coverage>