<?xml version='1.0' encoding='UTF-8'?>
<!DOCTYPE coverage SYSTEM 'http://cobertura.sourceforge.net/xml/coverage-04.dtd'>
<coverage line-rate="0.9947368421052631" branch-rate="0.8260869565217391" lines-covered="189" lines-valid="190" branches-covered="76" branches-valid="92" complexity="0.0" timestamp="1643968426" version="gcovr 4.2"><sources><source>.</source></sources><packages><package name="02_Code" line-rate="0.9947368421052631" branch-rate="0.8260869565217391" complexity="0.0"><classes><class name="CtCarSensorSwc_c" filename="02_Code/CtCarSensorSwc.c" line-rate="0.9947368421052631" branch-rate="0.8260869565217391" complexity="0.0"><methods/><lines><line number="117" hits="69904" branch="false"/><line number="123" hits="69904" branch="true" condition-coverage="100% (2/2)"><conditions><condition number="0" type="jump" coverage="100%"/></conditions></line><line number="125" hits="4368" branch="false"/><line number="126" hits="4368" branch="false"/><line number="128" hits="69904" branch="false"/><line number="130" hits="69904" branch="false"/><line number="132" hits="69904" branch="false"/><line number="232" hits="1" branch="false"/><line number="238" hits="1" branch="false"/><line number="239" hits="1" branch="false"/><line number="240" hits="1" branch="false"/><line number="241" hits="1" branch="false"/><line number="242" hits="1" branch="false"/><line number="243" hits="1" branch="false"/><line number="245" hits="1" branch="false"/><line number="246" hits="1" branch="false"/><line number="247" hits="1" branch="false"/><line number="248" hits="1" branch="false"/><line number="249" hits="1" branch="false"/><line number="250" hits="1" branch="false"/><line number="252" hits="1" branch="false"/><line number="253" hits="1" branch="false"/><line number="260" hits="1" branch="false"/><line number="265" hits="1" branch="false"/><line number="323" hits="4" branch="false"/><line number="332" hits="4" branch="true" condition-coverage="100% (2/2)"><conditions><condition number="0" type="jump" coverage="100%"/></conditions></line><line number="339" hits="3" branch="false"/><line number="340" hits="3" branch="false"/><line number="341" hits="3" branch="false"/><line number="347" hits="3" branch="false"/><line number="348" hits="3" branch="false"/><line number="355" hits="3" branch="false"/><line number="356" hits="3" branch="false"/><line number="362" hits="3" branch="false"/><line number="365" hits="3" branch="false"/><line number="367" hits="3" branch="false"/><line number="369" hits="3" branch="false"/><line number="371" hits="3" branch="false"/><line number="374" hits="5" branch="true" condition-coverage="100% (4/4)"><conditions><condition number="0" type="jump" coverage="100%"/></conditions></line><line number="375" hits="2" branch="false"/><line number="377" hits="1" branch="false"/><line number="379" hits="6" branch="true" condition-coverage="75% (3/4)"><conditions><condition number="0" type="jump" coverage="75%"/></conditions></line><line number="380" hits="3" branch="false"/><line number="382" hits="1" branch="false"/><line number="384" hits="6" branch="true" condition-coverage="75% (3/4)"><conditions><condition number="0" type="jump" coverage="75%"/></conditions></line><line number="385" hits="3" branch="false"/><line number="387" hits="1" branch="false"/><line number="389" hits="6" branch="true" condition-coverage="75% (3/4)"><conditions><condition number="0" type="jump" coverage="75%"/></conditions></line><line number="390" hits="3" branch="false"/><line number="392" hits="1" branch="false"/><line number="396" hits="3" branch="true" condition-coverage="100% (2/2)"><conditions><condition number="0" type="jump" coverage="100%"/></conditions></line><line number="398" hits="1" branch="false"/><line number="400" hits="3" branch="true" condition-coverage="100% (2/2)"><conditions><condition number="0" type="jump" coverage="100%"/></conditions></line><line number="402" hits="1" branch="false"/><line number="404" hits="3" branch="true" condition-coverage="100% (2/2)"><conditions><condition number="0" type="jump" coverage="100%"/></conditions></line><line number="406" hits="1" branch="false"/><line number="408" hits="3" branch="true" condition-coverage="100% (2/2)"><conditions><condition number="0" type="jump" coverage="100%"/></conditions></line><line number="410" hits="1" branch="false"/><line number="413" hits="3" branch="false"/><line number="418" hits="3" branch="false"/><line number="419" hits="3" branch="false"/><line number="420" hits="3" branch="false"/><line number="423" hits="3" branch="false"/><line number="433" hits="4" branch="false"/><line number="491" hits="3" branch="false"/><line number="503" hits="3" branch="true" condition-coverage="100% (2/2)"><conditions><condition number="0" type="jump" coverage="100%"/></conditions></line><line number="506" hits="2" branch="false"/><line number="507" hits="2" branch="false"/><line number="508" hits="2" branch="false"/><line number="514" hits="2" branch="false"/><line number="515" hits="2" branch="false"/><line number="522" hits="2" branch="false"/><line number="523" hits="2" branch="false"/><line number="528" hits="2" branch="false"/><line number="531" hits="2" branch="true" condition-coverage="100% (2/2)"><conditions><condition number="0" type="jump" coverage="100%"/></conditions></line><line number="533" hits="1" branch="false"/><line number="536" hits="1" branch="true" condition-coverage="50% (1/2)"><conditions><condition number="0" type="jump" coverage="50%"/></conditions></line><line number="538" hits="1" branch="false"/><line number="543" hits="2" branch="false"/><line number="548" hits="2" branch="false"/><line number="551" hits="2" branch="true" condition-coverage="100% (2/2)"><conditions><condition number="0" type="jump" coverage="100%"/></conditions></line><line number="553" hits="1" branch="false"/><line number="556" hits="1" branch="true" condition-coverage="50% (1/2)"><conditions><condition number="0" type="jump" coverage="50%"/></conditions></line><line number="558" hits="1" branch="false"/><line number="563" hits="2" branch="false"/><line number="568" hits="2" branch="false"/><line number="571" hits="2" branch="true" condition-coverage="100% (2/2)"><conditions><condition number="0" type="jump" coverage="100%"/></conditions></line><line number="574" hits="1" branch="false"/><line number="576" hits="1" branch="true" condition-coverage="50% (1/2)"><conditions><condition number="0" type="jump" coverage="50%"/></conditions></line><line number="578" hits="1" branch="false"/><line number="583" hits="2" branch="false"/><line number="589" hits="2" branch="false"/><line number="593" hits="2" branch="true" condition-coverage="100% (2/2)"><conditions><condition number="0" type="jump" coverage="100%"/></conditions></line><line number="595" hits="1" branch="false"/><line number="598" hits="1" branch="true" condition-coverage="50% (1/2)"><conditions><condition number="0" type="jump" coverage="50%"/></conditions></line><line number="600" hits="0" branch="false"/><line number="606" hits="2" branch="false"/><line number="619" hits="3" branch="false"/><line number="656" hits="1" branch="false"/><line number="663" hits="1" branch="false"/><line number="668" hits="1" branch="false"/><line number="700" hits="1" branch="false"/><line number="707" hits="1" branch="false"/><line number="712" hits="1" branch="false"/><line number="731" hits="1" branch="false"/><line number="743" hits="1" branch="false"/><line number="748" hits="1" branch="false"/><line number="767" hits="5" branch="false"/><line number="774" hits="5" branch="false"/><line number="779" hits="5" branch="false"/><line number="798" hits="5" branch="false"/><line number="805" hits="5" branch="false"/><line number="810" hits="5" branch="false"/><line number="851" hits="3" branch="false"/><line number="867" hits="3" branch="false"/><line number="868" hits="3" branch="true" condition-coverage="50% (1/2)"><conditions><condition number="0" type="jump" coverage="50%"/></conditions></line><line number="870" hits="3" branch="true" condition-coverage="100% (2/2)"><conditions><condition number="0" type="jump" coverage="100%"/></conditions></line><line number="872" hits="2" branch="false"/><line number="879" hits="2" branch="false"/><line number="880" hits="2" branch="true" condition-coverage="50% (1/2)"><conditions><condition number="0" type="jump" coverage="50%"/></conditions></line><line number="882" hits="2" branch="false"/><line number="883" hits="2" branch="false"/><line number="885" hits="2" branch="true" condition-coverage="50% (1/2)"><conditions><condition number="0" type="jump" coverage="50%"/></conditions></line><line number="887" hits="2" branch="false"/><line number="889" hits="2" branch="true" condition-coverage="50% (1/2)"><conditions><condition number="0" type="jump" coverage="50%"/></conditions></line><line number="891" hits="2" branch="false"/><line number="893" hits="2" branch="true" condition-coverage="50% (1/2)"><conditions><condition number="0" type="jump" coverage="50%"/></conditions></line><line number="908" hits="2" branch="true" condition-coverage="50% (1/2)"><conditions><condition number="0" type="jump" coverage="50%"/></conditions></line><line number="910" hits="2" branch="true" condition-coverage="100% (2/2)"><conditions><condition number="0" type="jump" coverage="100%"/></conditions></line><line number="912" hits="1" branch="false"/><line number="914" hits="1" branch="true" condition-coverage="50% (1/2)"><conditions><condition number="0" type="jump" coverage="50%"/></conditions></line><line number="920" hits="1" branch="false"/><line number="929" hits="1" branch="false"/><line number="931" hits="1" branch="false"/><line number="936" hits="1" branch="false"/><line number="953" hits="2" branch="false"/><line number="955" hits="1" branch="false"/><line number="959" hits="1" branch="false"/><line number="963" hits="3" branch="false"/><line number="995" hits="8" branch="false"/><line number="999" hits="8" branch="false"/><line number="1002" hits="8" branch="true" condition-coverage="100% (2/2)"><conditions><condition number="0" type="jump" coverage="100%"/></conditions></line><line number="1005" hits="7" branch="false"/><line number="1007" hits="7" branch="false"/><line number="1010" hits="7" branch="true" condition-coverage="100% (2/2)"><conditions><condition number="0" type="jump" coverage="100%"/></conditions></line><line number="1013" hits="1" branch="false"/><line number="1016" hits="1" branch="false"/><line number="1017" hits="1" branch="false"/><line number="1020" hits="7" branch="true" condition-coverage="100% (2/2)"><conditions><condition number="0" type="jump" coverage="100%"/></conditions></line><line number="1022" hits="2" branch="false"/><line number="1024" hits="7" branch="true" condition-coverage="100% (2/2)"><conditions><condition number="0" type="jump" coverage="100%"/></conditions></line><line number="1026" hits="5" branch="false"/><line number="1030" hits="12" branch="true" condition-coverage="66% (4/6)"><conditions><condition number="0" type="jump" coverage="66%"/></conditions></line><line number="1031" hits="5" branch="false"/><line number="1033" hits="5" branch="false"/><line number="1035" hits="5" branch="false"/><line number="1036" hits="5" branch="false"/><line number="1037" hits="5" branch="false"/><line number="1038" hits="5" branch="false"/><line number="1039" hits="5" branch="false"/><line number="1041" hits="5" branch="false"/><line number="1042" hits="5" branch="false"/><line number="1043" hits="5" branch="false"/><line number="1044" hits="5" branch="false"/><line number="1047" hits="7" branch="false"/><line number="1049" hits="7" branch="false"/><line number="1051" hits="7" branch="true" condition-coverage="100% (2/2)"><conditions><condition number="0" type="jump" coverage="100%"/></conditions></line><line number="1056" hits="5" branch="true" condition-coverage="100% (2/2)"><conditions><condition number="0" type="jump" coverage="100%"/></conditions></line><line number="1058" hits="1" branch="false"/><line number="1060" hits="4" branch="true" condition-coverage="100% (2/2)"><conditions><condition number="0" type="jump" coverage="100%"/></conditions></line><line number="1062" hits="1" branch="false"/><line number="1064" hits="3" branch="true" condition-coverage="100% (2/2)"><conditions><condition number="0" type="jump" coverage="100%"/></conditions></line><line number="1066" hits="1" branch="false"/><line number="1070" hits="2" branch="false"/><line number="1073" hits="5" branch="true" condition-coverage="100% (2/2)"><conditions><condition number="0" type="jump" coverage="100%"/></conditions></line><line number="1075" hits="1" branch="false"/><line number="1077" hits="4" branch="true" condition-coverage="100% (2/2)"><conditions><condition number="0" type="jump" coverage="100%"/></conditions></line><line number="1079" hits="1" branch="false"/><line number="1081" hits="3" branch="true" condition-coverage="100% (2/2)"><conditions><condition number="0" type="jump" coverage="100%"/></conditions></line><line number="1083" hits="1" branch="false"/><line number="1087" hits="2" branch="false"/><line number="1091" hits="5" branch="false"/><line number="1092" hits="5" branch="false"/><line number="1093" hits="5" branch="false"/><line number="1094" hits="5" branch="false"/><line number="1095" hits="5" branch="false"/><line number="1096" hits="5" branch="false"/><line number="1097" hits="5" branch="false"/><line number="1098" hits="5" branch="false"/><line number="1101" hits="8" branch="false"/></lines></class></classes></package></packages></coverage>