<?xml version='1.0' encoding='UTF-8'?>
<!DOCTYPE coverage SYSTEM 'http://cobertura.sourceforge.net/xml/coverage-04.dtd'>
<coverage line-rate="0.9166666666666666" branch-rate="0.8181818181818182" lines-covered="88" lines-valid="96" branches-covered="36" branches-valid="44" complexity="0.0" timestamp="1643969795" version="gcovr 4.2"><sources><source>.</source></sources><packages><package name="02_Code.cdd_Timer" line-rate="0.9166666666666666" branch-rate="0.8181818181818182" complexity="0.0"><classes><class name="Cdd_Timer_App_c" filename="02_Code/cdd_Timer/Cdd_Timer_App.c" line-rate="1.0" branch-rate="0.0" complexity="0.0"><methods/><lines><line number="22" hits="3" branch="false"/><line number="24" hits="3" branch="false"/><line number="25" hits="3" branch="false"/></lines></class><class name="Cdd_Timer_c" filename="02_Code/cdd_Timer/Cdd_Timer.c" line-rate="0.9139784946236559" branch-rate="0.8181818181818182" complexity="0.0"><methods/><lines><line number="58" hits="6" branch="false"/><line number="60" hits="6" branch="false"/><line number="64" hits="1" branch="false"/><line number="66" hits="1" branch="false"/><line number="147" hits="28" branch="false"/><line number="155" hits="28" branch="false"/><line number="156" hits="28" branch="false"/><line number="157" hits="28" branch="false"/><line number="158" hits="28" branch="false"/><line number="160" hits="28" branch="true" condition-coverage="100% (2/2)"><conditions><condition number="0" type="jump" coverage="100%"/></conditions></line><line number="162" hits="1" branch="false"/><line number="163" hits="1" branch="false"/><line number="164" hits="1" branch="false"/><line number="168" hits="27" branch="false"/><line number="169" hits="27" branch="false"/><line number="170" hits="27" branch="false"/><line number="173" hits="28" branch="false"/><line number="181" hits="2" branch="false"/><line number="183" hits="2" branch="false"/><line number="185" hits="2" branch="true" condition-coverage="100% (2/2)"><conditions><condition number="0" type="jump" coverage="100%"/></conditions></line><line number="187" hits="1" branch="false"/><line number="189" hits="1" branch="false"/><line number="190" hits="1" branch="false"/><line number="193" hits="1" branch="false"/><line number="197" hits="2" branch="false"/><line number="199" hits="2" branch="false"/><line number="200" hits="2" branch="false"/><line number="207" hits="9" branch="false"/><line number="209" hits="9" branch="true" condition-coverage="100% (2/2)"><conditions><condition number="0" type="jump" coverage="100%"/></conditions></line><line number="211" hits="1" branch="false"/><line number="212" hits="1" branch="false"/><line number="215" hits="9" branch="true" condition-coverage="100% (2/2)"><conditions><condition number="0" type="jump" coverage="100%"/></conditions></line><line number="217" hits="6" branch="false"/><line number="218" hits="6" branch="false"/><line number="224" hits="9" branch="false"/><line number="233" hits="6" branch="false"/><line number="235" hits="6" branch="false"/><line number="236" hits="6" branch="false"/><line number="237" hits="6" branch="false"/><line number="241" hits="24" branch="true" condition-coverage="100% (2/2)"><conditions><condition number="0" type="jump" coverage="100%"/></conditions></line><line number="243" hits="18" branch="true" condition-coverage="100% (4/4)"><conditions><condition number="0" type="jump" coverage="100%"/></conditions></line><line number="245" hits="9" branch="false"/><line number="247" hits="9" branch="true" condition-coverage="100% (2/2)"><conditions><condition number="0" type="jump" coverage="100%"/></conditions></line><line number="249" hits="3" branch="false"/><line number="253" hits="6" branch="false"/><line number="257" hits="18" branch="true" condition-coverage="100% (4/4)"><conditions><condition number="0" type="jump" coverage="100%"/></conditions></line><line number="259" hits="6" branch="false"/><line number="265" hits="6" branch="true" condition-coverage="50% (2/4)"><conditions><condition number="0" type="jump" coverage="50%"/></conditions></line><line number="267" hits="6" branch="false"/><line number="273" hits="6" branch="true" condition-coverage="100% (2/2)"><conditions><condition number="0" type="jump" coverage="100%"/></conditions></line><line number="275" hits="2" branch="false"/><line number="284" hits="4" branch="false"/><line number="286" hits="6" branch="false"/><line number="300" hits="4" branch="false"/><line number="302" hits="4" branch="false"/><line number="305" hits="4" branch="true" condition-coverage="100% (2/2)"><conditions><condition number="0" type="jump" coverage="100%"/></conditions></line><line number="308" hits="3" branch="false"/><line number="311" hits="3" branch="true" condition-coverage="100% (2/2)"><conditions><condition number="0" type="jump" coverage="100%"/></conditions></line><line number="313" hits="1" branch="false"/><line number="316" hits="3" branch="false"/><line number="318" hits="3" branch="true" condition-coverage="100% (2/2)"><conditions><condition number="0" type="jump" coverage="100%"/></conditions></line><line number="320" hits="1" branch="true" condition-coverage="50% (1/2)"><conditions><condition number="0" type="jump" coverage="50%"/></conditions></line><line number="322" hits="1" branch="false"/><line number="323" hits="1" branch="false"/><line number="324" hits="1" branch="false"/><line number="325" hits="1" branch="false"/><line number="327" hits="1" branch="false"/><line number="329" hits="1" branch="false"/><line number="333" hits="4" branch="false"/><line number="344" hits="2" branch="false"/><line number="346" hits="2" branch="false"/><line number="348" hits="2" branch="true" condition-coverage="100% (2/2)"><conditions><condition number="0" type="jump" coverage="100%"/></conditions></line><line number="350" hits="1" branch="false"/><line number="351" hits="1" branch="false"/><line number="354" hits="2" branch="false"/><line number="366" hits="2" branch="false"/><line number="368" hits="2" branch="false"/><line number="370" hits="2" branch="true" condition-coverage="100% (2/2)"><conditions><condition number="0" type="jump" coverage="100%"/></conditions></line><line number="372" hits="1" branch="false"/><line number="373" hits="1" branch="false"/><line number="376" hits="2" branch="false"/><line number="380" hits="1" branch="false"/><line number="382" hits="1" branch="true" condition-coverage="50% (1/2)"><conditions><condition number="0" type="jump" coverage="50%"/></conditions></line><line number="383" hits="1" branch="false"/><line number="384" hits="1" branch="false"/><line number="394" hits="0" branch="false"/><line number="396" hits="0" branch="true" condition-coverage="0% (0/2)"><conditions><condition number="0" type="jump" coverage="0%"/></conditions></line><line number="398" hits="0" branch="false"/><line number="401" hits="0" branch="false"/><line number="404" hits="0" branch="false"/><line number="407" hits="0" branch="true" condition-coverage="0% (0/2)"><conditions><condition number="0" type="jump" coverage="0%"/></conditions></line><line number="410" hits="0" branch="false"/><line number="411" hits="0" branch="false"/></lines></class></classes></package></packages></coverage>