<?xml version='1.0' encoding='UTF-8'?>
<!DOCTYPE coverage SYSTEM 'http://cobertura.sourceforge.net/xml/coverage-04.dtd'>
<coverage line-rate="0.9900332225913622" branch-rate="0.9180327868852459" lines-covered="298" lines-valid="301" branches-covered="112" branches-valid="122" complexity="0.0" timestamp="1643968995" version="gcovr 4.2"><sources><source>.</source></sources><packages><package name="02_Code" line-rate="1.0" branch-rate="1.0" complexity="0.0"><classes><class name="CtKeyPanelSwc_c" filename="02_Code/CtKeyPanelSwc.c" line-rate="1.0" branch-rate="1.0" complexity="0.0"><methods/><lines><line number="245" hits="1" branch="false"/><line number="252" hits="1" branch="false"/><line number="257" hits="1" branch="false"/><line number="349" hits="1" branch="false"/><line number="358" hits="1" branch="false"/><line number="360" hits="1" branch="false"/><line number="365" hits="1" branch="false"/><line number="377" hits="1" branch="false"/><line number="383" hits="1" branch="false"/><line number="384" hits="1" branch="false"/><line number="386" hits="1" branch="false"/><line number="387" hits="1" branch="false"/><line number="392" hits="1" branch="false"/><line number="439" hits="4" branch="false"/><line number="448" hits="4" branch="true" condition-coverage="100% (2/2)"><conditions><condition number="0" type="jump" coverage="100%"/></conditions></line><line number="450" hits="3" branch="true" condition-coverage="100% (2/2)"><conditions><condition number="0" type="jump" coverage="100%"/></conditions></line><line number="452" hits="2" branch="false"/><line number="455" hits="2" branch="false"/><line number="457" hits="2" branch="true" condition-coverage="100% (2/2)"><conditions><condition number="0" type="jump" coverage="100%"/></conditions></line><line number="459" hits="1" branch="false"/><line number="464" hits="4" branch="false"/><line number="496" hits="1" branch="false"/><line number="503" hits="1" branch="false"/><line number="542" hits="1" branch="false"/><line number="550" hits="1" branch="false"/><line number="551" hits="1" branch="false"/><line number="582" hits="1" branch="false"/><line number="589" hits="1" branch="false"/><line number="627" hits="4" branch="false"/><line number="637" hits="4" branch="true" condition-coverage="100% (2/2)"><conditions><condition number="0" type="jump" coverage="100%"/></conditions></line><line number="639" hits="3" branch="true" condition-coverage="100% (2/2)"><conditions><condition number="0" type="jump" coverage="100%"/></conditions></line><line number="641" hits="1" branch="false"/><line number="643" hits="2" branch="true" condition-coverage="100% (2/2)"><conditions><condition number="0" type="jump" coverage="100%"/></conditions></line><line number="645" hits="1" branch="false"/><line number="650" hits="1" branch="false"/><line number="655" hits="1" branch="false"/><line number="658" hits="4" branch="false"/><line number="660" hits="4" branch="false"/><line number="691" hits="1" branch="false"/><line number="698" hits="1" branch="false"/><line number="700" hits="1" branch="false"/><line number="724" hits="1" branch="false"/><line number="731" hits="1" branch="false"/><line number="736" hits="1" branch="false"/></lines></class></classes></package><package name="02_Code.CtKeyPanelSwc" line-rate="0.9883268482490273" branch-rate="0.9090909090909091" complexity="0.0"><classes><class name="keyHandlingCan_c" filename="02_Code/CtKeyPanelSwc/keyHandlingCan.c" line-rate="1.0" branch-rate="1.0" complexity="0.0"><methods/><lines><line number="59" hits="1" branch="false"/><line number="61" hits="1" branch="false"/><line number="63" hits="1" branch="false"/><line number="64" hits="1" branch="false"/><line number="73" hits="5" branch="false"/><line number="83" hits="5" branch="false"/><line number="85" hits="5" branch="true" condition-coverage="100% (2/2)"><conditions><condition number="0" type="jump" coverage="100%"/></conditions></line><line number="87" hits="4" branch="true" condition-coverage="100% (2/2)"><conditions><condition number="0" type="jump" coverage="100%"/></conditions></line><line number="89" hits="1" branch="false"/><line number="91" hits="3" branch="true" condition-coverage="100% (2/2)"><conditions><condition number="0" type="jump" coverage="100%"/></conditions></line><line number="93" hits="2" branch="false"/><line number="101" hits="5" branch="false"/><line number="103" hits="5" branch="false"/><line number="105" hits="5" branch="false"/><line number="114" hits="10" branch="false"/><line number="116" hits="10" branch="false"/><line number="119" hits="6" branch="false"/><line number="121" hits="6" branch="true" condition-coverage="100% (4/4)"><conditions><condition number="0" type="jump" coverage="100%"/></conditions></line><line number="123" hits="2" branch="false"/><line number="125" hits="4" branch="true" condition-coverage="100% (2/2)"><conditions><condition number="0" type="jump" coverage="100%"/></conditions></line><line number="127" hits="1" branch="false"/><line number="131" hits="3" branch="false"/><line number="133" hits="6" branch="false"/></lines></class><class name="keyHandling_c" filename="02_Code/CtKeyPanelSwc/keyHandling.c" line-rate="1.0" branch-rate="1.0" complexity="0.0"><methods/><lines><line number="65" hits="5" branch="false"/><line number="74" hits="5" branch="false"/><line number="75" hits="5" branch="false"/><line number="78" hits="5" branch="false"/><line number="80" hits="5" branch="false"/><line number="81" hits="5" branch="false"/><line number="82" hits="5" branch="false"/><line number="85" hits="5" branch="false"/><line number="86" hits="5" branch="true" condition-coverage="100% (2/2)"><conditions><condition number="0" type="jump" coverage="100%"/></conditions></line><line number="88" hits="3" branch="false"/><line number="90" hits="5" branch="false"/><line number="91" hits="5" branch="true" condition-coverage="100% (2/2)"><conditions><condition number="0" type="jump" coverage="100%"/></conditions></line><line number="93" hits="3" branch="false"/><line number="95" hits="5" branch="false"/><line number="96" hits="5" branch="true" condition-coverage="100% (2/2)"><conditions><condition number="0" type="jump" coverage="100%"/></conditions></line><line number="98" hits="3" branch="false"/><line number="104" hits="5" branch="true" condition-coverage="100% (2/2)"><conditions><condition number="0" type="jump" coverage="100%"/></conditions></line><line number="106" hits="1" branch="false"/><line number="107" hits="1" branch="false"/><line number="109" hits="4" branch="true" condition-coverage="100% (2/2)"><conditions><condition number="0" type="jump" coverage="100%"/></conditions></line><line number="111" hits="1" branch="false"/><line number="113" hits="3" branch="true" condition-coverage="100% (2/2)"><conditions><condition number="0" type="jump" coverage="100%"/></conditions></line><line number="115" hits="1" branch="false"/><line number="121" hits="5" branch="false"/><line number="129" hits="6" branch="false"/><line number="131" hits="6" branch="true" condition-coverage="100% (2/2)"><conditions><condition number="0" type="jump" coverage="100%"/></conditions></line><line number="133" hits="4" branch="false"/><line number="135" hits="2" branch="false"/><line number="143" hits="6" branch="false"/><line number="153" hits="5" branch="false"/><line number="155" hits="5" branch="true" condition-coverage="100% (5/5)"><conditions><condition number="0" type="jump" coverage="100%"/></conditions></line><line number="157" hits="1" branch="false"/><line number="158" hits="1" branch="false"/><line number="159" hits="1" branch="false"/><line number="160" hits="1" branch="false"/><line number="161" hits="1" branch="false"/><line number="162" hits="1" branch="false"/><line number="163" hits="1" branch="false"/><line number="164" hits="1" branch="false"/><line number="165" hits="1" branch="false"/><line number="166" hits="1" branch="false"/><line number="167" hits="1" branch="false"/><line number="168" hits="1" branch="false"/><line number="169" hits="1" branch="false"/><line number="170" hits="1" branch="false"/><line number="171" hits="1" branch="false"/><line number="173" hits="5" branch="false"/><line number="182" hits="11" branch="false"/><line number="184" hits="11" branch="false"/><line number="186" hits="11" branch="true" condition-coverage="100% (2/2)"><conditions><condition number="0" type="jump" coverage="100%"/></conditions></line><line number="188" hits="10" branch="false"/><line number="190" hits="1" branch="false"/><line number="199" hits="11" branch="false"/></lines></class><class name="keyRouting_c" filename="02_Code/CtKeyPanelSwc/keyRouting.c" line-rate="1.0" branch-rate="0.8421052631578947" complexity="0.0"><methods/><lines><line number="63" hits="1" branch="false"/><line number="65" hits="1" branch="false"/><line number="66" hits="1" branch="false"/><line number="67" hits="1" branch="false"/><line number="68" hits="1" branch="false"/><line number="69" hits="1" branch="false"/><line number="70" hits="1" branch="false"/><line number="71" hits="1" branch="false"/><line number="89" hits="9" branch="false"/><line number="92" hits="9" branch="false"/><line number="100" hits="14" branch="true" condition-coverage="80% (8/10)"><conditions><condition number="0" type="jump" coverage="80%"/></conditions></line><line number="101" hits="10" branch="true" condition-coverage="100% (2/2)"><conditions><condition number="0" type="jump" coverage="100%"/></conditions></line><line number="102" hits="9" branch="true" condition-coverage="75% (3/4)"><conditions><condition number="0" type="jump" coverage="75%"/></conditions></line><line number="103" hits="2" branch="true" condition-coverage="50% (1/2)"><conditions><condition number="0" type="jump" coverage="50%"/></conditions></line><line number="106" hits="5" branch="false"/><line number="109" hits="5" branch="false"/><line number="111" hits="5" branch="false"/><line number="112" hits="5" branch="false"/><line number="113" hits="5" branch="false"/><line number="114" hits="5" branch="false"/><line number="120" hits="9" branch="true" condition-coverage="66% (4/6)"><conditions><condition number="0" type="jump" coverage="66%"/></conditions></line><line number="123" hits="3" branch="true" condition-coverage="100% (4/4)"><conditions><condition number="0" type="jump" coverage="100%"/></conditions></line><line number="126" hits="1" branch="false"/><line number="128" hits="1" branch="false"/><line number="130" hits="2" branch="true" condition-coverage="100% (2/2)"><conditions><condition number="0" type="jump" coverage="100%"/></conditions></line><line number="132" hits="1" branch="false"/><line number="135" hits="1" branch="false"/><line number="138" hits="1" branch="false"/><line number="143" hits="1" branch="false"/><line number="148" hits="9" branch="false"/><line number="149" hits="9" branch="false"/><line number="160" hits="12" branch="false"/><line number="162" hits="12" branch="true" condition-coverage="100% (4/4)"><conditions><condition number="0" type="jump" coverage="100%"/></conditions></line><line number="164" hits="4" branch="false"/><line number="165" hits="4" branch="false"/><line number="166" hits="4" branch="false"/><line number="167" hits="4" branch="false"/><line number="168" hits="1" branch="false"/><line number="169" hits="1" branch="false"/><line number="170" hits="1" branch="false"/><line number="171" hits="1" branch="false"/><line number="172" hits="5" branch="false"/><line number="173" hits="5" branch="false"/><line number="174" hits="5" branch="false"/><line number="175" hits="5" branch="false"/><line number="176" hits="2" branch="false"/><line number="177" hits="2" branch="false"/><line number="179" hits="12" branch="false"/><line number="187" hits="7" branch="false"/><line number="190" hits="7" branch="true" condition-coverage="100% (2/2)"><conditions><condition number="0" type="jump" coverage="100%"/></conditions></line><line number="192" hits="6" branch="false"/><line number="193" hits="6" branch="false"/><line number="197" hits="1" branch="false"/><line number="198" hits="1" branch="false"/><line number="200" hits="7" branch="false"/><line number="210" hits="2" branch="false"/><line number="212" hits="2" branch="false"/><line number="213" hits="2" branch="true" condition-coverage="100% (2/2)"><conditions><condition number="0" type="jump" coverage="100%"/></conditions></line><line number="215" hits="1" branch="false"/><line number="216" hits="1" branch="false"/><line number="217" hits="1" branch="false"/><line number="218" hits="1" branch="false"/><line number="220" hits="1" branch="false"/><line number="222" hits="1" branch="false"/><line number="224" hits="2" branch="false"/></lines></class><class name="ledControlCan_c" filename="02_Code/CtKeyPanelSwc/ledControlCan.c" line-rate="0.9741379310344828" branch-rate="0.8974358974358975" complexity="0.0"><methods/><lines><line number="96" hits="1" branch="false"/><line number="98" hits="1" branch="false"/><line number="99" hits="1" branch="false"/><line number="100" hits="1" branch="false"/><line number="101" hits="1" branch="false"/><line number="102" hits="1" branch="false"/><line number="103" hits="1" branch="false"/><line number="104" hits="1" branch="false"/><line number="105" hits="1" branch="false"/><line number="107" hits="6" branch="false"/><line number="110" hits="6" branch="true" condition-coverage="100% (2/2)"><conditions><condition number="0" type="jump" coverage="100%"/></conditions></line><line number="113" hits="1" branch="false"/><line number="115" hits="1" branch="false"/><line number="119" hits="5" branch="true" condition-coverage="100% (2/2)"><conditions><condition number="0" type="jump" coverage="100%"/></conditions></line><line number="121" hits="4" branch="false"/><line number="126" hits="1" branch="false"/><line number="132" hits="6" branch="false"/><line number="133" hits="6" branch="false"/><line number="135" hits="2" branch="false"/><line number="138" hits="2" branch="false"/><line number="140" hits="2" branch="false"/><line number="142" hits="1" branch="false"/><line number="144" hits="1" branch="false"/><line number="145" hits="1" branch="false"/><line number="152" hits="15" branch="false"/><line number="156" hits="15" branch="true" condition-coverage="100% (2/2)"><conditions><condition number="0" type="jump" coverage="100%"/></conditions></line><line number="159" hits="11" branch="false"/><line number="160" hits="11" branch="false"/><line number="162" hits="11" branch="true" condition-coverage="100% (9/9)"><conditions><condition number="0" type="jump" coverage="100%"/></conditions></line><line number="164" hits="1" branch="false"/><line number="166" hits="1" branch="false"/><line number="167" hits="1" branch="false"/><line number="168" hits="1" branch="false"/><line number="169" hits="1" branch="false"/><line number="171" hits="1" branch="false"/><line number="172" hits="1" branch="false"/><line number="173" hits="1" branch="false"/><line number="174" hits="1" branch="false"/><line number="176" hits="1" branch="false"/><line number="177" hits="1" branch="false"/><line number="178" hits="1" branch="false"/><line number="179" hits="1" branch="false"/><line number="181" hits="1" branch="false"/><line number="182" hits="1" branch="false"/><line number="183" hits="1" branch="false"/><line number="184" hits="1" branch="false"/><line number="186" hits="1" branch="false"/><line number="187" hits="1" branch="false"/><line number="188" hits="1" branch="false"/><line number="189" hits="1" branch="false"/><line number="191" hits="1" branch="false"/><line number="192" hits="1" branch="false"/><line number="193" hits="1" branch="false"/><line number="194" hits="1" branch="false"/><line number="196" hits="1" branch="false"/><line number="197" hits="1" branch="false"/><line number="198" hits="1" branch="false"/><line number="199" hits="1" branch="false"/><line number="201" hits="1" branch="false"/><line number="202" hits="1" branch="false"/><line number="203" hits="1" branch="false"/><line number="204" hits="3" branch="false"/><line number="205" hits="3" branch="false"/><line number="206" hits="3" branch="false"/><line number="209" hits="15" branch="false"/><line number="211" hits="6" branch="false"/><line number="215" hits="6" branch="false"/><line number="218" hits="6" branch="true" condition-coverage="100% (2/2)"><conditions><condition number="0" type="jump" coverage="100%"/></conditions></line><line number="220" hits="1" branch="false"/><line number="222" hits="1" branch="false"/><line number="225" hits="6" branch="true" condition-coverage="100% (2/2)"><conditions><condition number="0" type="jump" coverage="100%"/></conditions></line><line number="227" hits="5" branch="false"/><line number="231" hits="1" branch="false"/><line number="233" hits="1" branch="false"/><line number="235" hits="6" branch="false"/><line number="237" hits="10" branch="false"/><line number="239" hits="10" branch="true" condition-coverage="100% (6/6)"><conditions><condition number="0" type="jump" coverage="100%"/></conditions></line><line number="241" hits="2" branch="false"/><line number="243" hits="2" branch="false"/><line number="244" hits="2" branch="false"/><line number="246" hits="2" branch="true" condition-coverage="100% (2/2)"><conditions><condition number="0" type="jump" coverage="100%"/></conditions></line><line number="248" hits="1" branch="false"/><line number="250" hits="2" branch="false"/><line number="251" hits="2" branch="false"/><line number="253" hits="2" branch="false"/><line number="254" hits="2" branch="false"/><line number="256" hits="2" branch="true" condition-coverage="100% (2/2)"><conditions><condition number="0" type="jump" coverage="100%"/></conditions></line><line number="258" hits="1" branch="false"/><line number="260" hits="2" branch="false"/><line number="261" hits="2" branch="false"/><line number="263" hits="2" branch="false"/><line number="264" hits="2" branch="false"/><line number="266" hits="2" branch="true" condition-coverage="100% (2/2)"><conditions><condition number="0" type="jump" coverage="100%"/></conditions></line><line number="268" hits="1" branch="false"/><line number="270" hits="2" branch="false"/><line number="271" hits="1" branch="false"/><line number="273" hits="1" branch="false"/><line number="274" hits="1" branch="false"/><line number="275" hits="2" branch="false"/><line number="277" hits="2" branch="false"/><line number="278" hits="2" branch="false"/><line number="279" hits="1" branch="false"/><line number="280" hits="1" branch="false"/><line number="282" hits="10" branch="false"/><line number="284" hits="9" branch="false"/><line number="286" hits="9" branch="true" condition-coverage="100% (2/2)"><conditions><condition number="0" type="jump" coverage="100%"/></conditions></line><line number="288" hits="4" branch="true" condition-coverage="50% (1/2)"><conditions><condition number="0" type="jump" coverage="50%"/></conditions></line><line number="290" hits="4" branch="false"/><line number="291" hits="4" branch="false"/><line number="293" hits="0" branch="true" condition-coverage="0% (0/2)"><conditions><condition number="0" type="jump" coverage="0%"/></conditions></line><line number="295" hits="0" branch="false"/><line number="296" hits="0" branch="false"/><line number="300" hits="5" branch="true" condition-coverage="50% (1/2)"><conditions><condition number="0" type="jump" coverage="50%"/></conditions></line><line number="302" hits="5" branch="false"/><line number="303" hits="5" branch="false"/><line number="306" hits="9" branch="false"/></lines></class></classes></package></packages></coverage>