<?xml version='1.0' encoding='UTF-8'?>
<!DOCTYPE coverage SYSTEM 'http://cobertura.sourceforge.net/xml/coverage-04.dtd'>
<coverage line-rate="0.9623717217787914" branch-rate="0.9064039408866995" lines-covered="844" lines-valid="877" branches-covered="184" branches-valid="203" complexity="0.0" timestamp="1643968635" version="gcovr 4.2"><sources><source>.</source></sources><packages><package name="02_Code" line-rate="0.9623717217787914" branch-rate="0.9064039408866995" complexity="0.0"><classes><class name="CtDiagnosticServices_Identifikation_c" filename="02_Code/CtDiagnosticServices_Identifikation.c" line-rate="0.9623717217787914" branch-rate="0.9064039408866995" complexity="0.0"><methods/><lines><line number="1287" hits="6" branch="false"/><line number="1303" hits="6" branch="false"/><line number="1305" hits="6" branch="true" condition-coverage="100% (2/2)"><conditions><condition number="0" type="jump" coverage="100%"/></conditions></line><line number="1308" hits="5" branch="false"/><line number="1309" hits="5" branch="false"/><line number="1311" hits="5" branch="true" condition-coverage="100% (4/4)"><conditions><condition number="0" type="jump" coverage="100%"/></conditions></line><line number="1314" hits="78" branch="true" condition-coverage="100% (2/2)"><conditions><condition number="0" type="jump" coverage="100%"/></conditions></line><line number="1316" hits="75" branch="true" condition-coverage="50% (1/2)"><conditions><condition number="0" type="jump" coverage="50%"/></conditions></line><line number="1318" hits="0" branch="false"/><line number="1319" hits="0" branch="false"/><line number="1323" hits="3" branch="true" condition-coverage="50% (1/2)"><conditions><condition number="0" type="jump" coverage="50%"/></conditions></line><line number="1325" hits="21" branch="true" condition-coverage="100% (2/2)"><conditions><condition number="0" type="jump" coverage="100%"/></conditions></line><line number="1327" hits="18" branch="true" condition-coverage="50% (1/2)"><conditions><condition number="0" type="jump" coverage="50%"/></conditions></line><line number="1329" hits="0" branch="false"/><line number="1330" hits="0" branch="false"/><line number="1335" hits="3" branch="true" condition-coverage="50% (1/2)"><conditions><condition number="0" type="jump" coverage="50%"/></conditions></line><line number="1338" hits="0" branch="false"/><line number="1339" hits="0" branch="false"/><line number="1341" hits="0" branch="false"/><line number="1342" hits="0" branch="false"/><line number="1345" hits="3" branch="false"/><line number="1348" hits="2" branch="false"/><line number="1350" hits="8" branch="false"/><line number="1351" hits="8" branch="true" condition-coverage="71% (5/7)"><conditions><condition number="0" type="jump" coverage="71%"/></conditions></line><line number="1353" hits="1" branch="false"/><line number="1354" hits="1" branch="false"/><line number="1355" hits="1" branch="false"/><line number="1356" hits="1" branch="false"/><line number="1357" hits="1" branch="false"/><line number="1358" hits="1" branch="false"/><line number="1359" hits="1" branch="false"/><line number="1360" hits="1" branch="true" condition-coverage="50% (1/2)"><conditions><condition number="0" type="jump" coverage="50%"/></conditions></line><line number="1362" hits="1" branch="false"/><line number="1363" hits="1" branch="false"/><line number="1365" hits="1" branch="false"/><line number="1366" hits="1" branch="false"/><line number="1367" hits="1" branch="false"/><line number="1368" hits="1" branch="true" condition-coverage="50% (1/2)"><conditions><condition number="0" type="jump" coverage="50%"/></conditions></line><line number="1370" hits="0" branch="false"/><line number="1371" hits="0" branch="false"/><line number="1372" hits="0" branch="false"/><line number="1376" hits="1" branch="false"/><line number="1377" hits="1" branch="false"/><line number="1379" hits="1" branch="false"/><line number="1380" hits="0" branch="false"/><line number="1381" hits="0" branch="false"/><line number="1382" hits="0" branch="false"/><line number="1383" hits="0" branch="true" condition-coverage="0% (0/2)"><conditions><condition number="0" type="jump" coverage="0%"/></conditions></line><line number="1385" hits="0" branch="false"/><line number="1386" hits="0" branch="false"/><line number="1388" hits="0" branch="false"/><line number="1389" hits="1" branch="false"/><line number="1390" hits="1" branch="false"/><line number="1391" hits="1" branch="false"/><line number="1392" hits="1" branch="false"/><line number="1393" hits="4" branch="false"/><line number="1394" hits="4" branch="false"/><line number="1395" hits="0" branch="false"/><line number="1396" hits="0" branch="false"/><line number="1397" hits="0" branch="false"/><line number="1400" hits="8" branch="true" condition-coverage="100% (2/2)"><conditions><condition number="0" type="jump" coverage="100%"/></conditions></line><line number="1407" hits="6" branch="false"/><line number="1419" hits="1" branch="false"/><line number="1427" hits="1" branch="false"/><line number="1432" hits="1" branch="false"/><line number="1474" hits="2" branch="false"/><line number="1480" hits="2" branch="false"/><line number="1481" hits="2" branch="false"/><line number="1484" hits="2" branch="true" condition-coverage="100% (2/2)"><conditions><condition number="0" type="jump" coverage="100%"/></conditions></line><line number="1486" hits="1" branch="false"/><line number="1490" hits="1" branch="false"/><line number="1491" hits="1" branch="false"/><line number="1492" hits="1" branch="false"/><line number="1495" hits="2" branch="true" condition-coverage="100% (2/2)"><conditions><condition number="0" type="jump" coverage="100%"/></conditions></line><line number="1497" hits="1" branch="false"/><line number="1500" hits="2" branch="false"/><line number="1538" hits="1" branch="false"/><line number="1546" hits="1" branch="false"/><line number="1548" hits="1" branch="false"/><line number="1595" hits="2" branch="false"/><line number="1602" hits="2" branch="false"/><line number="1603" hits="2" branch="false"/><line number="1605" hits="2" branch="true" condition-coverage="100% (2/2)"><conditions><condition number="0" type="jump" coverage="100%"/></conditions></line><line number="1607" hits="1" branch="false"/><line number="1611" hits="1" branch="false"/><line number="1612" hits="1" branch="false"/><line number="1613" hits="1" branch="false"/><line number="1616" hits="2" branch="true" condition-coverage="100% (2/2)"><conditions><condition number="0" type="jump" coverage="100%"/></conditions></line><line number="1618" hits="1" branch="false"/><line number="1621" hits="2" branch="false"/><line number="1659" hits="1" branch="false"/><line number="1668" hits="1" branch="false"/><line number="1670" hits="1" branch="false"/><line number="1701" hits="1" branch="false"/><line number="1708" hits="1" branch="false"/><line number="1756" hits="4" branch="false"/><line number="1764" hits="4" branch="false"/><line number="1766" hits="4" branch="false"/><line number="1769" hits="4" branch="true" condition-coverage="100% (2/2)"><conditions><condition number="0" type="jump" coverage="100%"/></conditions></line><line number="1771" hits="3" branch="false"/><line number="1772" hits="3" branch="false"/><line number="1778" hits="4" branch="false"/><line number="1809" hits="1" branch="false"/><line number="1817" hits="1" branch="false"/><line number="1855" hits="1" branch="false"/><line number="1862" hits="1" branch="false"/><line number="1865" hits="1" branch="false"/><line number="1866" hits="1" branch="false"/><line number="1867" hits="1" branch="false"/><line number="1868" hits="1" branch="false"/><line number="1869" hits="1" branch="false"/><line number="1870" hits="1" branch="false"/><line number="1871" hits="1" branch="false"/><line number="1872" hits="1" branch="false"/><line number="1873" hits="1" branch="false"/><line number="1874" hits="1" branch="false"/><line number="1875" hits="1" branch="false"/><line number="1878" hits="1" branch="false"/><line number="1879" hits="1" branch="false"/><line number="1880" hits="1" branch="false"/><line number="1881" hits="1" branch="false"/><line number="1882" hits="1" branch="false"/><line number="1883" hits="1" branch="false"/><line number="1884" hits="1" branch="false"/><line number="1885" hits="1" branch="false"/><line number="1886" hits="1" branch="false"/><line number="1887" hits="1" branch="false"/><line number="1888" hits="1" branch="false"/><line number="1889" hits="1" branch="false"/><line number="1890" hits="1" branch="false"/><line number="1891" hits="1" branch="false"/><line number="1892" hits="1" branch="false"/><line number="1893" hits="1" branch="false"/><line number="1894" hits="1" branch="false"/><line number="1895" hits="1" branch="false"/><line number="1896" hits="1" branch="false"/><line number="1897" hits="1" branch="false"/><line number="1898" hits="1" branch="false"/><line number="1899" hits="1" branch="false"/><line number="1900" hits="1" branch="false"/><line number="1901" hits="1" branch="false"/><line number="1902" hits="1" branch="false"/><line number="1905" hits="1" branch="false"/><line number="1906" hits="1" branch="false"/><line number="1908" hits="1" branch="false"/><line number="1939" hits="1" branch="false"/><line number="1946" hits="1" branch="false"/><line number="1947" hits="1" branch="false"/><line number="1978" hits="2" branch="false"/><line number="1985" hits="2" branch="false"/><line number="2026" hits="1" branch="false"/><line number="2033" hits="1" branch="false"/><line number="2034" hits="1" branch="false"/><line number="2072" hits="1" branch="false"/><line number="2080" hits="1" branch="false"/><line number="2081" hits="1" branch="false"/><line number="2119" hits="1" branch="false"/><line number="2128" hits="1" branch="false"/><line number="2131" hits="1" branch="false"/><line number="2178" hits="2" branch="false"/><line number="2185" hits="2" branch="false"/><line number="2186" hits="2" branch="false"/><line number="2189" hits="2" branch="true" condition-coverage="100% (2/2)"><conditions><condition number="0" type="jump" coverage="100%"/></conditions></line><line number="2191" hits="1" branch="false"/><line number="2195" hits="1" branch="false"/><line number="2196" hits="1" branch="false"/><line number="2197" hits="1" branch="false"/><line number="2200" hits="2" branch="true" condition-coverage="100% (2/2)"><conditions><condition number="0" type="jump" coverage="100%"/></conditions></line><line number="2202" hits="1" branch="false"/><line number="2205" hits="2" branch="false"/><line number="2243" hits="1" branch="false"/><line number="2252" hits="1" branch="false"/><line number="2254" hits="1" branch="false"/><line number="2285" hits="1" branch="false"/><line number="2292" hits="1" branch="false"/><line number="2330" hits="1" branch="false"/><line number="2339" hits="1" branch="false"/><line number="2341" hits="1" branch="false"/><line number="2703" hits="2" branch="false"/><line number="2711" hits="2" branch="false"/><line number="2715" hits="2" branch="true" condition-coverage="100% (2/2)"><conditions><condition number="0" type="jump" coverage="100%"/></conditions></line><line number="2718" hits="1" branch="false"/><line number="2719" hits="1" branch="false"/><line number="2720" hits="1" branch="false"/><line number="2722" hits="1" branch="false"/><line number="2723" hits="1" branch="false"/><line number="2724" hits="1" branch="false"/><line number="2726" hits="1" branch="false"/><line number="2727" hits="1" branch="false"/><line number="2728" hits="1" branch="false"/><line number="2730" hits="1" branch="false"/><line number="2731" hits="1" branch="false"/><line number="2732" hits="1" branch="false"/><line number="2734" hits="1" branch="false"/><line number="2735" hits="1" branch="false"/><line number="2736" hits="1" branch="false"/><line number="2738" hits="1" branch="false"/><line number="2739" hits="1" branch="false"/><line number="2740" hits="1" branch="false"/><line number="2742" hits="1" branch="false"/><line number="2743" hits="1" branch="false"/><line number="2744" hits="1" branch="false"/><line number="2746" hits="1" branch="false"/><line number="2747" hits="1" branch="false"/><line number="2748" hits="1" branch="false"/><line number="2750" hits="1" branch="false"/><line number="2751" hits="1" branch="false"/><line number="2752" hits="1" branch="false"/><line number="2754" hits="1" branch="false"/><line number="2755" hits="1" branch="false"/><line number="2756" hits="1" branch="false"/><line number="2760" hits="1" branch="false"/><line number="2761" hits="1" branch="false"/><line number="2762" hits="1" branch="false"/><line number="2765" hits="1" branch="false"/><line number="2766" hits="1" branch="false"/><line number="2767" hits="1" branch="false"/><line number="2769" hits="1" branch="false"/><line number="2770" hits="1" branch="false"/><line number="2771" hits="1" branch="false"/><line number="2776" hits="1" branch="false"/><line number="2777" hits="1" branch="false"/><line number="2778" hits="1" branch="false"/><line number="2780" hits="1" branch="false"/><line number="2781" hits="1" branch="false"/><line number="2782" hits="1" branch="false"/><line number="2784" hits="1" branch="false"/><line number="2785" hits="1" branch="false"/><line number="2786" hits="1" branch="false"/><line number="2788" hits="1" branch="false"/><line number="2789" hits="1" branch="false"/><line number="2790" hits="1" branch="false"/><line number="2792" hits="1" branch="false"/><line number="2793" hits="1" branch="false"/><line number="2794" hits="1" branch="false"/><line number="2796" hits="1" branch="false"/><line number="2797" hits="1" branch="false"/><line number="2798" hits="1" branch="false"/><line number="2800" hits="1" branch="false"/><line number="2801" hits="1" branch="false"/><line number="2802" hits="1" branch="false"/><line number="2804" hits="1" branch="false"/><line number="2805" hits="1" branch="false"/><line number="2806" hits="1" branch="false"/><line number="2808" hits="1" branch="false"/><line number="2809" hits="1" branch="false"/><line number="2810" hits="1" branch="false"/><line number="2812" hits="1" branch="false"/><line number="2813" hits="1" branch="false"/><line number="2814" hits="1" branch="false"/><line number="2818" hits="1" branch="false"/><line number="2819" hits="1" branch="false"/><line number="2820" hits="1" branch="false"/><line number="2822" hits="1" branch="false"/><line number="2823" hits="1" branch="false"/><line number="2824" hits="1" branch="false"/><line number="2826" hits="1" branch="false"/><line number="2827" hits="40" branch="true" condition-coverage="100% (2/2)"><conditions><condition number="0" type="jump" coverage="100%"/></conditions></line><line number="2829" hits="39" branch="false"/><line number="2833" hits="41" branch="true" condition-coverage="100% (2/2)"><conditions><condition number="0" type="jump" coverage="100%"/></conditions></line><line number="2835" hits="40" branch="true" condition-coverage="100% (2/2)"><conditions><condition number="0" type="jump" coverage="100%"/></conditions></line><line number="2837" hits="1" branch="false"/><line number="2838" hits="1" branch="false"/><line number="2842" hits="2" branch="false"/><line number="2880" hits="1" branch="false"/><line number="2887" hits="1" branch="false"/><line number="2888" hits="1" branch="false"/><line number="2891" hits="1" branch="false"/><line number="2892" hits="1" branch="false"/><line number="2893" hits="1" branch="false"/><line number="2900" hits="1" branch="false"/><line number="2901" hits="1" branch="false"/><line number="2902" hits="1" branch="false"/><line number="2903" hits="1" branch="false"/><line number="2904" hits="1" branch="false"/><line number="2905" hits="1" branch="false"/><line number="2906" hits="1" branch="false"/><line number="2907" hits="1" branch="false"/><line number="2908" hits="1" branch="false"/><line number="2909" hits="1" branch="false"/><line number="2911" hits="1" branch="false"/><line number="2912" hits="1" branch="false"/><line number="2914" hits="1" branch="false"/><line number="2915" hits="1" branch="false"/><line number="2918" hits="1" branch="false"/><line number="2949" hits="1" branch="false"/><line number="2956" hits="1" branch="false"/><line number="2957" hits="1" branch="false"/><line number="2998" hits="1" branch="false"/><line number="3006" hits="1" branch="false"/><line number="3044" hits="1" branch="false"/><line number="3052" hits="1" branch="false"/><line number="3090" hits="4" branch="false"/><line number="3097" hits="4" branch="false"/><line number="3098" hits="4" branch="false"/><line number="3101" hits="4" branch="true" condition-coverage="100% (2/2)"><conditions><condition number="0" type="jump" coverage="100%"/></conditions></line><line number="3104" hits="12" branch="true" condition-coverage="100% (2/2)"><conditions><condition number="0" type="jump" coverage="100%"/></conditions></line><line number="3106" hits="9" branch="false"/><line number="3109" hits="3" branch="false"/><line number="3111" hits="3" branch="true" condition-coverage="60% (3/5)"><conditions><condition number="0" type="jump" coverage="60%"/></conditions></line><line number="3113" hits="1" branch="false"/><line number="3114" hits="1" branch="false"/><line number="3115" hits="1" branch="false"/><line number="3116" hits="1" branch="false"/><line number="3117" hits="1" branch="false"/><line number="3118" hits="1" branch="false"/><line number="3119" hits="1" branch="false"/><line number="3120" hits="0" branch="false"/><line number="3121" hits="0" branch="false"/><line number="3122" hits="1" branch="false"/><line number="3123" hits="1" branch="false"/><line number="3124" hits="0" branch="false"/><line number="3125" hits="0" branch="false"/><line number="3130" hits="1" branch="false"/><line number="3133" hits="4" branch="false"/><line number="3164" hits="1" branch="false"/><line number="3171" hits="1" branch="false"/><line number="3172" hits="1" branch="false"/><line number="3213" hits="1" branch="false"/><line number="3220" hits="1" branch="false"/><line number="3258" hits="1" branch="false"/><line number="3266" hits="1" branch="false"/><line number="3304" hits="4" branch="false"/><line number="3312" hits="4" branch="false"/><line number="3313" hits="4" branch="false"/><line number="3317" hits="4" branch="true" condition-coverage="100% (2/2)"><conditions><condition number="0" type="jump" coverage="100%"/></conditions></line><line number="3320" hits="21" branch="true" condition-coverage="100% (2/2)"><conditions><condition number="0" type="jump" coverage="100%"/></conditions></line><line number="3322" hits="18" branch="false"/><line number="3325" hits="3" branch="false"/><line number="3327" hits="3" branch="true" condition-coverage="60% (3/5)"><conditions><condition number="0" type="jump" coverage="60%"/></conditions></line><line number="3329" hits="1" branch="false"/><line number="3330" hits="1" branch="false"/><line number="3331" hits="1" branch="false"/><line number="3332" hits="1" branch="false"/><line number="3333" hits="1" branch="false"/><line number="3334" hits="1" branch="false"/><line number="3335" hits="1" branch="false"/><line number="3336" hits="0" branch="false"/><line number="3337" hits="0" branch="false"/><line number="3338" hits="1" branch="false"/><line number="3339" hits="1" branch="false"/><line number="3340" hits="0" branch="false"/><line number="3341" hits="0" branch="false"/><line number="3346" hits="1" branch="false"/><line number="3348" hits="4" branch="false"/><line number="3379" hits="1" branch="false"/><line number="3386" hits="1" branch="false"/><line number="3424" hits="1" branch="false"/><line number="3431" hits="1" branch="false"/><line number="3432" hits="1" branch="false"/><line number="3433" hits="1" branch="false"/><line number="3435" hits="1" branch="false"/><line number="3466" hits="1" branch="false"/><line number="3475" hits="1" branch="false"/><line number="3476" hits="1" branch="false"/><line number="3514" hits="1" branch="false"/><line number="3526" hits="1" branch="false"/><line number="3573" hits="2" branch="false"/><line number="3580" hits="2" branch="false"/><line number="3581" hits="2" branch="false"/><line number="3584" hits="2" branch="true" condition-coverage="100% (2/2)"><conditions><condition number="0" type="jump" coverage="100%"/></conditions></line><line number="3586" hits="1" branch="false"/><line number="3590" hits="1" branch="false"/><line number="3591" hits="1" branch="false"/><line number="3592" hits="1" branch="false"/><line number="3595" hits="2" branch="true" condition-coverage="100% (2/2)"><conditions><condition number="0" type="jump" coverage="100%"/></conditions></line><line number="3597" hits="1" branch="false"/><line number="3600" hits="2" branch="false"/><line number="3638" hits="1" branch="false"/><line number="3646" hits="1" branch="false"/><line number="3649" hits="1" branch="false"/><line number="3650" hits="1" branch="false"/><line number="3651" hits="1" branch="false"/><line number="3653" hits="1" branch="false"/><line number="3700" hits="2" branch="false"/><line number="3707" hits="2" branch="false"/><line number="3708" hits="2" branch="false"/><line number="3711" hits="2" branch="true" condition-coverage="100% (2/2)"><conditions><condition number="0" type="jump" coverage="100%"/></conditions></line><line number="3713" hits="1" branch="false"/><line number="3717" hits="1" branch="false"/><line number="3718" hits="1" branch="false"/><line number="3719" hits="1" branch="false"/><line number="3722" hits="2" branch="true" condition-coverage="100% (2/2)"><conditions><condition number="0" type="jump" coverage="100%"/></conditions></line><line number="3724" hits="1" branch="false"/><line number="3727" hits="2" branch="false"/><line number="3765" hits="1" branch="false"/><line number="3773" hits="1" branch="false"/><line number="3777" hits="1" branch="false"/><line number="3778" hits="1" branch="false"/><line number="3779" hits="1" branch="false"/><line number="3780" hits="1" branch="false"/><line number="3781" hits="1" branch="false"/><line number="3782" hits="1" branch="false"/><line number="3784" hits="1" branch="false"/><line number="3831" hits="2" branch="false"/><line number="3838" hits="2" branch="false"/><line number="3839" hits="2" branch="false"/><line number="3842" hits="2" branch="true" condition-coverage="100% (2/2)"><conditions><condition number="0" type="jump" coverage="100%"/></conditions></line><line number="3844" hits="1" branch="false"/><line number="3848" hits="1" branch="false"/><line number="3849" hits="1" branch="false"/><line number="3850" hits="1" branch="false"/><line number="3853" hits="2" branch="true" condition-coverage="100% (2/2)"><conditions><condition number="0" type="jump" coverage="100%"/></conditions></line><line number="3855" hits="1" branch="false"/><line number="3858" hits="2" branch="false"/><line number="3899" hits="1" branch="false"/><line number="3906" hits="1" branch="false"/><line number="3944" hits="1" branch="false"/><line number="3953" hits="1" branch="false"/><line number="3955" hits="1" branch="false"/><line number="4009" hits="13" branch="false"/><line number="4017" hits="13" branch="false"/><line number="4024" hits="13" branch="true" condition-coverage="100% (2/2)"><conditions><condition number="0" type="jump" coverage="100%"/></conditions></line><line number="4027" hits="26" branch="true" condition-coverage="100% (2/2)"><conditions><condition number="0" type="jump" coverage="100%"/></conditions></line><line number="4029" hits="24" branch="false"/><line number="4032" hits="2" branch="false"/><line number="4034" hits="2" branch="false"/><line number="4036" hits="2" branch="false"/><line number="4040" hits="11" branch="true" condition-coverage="50% (1/2)"><conditions><condition number="0" type="jump" coverage="50%"/></conditions></line><line number="4042" hits="11" branch="false"/><line number="4044" hits="11" branch="true" condition-coverage="100% (4/4)"><conditions><condition number="0" type="jump" coverage="100%"/></conditions></line><line number="4046" hits="1" branch="false"/><line number="4048" hits="1" branch="false"/><line number="4050" hits="1" branch="false"/><line number="4052" hits="10" branch="true" condition-coverage="100% (2/2)"><conditions><condition number="0" type="jump" coverage="100%"/></conditions></line><line number="4054" hits="1" branch="false"/><line number="4056" hits="1" branch="false"/><line number="4058" hits="1" branch="false"/><line number="4060" hits="1" branch="false"/><line number="4065" hits="9" branch="false"/><line number="4069" hits="13" branch="false"/><line number="4100" hits="1" branch="false"/><line number="4107" hits="1" branch="false"/><line number="4158" hits="1" branch="false"/><line number="4167" hits="1" branch="false"/><line number="4168" hits="1" branch="false"/><line number="4170" hits="1" branch="false"/><line number="4217" hits="2" branch="false"/><line number="4224" hits="2" branch="false"/><line number="4225" hits="2" branch="false"/><line number="4228" hits="2" branch="true" condition-coverage="100% (2/2)"><conditions><condition number="0" type="jump" coverage="100%"/></conditions></line><line number="4230" hits="1" branch="false"/><line number="4234" hits="1" branch="false"/><line number="4235" hits="1" branch="false"/><line number="4236" hits="1" branch="false"/><line number="4239" hits="2" branch="true" condition-coverage="100% (2/2)"><conditions><condition number="0" type="jump" coverage="100%"/></conditions></line><line number="4241" hits="1" branch="false"/><line number="4244" hits="2" branch="false"/><line number="4282" hits="1" branch="false"/><line number="4289" hits="1" branch="false"/><line number="4293" hits="1" branch="false"/><line number="4294" hits="1" branch="false"/><line number="4295" hits="1" branch="false"/><line number="4296" hits="1" branch="false"/><line number="4297" hits="1" branch="false"/><line number="4298" hits="1" branch="false"/><line number="4300" hits="1" branch="false"/><line number="4347" hits="2" branch="false"/><line number="4354" hits="2" branch="false"/><line number="4355" hits="2" branch="false"/><line number="4358" hits="2" branch="true" condition-coverage="100% (2/2)"><conditions><condition number="0" type="jump" coverage="100%"/></conditions></line><line number="4360" hits="1" branch="false"/><line number="4364" hits="1" branch="false"/><line number="4365" hits="1" branch="false"/><line number="4366" hits="1" branch="false"/><line number="4369" hits="2" branch="true" condition-coverage="100% (2/2)"><conditions><condition number="0" type="jump" coverage="100%"/></conditions></line><line number="4371" hits="1" branch="false"/><line number="4374" hits="2" branch="false"/><line number="4412" hits="1" branch="false"/><line number="4420" hits="1" branch="false"/><line number="4424" hits="1" branch="false"/><line number="4425" hits="1" branch="false"/><line number="4426" hits="1" branch="false"/><line number="4428" hits="1" branch="false"/><line number="4475" hits="2" branch="false"/><line number="4482" hits="2" branch="false"/><line number="4483" hits="2" branch="false"/><line number="4486" hits="2" branch="true" condition-coverage="100% (2/2)"><conditions><condition number="0" type="jump" coverage="100%"/></conditions></line><line number="4488" hits="1" branch="false"/><line number="4492" hits="1" branch="false"/><line number="4493" hits="1" branch="false"/><line number="4494" hits="1" branch="false"/><line number="4497" hits="2" branch="true" condition-coverage="100% (2/2)"><conditions><condition number="0" type="jump" coverage="100%"/></conditions></line><line number="4499" hits="1" branch="false"/><line number="4502" hits="2" branch="false"/><line number="4540" hits="1" branch="false"/><line number="4547" hits="1" branch="false"/><line number="4551" hits="1" branch="false"/><line number="4552" hits="1" branch="false"/><line number="4553" hits="1" branch="false"/><line number="4555" hits="1" branch="false"/><line number="4602" hits="2" branch="false"/><line number="4609" hits="2" branch="false"/><line number="4610" hits="2" branch="false"/><line number="4613" hits="2" branch="true" condition-coverage="100% (2/2)"><conditions><condition number="0" type="jump" coverage="100%"/></conditions></line><line number="4615" hits="1" branch="false"/><line number="4619" hits="1" branch="false"/><line number="4620" hits="1" branch="false"/><line number="4621" hits="1" branch="false"/><line number="4624" hits="2" branch="true" condition-coverage="100% (2/2)"><conditions><condition number="0" type="jump" coverage="100%"/></conditions></line><line number="4626" hits="1" branch="false"/><line number="4629" hits="2" branch="false"/><line number="4667" hits="1" branch="false"/><line number="4674" hits="1" branch="false"/><line number="4678" hits="1" branch="false"/><line number="4679" hits="1" branch="false"/><line number="4680" hits="1" branch="false"/><line number="4681" hits="1" branch="false"/><line number="4682" hits="1" branch="false"/><line number="4683" hits="1" branch="false"/><line number="4685" hits="1" branch="false"/><line number="4716" hits="1" branch="false"/><line number="4723" hits="1" branch="false"/><line number="4761" hits="1" branch="false"/><line number="4769" hits="1" branch="false"/><line number="4772" hits="1" branch="false"/><line number="4774" hits="1" branch="false"/><line number="4805" hits="1" branch="false"/><line number="4812" hits="1" branch="false"/><line number="4859" hits="1" branch="false"/><line number="4866" hits="1" branch="false"/><line number="4867" hits="1" branch="false"/><line number="4869" hits="1" branch="false"/><line number="4900" hits="1" branch="false"/><line number="4907" hits="1" branch="false"/><line number="4954" hits="1" branch="false"/><line number="4962" hits="1" branch="false"/><line number="4963" hits="1" branch="false"/><line number="4965" hits="1" branch="false"/><line number="5111" hits="2" branch="false"/><line number="5119" hits="2" branch="false"/><line number="5123" hits="2" branch="true" condition-coverage="100% (2/2)"><conditions><condition number="0" type="jump" coverage="100%"/></conditions></line><line number="5125" hits="1" branch="false"/><line number="5126" hits="1" branch="false"/><line number="5127" hits="1" branch="false"/><line number="5128" hits="1" branch="false"/><line number="5129" hits="1" branch="false"/><line number="5130" hits="1" branch="false"/><line number="5131" hits="1" branch="false"/><line number="5132" hits="1" branch="false"/><line number="5133" hits="1" branch="false"/><line number="5134" hits="1" branch="false"/><line number="5137" hits="1" branch="false"/><line number="5139" hits="1" branch="false"/><line number="5140" hits="1" branch="false"/><line number="5144" hits="1" branch="false"/><line number="5145" hits="1" branch="false"/><line number="5146" hits="1" branch="false"/><line number="5147" hits="1" branch="false"/><line number="5148" hits="1" branch="false"/><line number="5149" hits="1" branch="false"/><line number="5150" hits="1" branch="false"/><line number="5151" hits="1" branch="false"/><line number="5152" hits="1" branch="false"/><line number="5153" hits="1" branch="false"/><line number="5154" hits="1" branch="false"/><line number="5155" hits="1" branch="false"/><line number="5157" hits="1" branch="false"/><line number="5158" hits="14" branch="true" condition-coverage="100% (2/2)"><conditions><condition number="0" type="jump" coverage="100%"/></conditions></line><line number="5160" hits="13" branch="false"/><line number="5164" hits="15" branch="true" condition-coverage="100% (2/2)"><conditions><condition number="0" type="jump" coverage="100%"/></conditions></line><line number="5166" hits="14" branch="true" condition-coverage="100% (2/2)"><conditions><condition number="0" type="jump" coverage="100%"/></conditions></line><line number="5168" hits="1" branch="false"/><line number="5169" hits="1" branch="false"/><line number="5173" hits="2" branch="false"/><line number="5211" hits="1" branch="false"/><line number="5218" hits="1" branch="false"/><line number="5219" hits="1" branch="false"/><line number="5225" hits="1" branch="false"/><line number="5226" hits="1" branch="false"/><line number="5227" hits="1" branch="false"/><line number="5228" hits="1" branch="false"/><line number="5229" hits="1" branch="false"/><line number="5230" hits="1" branch="false"/><line number="5231" hits="1" branch="false"/><line number="5232" hits="1" branch="false"/><line number="5233" hits="1" branch="false"/><line number="5234" hits="1" branch="false"/><line number="5235" hits="1" branch="false"/><line number="5236" hits="1" branch="false"/><line number="5237" hits="1" branch="false"/><line number="5238" hits="1" branch="false"/><line number="5240" hits="1" branch="false"/><line number="5287" hits="2" branch="false"/><line number="5294" hits="2" branch="false"/><line number="5295" hits="2" branch="false"/><line number="5298" hits="2" branch="true" condition-coverage="100% (2/2)"><conditions><condition number="0" type="jump" coverage="100%"/></conditions></line><line number="5300" hits="1" branch="false"/><line number="5304" hits="1" branch="false"/><line number="5305" hits="1" branch="false"/><line number="5306" hits="1" branch="false"/><line number="5309" hits="2" branch="true" condition-coverage="100% (2/2)"><conditions><condition number="0" type="jump" coverage="100%"/></conditions></line><line number="5311" hits="1" branch="false"/><line number="5314" hits="2" branch="false"/><line number="5352" hits="1" branch="false"/><line number="5360" hits="1" branch="false"/><line number="5362" hits="1" branch="false"/><line number="5393" hits="2" branch="false"/><line number="5400" hits="2" branch="false"/><line number="5403" hits="2" branch="true" condition-coverage="100% (2/2)"><conditions><condition number="0" type="jump" coverage="100%"/></conditions></line><line number="5405" hits="1" branch="false"/><line number="5408" hits="2" branch="false"/><line number="5471" hits="1" branch="false"/><line number="5479" hits="1" branch="false"/><line number="5481" hits="1" branch="false"/><line number="5627" hits="2" branch="false"/><line number="5635" hits="2" branch="false"/><line number="5639" hits="2" branch="false"/><line number="5641" hits="15" branch="true" condition-coverage="100% (2/2)"><conditions><condition number="0" type="jump" coverage="100%"/></conditions></line><line number="5643" hits="14" branch="true" condition-coverage="100% (2/2)"><conditions><condition number="0" type="jump" coverage="100%"/></conditions></line><line number="5645" hits="1" branch="false"/><line number="5646" hits="1" branch="false"/><line number="5650" hits="2" branch="true" condition-coverage="100% (2/2)"><conditions><condition number="0" type="jump" coverage="100%"/></conditions></line><line number="5652" hits="1" branch="false"/><line number="5654" hits="2" branch="false"/><line number="5692" hits="1" branch="false"/><line number="5699" hits="1" branch="false"/><line number="5703" hits="1" branch="false"/><line number="5704" hits="1" branch="false"/><line number="5850" hits="2" branch="false"/><line number="5858" hits="2" branch="false"/><line number="5862" hits="2" branch="false"/><line number="5865" hits="15" branch="true" condition-coverage="100% (2/2)"><conditions><condition number="0" type="jump" coverage="100%"/></conditions></line><line number="5867" hits="14" branch="true" condition-coverage="100% (2/2)"><conditions><condition number="0" type="jump" coverage="100%"/></conditions></line><line number="5869" hits="1" branch="false"/><line number="5870" hits="1" branch="false"/><line number="5874" hits="2" branch="true" condition-coverage="100% (2/2)"><conditions><condition number="0" type="jump" coverage="100%"/></conditions></line><line number="5876" hits="1" branch="false"/><line number="5878" hits="2" branch="false"/><line number="5916" hits="1" branch="false"/><line number="5923" hits="1" branch="false"/><line number="5927" hits="1" branch="false"/><line number="5928" hits="1" branch="false"/><line number="5959" hits="1" branch="false"/><line number="5966" hits="1" branch="false"/><line number="6004" hits="1" branch="false"/><line number="6013" hits="1" branch="false"/><line number="6015" hits="1" branch="false"/><line number="6046" hits="1" branch="false"/><line number="6054" hits="1" branch="false"/><line number="6092" hits="1" branch="false"/><line number="6099" hits="1" branch="false"/><line number="6100" hits="1" branch="false"/><line number="6101" hits="1" branch="false"/><line number="6102" hits="1" branch="false"/><line number="6103" hits="1" branch="false"/><line number="6105" hits="1" branch="false"/><line number="6129" hits="3" branch="false"/><line number="6135" hits="3" branch="false"/><line number="6136" hits="3" branch="false"/><line number="6138" hits="4" branch="true" condition-coverage="75% (3/4)"><conditions><condition number="0" type="jump" coverage="75%"/></conditions></line><line number="6139" hits="1" branch="false"/><line number="6144" hits="2" branch="false"/><line number="6146" hits="2" branch="false"/><line number="6147" hits="2" branch="false"/><line number="6148" hits="2" branch="false"/><line number="6149" hits="2" branch="false"/><line number="6150" hits="2" branch="false"/><line number="6151" hits="2" branch="false"/><line number="6152" hits="2" branch="false"/><line number="6153" hits="2" branch="false"/><line number="6154" hits="2" branch="false"/><line number="6156" hits="4" branch="true" condition-coverage="50% (1/2)"><conditions><condition number="0" type="jump" coverage="50%"/></conditions></line><line number="6159" hits="2" branch="false"/><line number="6169" hits="1" branch="false"/><line number="6175" hits="3" branch="false"/><line number="6194" hits="0" branch="false"/><line number="6202" hits="0" branch="true" condition-coverage="0% (0/2)"><conditions><condition number="0" type="jump" coverage="0%"/></conditions></line><line number="6204" hits="0" branch="false"/><line number="6208" hits="0" branch="false"/><line number="6233" hits="2" branch="false"/><line number="6241" hits="2" branch="true" condition-coverage="100% (2/2)"><conditions><condition number="0" type="jump" coverage="100%"/></conditions></line><line number="6243" hits="1" branch="false"/><line number="6247" hits="1" branch="false"/><line number="6253" hits="2" branch="false"/><line number="6401" hits="3" branch="false"/><line number="6409" hits="3" branch="false"/><line number="6412" hits="3" branch="false"/><line number="6415" hits="29" branch="true" condition-coverage="100% (2/2)"><conditions><condition number="0" type="jump" coverage="100%"/></conditions></line><line number="6417" hits="27" branch="true" condition-coverage="100% (2/2)"><conditions><condition number="0" type="jump" coverage="100%"/></conditions></line><line number="6419" hits="1" branch="false"/><line number="6420" hits="1" branch="false"/><line number="6427" hits="3" branch="true" condition-coverage="100% (2/2)"><conditions><condition number="0" type="jump" coverage="100%"/></conditions></line><line number="6429" hits="2" branch="false"/><line number="6430" hits="2" branch="false"/><line number="6433" hits="3" branch="false"/><line number="6586" hits="3" branch="false"/><line number="6594" hits="3" branch="false"/><line number="6597" hits="3" branch="false"/><line number="6600" hits="29" branch="true" condition-coverage="100% (2/2)"><conditions><condition number="0" type="jump" coverage="100%"/></conditions></line><line number="6602" hits="27" branch="true" condition-coverage="100% (2/2)"><conditions><condition number="0" type="jump" coverage="100%"/></conditions></line><line number="6604" hits="1" branch="false"/><line number="6605" hits="1" branch="false"/><line number="6613" hits="3" branch="true" condition-coverage="100% (2/2)"><conditions><condition number="0" type="jump" coverage="100%"/></conditions></line><line number="6615" hits="2" branch="false"/><line number="6616" hits="2" branch="false"/><line number="6619" hits="3" branch="false"/><line number="6635" hits="3" branch="false"/><line number="6637" hits="3" branch="false"/><line number="6638" hits="3" branch="false"/><line number="6639" hits="3" branch="false"/><line number="6640" hits="3" branch="false"/><line number="6641" hits="3" branch="false"/><line number="6642" hits="3" branch="false"/><line number="6643" hits="3" branch="false"/><line number="6644" hits="3" branch="false"/><line number="6645" hits="3" branch="false"/><line number="6646" hits="3" branch="false"/><line number="6647" hits="3" branch="false"/><line number="6648" hits="3" branch="false"/><line number="6649" hits="3" branch="false"/><line number="6650" hits="3" branch="false"/><line number="6651" hits="3" branch="false"/><line number="6653" hits="3" branch="false"/><line number="6655" hits="3" branch="false"/><line number="6656" hits="3" branch="false"/><line number="6657" hits="3" branch="false"/><line number="6658" hits="3" branch="false"/><line number="6659" hits="3" branch="false"/><line number="6660" hits="3" branch="false"/><line number="6661" hits="3" branch="false"/><line number="6662" hits="3" branch="false"/><line number="6663" hits="3" branch="false"/><line number="6664" hits="3" branch="false"/><line number="6665" hits="3" branch="false"/><line number="6666" hits="3" branch="false"/><line number="6667" hits="3" branch="false"/><line number="6668" hits="3" branch="false"/><line number="6669" hits="3" branch="false"/><line number="6672" hits="5" branch="false"/><line number="6675" hits="5" branch="true" condition-coverage="100% (2/2)"><conditions><condition number="0" type="jump" coverage="100%"/></conditions></line><line number="6677" hits="3" branch="false"/><line number="6678" hits="3" branch="false"/><line number="6679" hits="3" branch="false"/><line number="6680" hits="3" branch="false"/><line number="6681" hits="3" branch="false"/><line number="6682" hits="3" branch="false"/><line number="6683" hits="3" branch="false"/><line number="6684" hits="3" branch="false"/><line number="6685" hits="3" branch="false"/><line number="6686" hits="3" branch="false"/><line number="6689" hits="3" branch="false"/><line number="6691" hits="3" branch="false"/><line number="6692" hits="3" branch="false"/><line number="6696" hits="2" branch="false"/><line number="6697" hits="2" branch="false"/><line number="6698" hits="2" branch="false"/><line number="6699" hits="2" branch="false"/><line number="6700" hits="2" branch="false"/><line number="6701" hits="2" branch="false"/><line number="6702" hits="2" branch="false"/><line number="6703" hits="2" branch="false"/><line number="6704" hits="2" branch="false"/><line number="6705" hits="2" branch="false"/><line number="6706" hits="2" branch="false"/><line number="6707" hits="2" branch="false"/><line number="6708" hits="2" branch="false"/><line number="6709" hits="28" branch="true" condition-coverage="100% (2/2)"><conditions><condition number="0" type="jump" coverage="100%"/></conditions></line><line number="6711" hits="26" branch="false"/><line number="6714" hits="5" branch="false"/><line number="6717" hits="5" branch="false"/><line number="6720" hits="5" branch="true" condition-coverage="100% (2/2)"><conditions><condition number="0" type="jump" coverage="100%"/></conditions></line><line number="6722" hits="3" branch="false"/><line number="6723" hits="3" branch="false"/><line number="6724" hits="3" branch="false"/><line number="6725" hits="3" branch="false"/><line number="6726" hits="3" branch="false"/><line number="6727" hits="3" branch="false"/><line number="6728" hits="3" branch="false"/><line number="6729" hits="3" branch="false"/><line number="6730" hits="3" branch="false"/><line number="6731" hits="3" branch="false"/><line number="6734" hits="3" branch="false"/><line number="6736" hits="3" branch="false"/><line number="6737" hits="3" branch="false"/><line number="6741" hits="2" branch="false"/><line number="6742" hits="2" branch="false"/><line number="6743" hits="2" branch="false"/><line number="6744" hits="2" branch="false"/><line number="6745" hits="2" branch="false"/><line number="6746" hits="2" branch="false"/><line number="6747" hits="2" branch="false"/><line number="6748" hits="2" branch="false"/><line number="6749" hits="2" branch="false"/><line number="6750" hits="2" branch="false"/><line number="6751" hits="2" branch="false"/><line number="6752" hits="2" branch="false"/><line number="6754" hits="2" branch="false"/><line number="6755" hits="28" branch="true" condition-coverage="100% (2/2)"><conditions><condition number="0" type="jump" coverage="100%"/></conditions></line><line number="6757" hits="26" branch="false"/><line number="6760" hits="5" branch="false"/><line number="6762" hits="4" branch="false"/><line number="6765" hits="56" branch="true" condition-coverage="100% (2/2)"><conditions><condition number="0" type="jump" coverage="100%"/></conditions></line><line number="6767" hits="52" branch="true" condition-coverage="100% (2/2)"><conditions><condition number="0" type="jump" coverage="100%"/></conditions></line><line number="6769" hits="25" branch="true" condition-coverage="100% (13/13)"><conditions><condition number="0" type="jump" coverage="100%"/></conditions></line><line number="6771" hits="2" branch="false"/><line number="6772" hits="2" branch="false"/><line number="6773" hits="2" branch="false"/><line number="6774" hits="2" branch="false"/><line number="6775" hits="2" branch="false"/><line number="6776" hits="2" branch="false"/><line number="6777" hits="2" branch="false"/><line number="6778" hits="2" branch="false"/><line number="6779" hits="2" branch="false"/><line number="6780" hits="2" branch="false"/><line number="6781" hits="2" branch="false"/><line number="6782" hits="2" branch="false"/><line number="6783" hits="2" branch="false"/><line number="6784" hits="2" branch="false"/><line number="6785" hits="2" branch="false"/><line number="6786" hits="2" branch="false"/><line number="6787" hits="2" branch="false"/><line number="6788" hits="2" branch="false"/><line number="6789" hits="2" branch="false"/><line number="6790" hits="2" branch="false"/><line number="6791" hits="2" branch="false"/><line number="6792" hits="2" branch="false"/><line number="6793" hits="2" branch="false"/><line number="6794" hits="2" branch="false"/><line number="6795" hits="2" branch="false"/><line number="6796" hits="2" branch="false"/><line number="6797" hits="2" branch="false"/><line number="6798" hits="2" branch="false"/><line number="6799" hits="2" branch="false"/><line number="6800" hits="2" branch="false"/><line number="6801" hits="2" branch="false"/><line number="6802" hits="2" branch="false"/><line number="6803" hits="2" branch="false"/><line number="6804" hits="2" branch="false"/><line number="6805" hits="2" branch="false"/><line number="6806" hits="2" branch="false"/><line number="6808" hits="1" branch="false"/><line number="6809" hits="1" branch="false"/><line number="6813" hits="4" branch="false"/><line number="6816" hits="4" branch="false"/><line number="6819" hits="56" branch="true" condition-coverage="100% (2/2)"><conditions><condition number="0" type="jump" coverage="100%"/></conditions></line><line number="6821" hits="52" branch="true" condition-coverage="100% (2/2)"><conditions><condition number="0" type="jump" coverage="100%"/></conditions></line><line number="6823" hits="25" branch="true" condition-coverage="100% (13/13)"><conditions><condition number="0" type="jump" coverage="100%"/></conditions></line><line number="6825" hits="2" branch="false"/><line number="6826" hits="2" branch="false"/><line number="6827" hits="2" branch="false"/><line number="6828" hits="2" branch="false"/><line number="6829" hits="2" branch="false"/><line number="6830" hits="2" branch="false"/><line number="6831" hits="2" branch="false"/><line number="6832" hits="2" branch="false"/><line number="6833" hits="2" branch="false"/><line number="6834" hits="2" branch="false"/><line number="6835" hits="2" branch="false"/><line number="6836" hits="2" branch="false"/><line number="6837" hits="2" branch="false"/><line number="6838" hits="2" branch="false"/><line number="6839" hits="2" branch="false"/><line number="6840" hits="2" branch="false"/><line number="6841" hits="2" branch="false"/><line number="6842" hits="2" branch="false"/><line number="6843" hits="2" branch="false"/><line number="6844" hits="2" branch="false"/><line number="6845" hits="2" branch="false"/><line number="6846" hits="2" branch="false"/><line number="6847" hits="2" branch="false"/><line number="6848" hits="2" branch="false"/><line number="6849" hits="2" branch="false"/><line number="6850" hits="2" branch="false"/><line number="6851" hits="2" branch="false"/><line number="6852" hits="2" branch="false"/><line number="6853" hits="2" branch="false"/><line number="6854" hits="2" branch="false"/><line number="6855" hits="2" branch="false"/><line number="6856" hits="2" branch="false"/><line number="6857" hits="2" branch="false"/><line number="6858" hits="2" branch="false"/><line number="6859" hits="2" branch="false"/><line number="6860" hits="2" branch="false"/><line number="6862" hits="1" branch="false"/><line number="6863" hits="1" branch="false"/><line number="6867" hits="4" branch="false"/></lines></class></classes></package></packages></coverage>