<?xml version='1.0' encoding='UTF-8'?>
<!DOCTYPE coverage SYSTEM 'http://cobertura.sourceforge.net/xml/coverage-04.dtd'>
<coverage line-rate="1.0" branch-rate="1.0" lines-covered="97" lines-valid="97" branches-covered="34" branches-valid="34" complexity="0.0" timestamp="1643968158" version="gcovr 4.2"><sources><source>.</source></sources><packages><package name="02_Code" line-rate="1.0" branch-rate="1.0" complexity="0.0"><classes><class name="BswM_CustomRule_Callout_c" filename="02_Code/BswM_CustomRule_Callout.c" line-rate="1.0" branch-rate="1.0" complexity="0.0"><methods/><lines><line number="77" hits="10" branch="false"/><line number="79" hits="10" branch="false"/><line number="86" hits="10" branch="false"/><line number="87" hits="10" branch="false"/><line number="88" hits="10" branch="false"/><line number="89" hits="10" branch="false"/><line number="90" hits="10" branch="false"/><line number="92" hits="10" branch="false"/><line number="93" hits="10" branch="false"/><line number="94" hits="10" branch="false"/><line number="95" hits="10" branch="false"/><line number="98" hits="10" branch="false"/><line number="99" hits="10" branch="false"/><line number="100" hits="10" branch="false"/><line number="101" hits="10" branch="false"/><line number="102" hits="10" branch="false"/><line number="106" hits="10" branch="false"/><line number="107" hits="10" branch="false"/><line number="108" hits="10" branch="false"/><line number="109" hits="10" branch="false"/><line number="112" hits="10" branch="true" condition-coverage="100% (2/2)"><conditions><condition number="0" type="jump" coverage="100%"/></conditions></line><line number="115" hits="1" branch="false"/><line number="117" hits="9" branch="true" condition-coverage="100% (2/2)"><conditions><condition number="0" type="jump" coverage="100%"/></conditions></line><line number="119" hits="1" branch="false"/><line number="121" hits="8" branch="true" condition-coverage="100% (4/4)"><conditions><condition number="0" type="jump" coverage="100%"/></conditions></line><line number="123" hits="2" branch="false"/><line number="125" hits="6" branch="true" condition-coverage="100% (2/2)"><conditions><condition number="0" type="jump" coverage="100%"/></conditions></line><line number="127" hits="1" branch="false"/><line number="129" hits="9" branch="true" condition-coverage="100% (4/4)"><conditions><condition number="0" type="jump" coverage="100%"/></conditions></line><line number="130" hits="7" branch="true" condition-coverage="100% (2/2)"><conditions><condition number="0" type="jump" coverage="100%"/></conditions></line><line number="131" hits="5" branch="true" condition-coverage="100% (2/2)"><conditions><condition number="0" type="jump" coverage="100%"/></conditions></line><line number="132" hits="2" branch="false"/><line number="135" hits="4" branch="false"/><line number="141" hits="1" branch="false"/><line number="145" hits="10" branch="false"/><line number="146" hits="10" branch="false"/><line number="156" hits="5" branch="false"/><line number="159" hits="5" branch="false"/><line number="161" hits="5" branch="true" condition-coverage="100% (2/2)"><conditions><condition number="0" type="jump" coverage="100%"/></conditions></line><line number="163" hits="3" branch="false"/><line number="167" hits="2" branch="false"/><line number="170" hits="5" branch="true" condition-coverage="100% (2/2)"><conditions><condition number="0" type="jump" coverage="100%"/></conditions></line><line number="172" hits="3" branch="false"/><line number="176" hits="2" branch="false"/><line number="179" hits="5" branch="false"/><line number="180" hits="5" branch="false"/><line number="186" hits="2" branch="false"/><line number="190" hits="2" branch="true" condition-coverage="100% (2/2)"><conditions><condition number="0" type="jump" coverage="100%"/></conditions></line><line number="192" hits="1" branch="false"/><line number="194" hits="2" branch="false"/><line number="199" hits="1" branch="false"/><line number="201" hits="1" branch="false"/><line number="202" hits="1" branch="false"/><line number="207" hits="1" branch="false"/><line number="209" hits="1" branch="false"/><line number="210" hits="1" branch="false"/><line number="215" hits="1" branch="false"/><line number="217" hits="1" branch="false"/><line number="218" hits="1" branch="false"/><line number="223" hits="1" branch="false"/><line number="225" hits="1" branch="false"/><line number="226" hits="1" branch="false"/><line number="231" hits="1" branch="false"/><line number="233" hits="1" branch="false"/><line number="234" hits="1" branch="false"/><line number="239" hits="10" branch="false"/><line number="241" hits="10" branch="false"/><line number="242" hits="10" branch="true" condition-coverage="100% (2/2)"><conditions><condition number="0" type="jump" coverage="100%"/></conditions></line><line number="244" hits="1" branch="false"/><line number="245" hits="1" branch="false"/><line number="247" hits="10" branch="false"/><line number="252" hits="2" branch="false"/><line number="254" hits="2" branch="true" condition-coverage="100% (2/2)"><conditions><condition number="0" type="jump" coverage="100%"/></conditions></line><line number="256" hits="1" branch="false"/><line number="257" hits="1" branch="false"/><line number="259" hits="2" branch="false"/><line number="264" hits="2" branch="false"/><line number="266" hits="2" branch="true" condition-coverage="100% (2/2)"><conditions><condition number="0" type="jump" coverage="100%"/></conditions></line><line number="268" hits="1" branch="false"/><line number="269" hits="1" branch="false"/><line number="271" hits="2" branch="false"/><line number="276" hits="2" branch="false"/><line number="278" hits="2" branch="true" condition-coverage="100% (2/2)"><conditions><condition number="0" type="jump" coverage="100%"/></conditions></line><line number="280" hits="1" branch="false"/><line number="281" hits="1" branch="false"/><line number="283" hits="2" branch="false"/><line number="288" hits="2" branch="false"/><line number="290" hits="2" branch="true" condition-coverage="100% (2/2)"><conditions><condition number="0" type="jump" coverage="100%"/></conditions></line><line number="292" hits="1" branch="false"/><line number="293" hits="1" branch="false"/><line number="295" hits="2" branch="false"/><line number="300" hits="1" branch="false"/><line number="302" hits="1" branch="false"/><line number="307" hits="1" branch="false"/><line number="309" hits="1" branch="false"/><line number="314" hits="1" branch="false"/><line number="316" hits="1" branch="false"/></lines></class></classes></package></packages></coverage>