<?xml version='1.0' encoding='UTF-8'?>
<!DOCTYPE coverage SYSTEM 'http://cobertura.sourceforge.net/xml/coverage-04.dtd'>
<coverage line-rate="1.0" branch-rate="0.0" lines-covered="46" lines-valid="46" branches-covered="0" branches-valid="0" complexity="0.0" timestamp="1643969422" version="gcovr 4.2"><sources><source>.</source></sources><packages><package name="02_Code" line-rate="1.0" branch-rate="0.0" complexity="0.0"><classes><class name="GwSm_Crypto_SWC_c" filename="02_Code/GwSm_Crypto_SWC.c" line-rate="1.0" branch-rate="0.0" complexity="0.0"><methods/><lines><line number="100" hits="1" branch="false"/><line number="111" hits="1" branch="false"/><line number="136" hits="1" branch="false"/><line number="143" hits="1" branch="false"/><line number="173" hits="1" branch="false"/><line number="180" hits="1" branch="false"/><line number="210" hits="1" branch="false"/><line number="217" hits="1" branch="false"/><line number="247" hits="1" branch="false"/><line number="254" hits="1" branch="false"/><line number="291" hits="1" branch="false"/><line number="299" hits="1" branch="false"/><line number="336" hits="1" branch="false"/><line number="344" hits="1" branch="false"/><line number="381" hits="1" branch="false"/><line number="389" hits="1" branch="false"/><line number="426" hits="1" branch="false"/><line number="434" hits="1" branch="false"/><line number="471" hits="1" branch="false"/><line number="479" hits="1" branch="false"/><line number="503" hits="1" branch="false"/><line number="514" hits="1" branch="false"/><line number="533" hits="1" branch="false"/><line number="544" hits="1" branch="false"/><line number="563" hits="1" branch="false"/><line number="574" hits="1" branch="false"/><line number="593" hits="1" branch="false"/><line number="604" hits="1" branch="false"/><line number="623" hits="1" branch="false"/><line number="634" hits="1" branch="false"/><line number="653" hits="1" branch="false"/><line number="664" hits="1" branch="false"/><line number="683" hits="1" branch="false"/><line number="694" hits="1" branch="false"/><line number="713" hits="1" branch="false"/><line number="724" hits="1" branch="false"/><line number="743" hits="1" branch="false"/><line number="754" hits="1" branch="false"/><line number="773" hits="1" branch="false"/><line number="784" hits="1" branch="false"/><line number="803" hits="1" branch="false"/><line number="814" hits="1" branch="false"/><line number="833" hits="1" branch="false"/><line number="844" hits="1" branch="false"/><line number="863" hits="1" branch="false"/><line number="874" hits="1" branch="false"/></lines></class></classes></package></packages></coverage>