<?xml version="1.0" encoding="UTF-8"?>
<testsuites tests="6" failures="0" disabled="0" errors="0" timestamp="2022-02-04T11:11:38" time="0.001" name="AllTests">
  <testsuite name="GTestClass_cdd_CanMsgUpdateNAD" tests="6" failures="0" disabled="0" errors="0" time="0.001">
    <testcase name="Cdd_CanMsgUpdateNAD_Init" status="run" time="0" classname="GTestClass_cdd_CanMsgUpdateNAD">
<properties>
<property name="Tested_LLD_IDs" value="LLD_ID_Cdd_CanMsgUpdateNAD_0020_V001,LLD_ID_Cdd_CanMsgUpdateNAD_0021_V001,LLD_ID_Cdd_CanMsgUpdateNAD_0022_V001,LLD_ID_Cdd_CanMsgUpdateNAD_0023_V001,LLD_ID_Cdd_CanMsgUpdateNAD_0024_V001,LLD_ID_Cdd_CanMsgUpdateNAD_0025_V001,LLD_ID_Cdd_CanMsgUpdateNAD_0026_V001,LLD_ID_Cdd_CanMsgUpdateNAD_0027_V001,LLD_ID_Cdd_CanMsgUpdateNAD_0028_V001,LLD_ID_Cdd_CanMsgUpdateNAD_0029_V001"/>
<property name="Description" value="Checking the function Cdd_CanMsgUpdateNAD_Init"/>
</properties>
    </testcase>
    <testcase name="Cdd_CanMsgUpdateNAD_Cyclic_10ms" status="run" time="0.001" classname="GTestClass_cdd_CanMsgUpdateNAD">
<properties>
[...]
</properties>
    </testcase>
    <testcase name="Cdd_CanMsgUpdateNAD_UpdateKN" status="run" time="0" classname="GTestClass_cdd_CanMsgUpdateNAD">
<properties>
<property name="Tested_LLD_IDs" value="LLD_ID_Cdd_CanMsgUpdateNAD_0030_V001,LLD_ID_Cdd_CanMsgUpdateNAD_0031_V001"/>
<property name="Description" value="Checkinf the function Cdd_CanMsgUpdateNAD_UpdateKN"/>
<property name="Test_Step_0" value="dataPtr!=NULL &amp;&amp; length==sizeof(PDU_CAN_KN_Sekundaer_F0.R)/sizeof(PDU_CAN_KN_Sekundaer_F0.R[0])"/>
<property name="Test_Step_1" value="dataPtr!=NULL &amp;&amp; length==0U"/>
<property name="Test_Step_2" value="dataPtr==NULL &amp;&amp; length==sizeof(PDU_CAN_KN_Sekundaer_F0.R)/sizeof(PDU_CAN_KN_Sekundaer_F0.R[0]"/>
</properties>
    </testcase>
    <testcase name="Cdd_CanMsgUpdateNAD_UpdateNM" status="run" time="0" classname="GTestClass_cdd_CanMsgUpdateNAD">
<properties>
<property name="Tested_LLD_IDs" value="LLD_ID_Cdd_CanMsgUpdateNAD_0032_V001,LLD_ID_Cdd_CanMsgUpdateNAD_0033_V001"/>
<property name="Description" value="Checking the function Cdd_CanMsgUpdateNAD_UpdateNM"/>
<property name="Test_Step_0" value="dataPtr!=NULL &amp;&amp; length==sizeof(PDU_CAN_NM_Sekundaer_F0.R)/sizeof(PDU_CAN_NM_Sekundaer_F0.R[0])"/>
<property name="Test_Step_1" value="dataPtr!=NULL &amp;&amp; length==0U"/>
<property name="Test_Step_2" value="dataPtr==NULL &amp;&amp; length==sizeof(PDU_CAN_NM_Sekundaer_F0.R)/sizeof(PDU_CAN_NM_Sekundaer_F0.R[0])"/>
</properties>
    </testcase>
    <testcase name="Cdd_CanMsgUpdateResetChannel" status="run" time="0" classname="GTestClass_cdd_CanMsgUpdateNAD">
<properties>
<property name="Tested_LLD_IDs" value="LLD_ID_Cdd_CanMsgUpdateNAD_0034_V001,LLD_ID_Cdd_CanMsgUpdateNAD_0035_V001"/>
<property name="Description" value="Checking the function Cdd_CanMsgUpdateResetChannel"/>
</properties>
    </testcase>
    <testcase name="Cdd_CanMsgUpdateNAD_Enable" status="run" time="0" classname="GTestClass_cdd_CanMsgUpdateNAD">
<properties>
<property name="Tested_LLD_IDs" value="LLD_ID_Cdd_CanMsgUpdateNAD_0018_V001,LLD_ID_Cdd_CanMsgUpdateNAD_0019_V001"/>
<property name="Description" value="Checking the function Cdd_CanMsgUpdateNAD_Enable"/>
</properties>
    </testcase>
  </testsuite>
</testsuites>
