<?xml version="1.0" encoding="UTF-8"?>
<testsuites tests="18" failures="0" disabled="0" errors="0" timestamp="2022-02-04T11:16:49" time="0" name="AllTests">
  <testsuite name="GTestClass_Cdd_UtcTime" tests="18" failures="0" disabled="0" errors="0" time="0">
    <testcase name="Cdd_UtcTime_Init_test" status="run" time="0" classname="GTestClass_Cdd_UtcTime">
<properties>
<property name="Description" value="Test the function Cdd_UtcTime_Init, clear the UTC time data"/>
<property name="Tested_LLD_IDs" value="LLD_ID_Cdd_UtcTime_0005_V001,LLD_ID_Cdd_UtcTime_0006_V001"/>
<property name="Test_Step_0" value="Clear the UTC time data when hard reset occured"/>
<property name="Test_Step_1" value="UTC struct is valid =&gt; nothing to expect"/>
</properties>
    </testcase>
    <testcase name="Cdd_UtcTime_SyncWithRtc_test" status="run" time="0" classname="GTestClass_Cdd_UtcTime">
<properties>
<property name="Description" value="Test the function Cdd_UtcTime_SyncWithRtc"/>
<property name="Tested_LLD_IDs" value="LLD_ID_Cdd_UtcTime_0010_V001,LLD_ID_Cdd_UtcTime_0011_V001"/>
</properties>
    </testcase>
    <testcase name="Cdd_UtcTime_GetUtcTime_test" status="run" time="0" classname="GTestClass_Cdd_UtcTime">
<properties>
<property name="Description" value="Test the function Cdd_UtcTime_GetUtcTime"/>
<property name="Tested_LLD_IDs" value="LLD_ID_Cdd_UtcTime_0003_V001,LLD_ID_Cdd_UtcTime_0004_V001"/>
</properties>
    </testcase>
    <testcase name="Cdd_UtcTime_GetRtcCounter_test" status="run" time="0" classname="GTestClass_Cdd_UtcTime">
<properties>
<property name="Description" value="Test the function Cdd_UtcTime_GetRtcCounter"/>
<property name="Tested_LLD_IDs" value="LLD_ID_Cdd_UtcTime_0001_V001,LLD_ID_Cdd_UtcTime_0002_V001"/>
</properties>
    </testcase>
    <testcase name="Cdd_UtcTime_ReceiveData_test" status="run" time="0" classname="GTestClass_Cdd_UtcTime">
<properties>
<property name="Description" value="Test the function Cdd_UtcTime_ReceiveData"/>
<property name="Tested_LLD_IDs" value="LLD_ID_Cdd_UtcTime_0007_V001,LLD_ID_Cdd_UtcTime_0008_V001,LLD_ID_Cdd_UtcTime_0009_V001"/>
</properties>
    </testcase>
    <testcase name="Cdd_UtcTime_CompareEvent_test" status="run" time="0" classname="GTestClass_Cdd_UtcTime">
<properties>
<property name="Description" value="Empty function"/>
</properties>
    </testcase>
    <testcase name="Cdd_UtcTime_SetUtcTime_test" status="run" time="0" classname="GTestClass_Cdd_UtcTime">
<properties>
<property name="Description" value="Test the function Cdd_UtcTime_SetUtcTime"/>
</properties>
    </testcase>
    <testcase name="SimpleTest" status="run" time="0" classname="GTestClass_Cdd_UtcTime">
<properties>
<property name="Description" value="Test that the Cdd_UtcTime_gmtime64 correctly convert the UTC time in milliseconds to year-month-day-hour-minute-second"/>
</properties>
    </testcase>
    <testcase name="Cdd_UtcTime_gmtime64_correctly_converts_first_UTC_time_1970" status="run" time="0" classname="GTestClass_Cdd_UtcTime">
<properties>
<property name="Description" value="Test that the Cdd_UtcTime_gmtime64 correctly convert the UTC time for the cornercase midnight 1970"/>
</properties>
    </testcase>
    <testcase name="Cdd_UtcTime_gmtime64_correctly_converts_UTC_time_in_a_leap_year" status="run" time="0" classname="GTestClass_Cdd_UtcTime">
<properties>
<property name="Description" value="Test that the Cdd_UtcTime_gmtime64 correctly convert the UTC time for a leap year"/>
</properties>
    </testcase>
    <testcase name="Cdd_UtcTime_gmtime64_correctly_converts_UTC_time_for_start_of_a_leap_year" status="run" time="0" classname="GTestClass_Cdd_UtcTime">
<properties>
<property name="Description" value="Test that the Cdd_UtcTime_gmtime64 correctly convert the UTC time for the start of a leap year"/>
</properties>
    </testcase>
    <testcase name="Cdd_UtcTime_gmtime64_correctly_converts_UTC_time_for_end_of_a_leap_year" status="run" time="0" classname="GTestClass_Cdd_UtcTime">
<properties>
<property name="Description" value="Test that the Cdd_UtcTime_gmtime64 correctly convert the UTC time for the end of a leap year"/>
</properties>
    </testcase>
    <testcase name="Cdd_UtcTime_gmtime64_correctly_converts_UTC_time_in_at_29_february_in_leap_year" status="run" time="0" classname="GTestClass_Cdd_UtcTime">
<properties>
<property name="Description" value="Test that the Cdd_UtcTime_gmtime64 correctly convert the UTC time at 29th February in a leap year"/>
</properties>
    </testcase>
    <testcase name="Cdd_UtcTime_gmtime64_correctly_converts_first_day_of_year" status="run" time="0" classname="GTestClass_Cdd_UtcTime">
<properties>
<property name="Description" value="Test that the Cdd_UtcTime_gmtime64 correctly convert the UTC time for the first day of the year"/>
</properties>
    </testcase>
    <testcase name="Cdd_UtcTime_gmtime64_correctly_converts_last_day_of_year" status="run" time="0" classname="GTestClass_Cdd_UtcTime">
<properties>
<property name="Description" value="Test that the Cdd_UtcTime_gmtime64 correctly convert the UTC time for the last day of the year"/>
</properties>
    </testcase>
    <testcase name="Cdd_UtcTime_gmtime64_correctly_converts_UTC_time_after_the_year_2038" status="run" time="0" classname="GTestClass_Cdd_UtcTime">
<properties>
<property name="Description" value="Test that the Cdd_UtcTime_gmtime64 correctly handle UTC time after 2038: https://en.wikipedia.org/wiki/Year_2038_problem"/>
</properties>
    </testcase>
    <testcase name="Cdd_UtcTime_gmtime64_correctly_converts_leap_year_divisible_by_100" status="run" time="0" classname="GTestClass_Cdd_UtcTime">
<properties>
<property name="Description" value="Test that the Cdd_UtcTime_gmtime64 correctly convert the UTC time for a leap year that can be divided by 100"/>
</properties>
    </testcase>
    <testcase name="Cdd_UtcTime_gmtime64_correctly_converts_leap_year_divisible_by_400" status="run" time="0" classname="GTestClass_Cdd_UtcTime">
<properties>
<property name="Description" value="Test that the Cdd_UtcTime_gmtime64 correctly convert the UTC time for a leap year that can be divided by 400"/>
</properties>
    </testcase>
  </testsuite>
</testsuites>
