<?xml version="1.0" encoding="UTF-8"?>
<testsuites tests="3" failures="0" disabled="0" errors="0" timestamp="2022-02-04T11:18:01" time="0" name="AllTests">
  <testsuite name="GTestClass_DioWrapper" tests="3" failures="0" disabled="0" errors="0" time="0">
    <testcase name="DioWrapper_Init" status="run" time="0" classname="GTestClass_DioWrapper">
<properties>
<property name="Tested_LLD_IDs" value="LLD_ID_Cdd_DioWrapper_0001_V001,LLD_ID_Cdd_DioWrapper_0002_V001,LLD_ID_Cdd_DioWrapper_0003_V001,LLD_ID_Cdd_DioWrapper_0004_V001,LLD_ID_Cdd_DioWrapper_0005_V001,LLD_ID_Cdd_DioWrapper_0006_V001,LLD_ID_Cdd_DioWrapper_0007_V001,LLD_ID_Cdd_DioWrapper_0008_V001"/>
<property name="Description" value="Initialize the DioWrapper component testing"/>
<property name="Test_Step_0" value="NULL config"/>
<property name="Test_Step_1" value="config is not null"/>
<property name="Test_Step_2" value="config length equal to  DIOWRAPPER_NR_OF_CONFIGURED_CHANNELS"/>
</properties>
    </testcase>
    <testcase name="DioWrapper_ReadChannel" status="run" time="0" classname="GTestClass_DioWrapper">
<properties>
<property name="Tested_LLD_IDs" value="LLD_ID_Cdd_DioWrapper_0009_V001,LLD_ID_Cdd_DioWrapper_0010_V001,LLD_ID_Cdd_DioWrapper_0011_V001,LLD_ID_Cdd_DioWrapper_0012_V001,LLD_ID_Cdd_DioWrapper_0013_V001"/>
<property name="Description" value="Wrapper function to read a DIO channel"/>
<property name="Test_Step_0" value="NULL config"/>
<property name="Test_Step_1" value="config is not NULL"/>
<property name="Test_Step_2" value="Channel Id &gt;= LocalConfig-&gt;len"/>
<property name="Test_Step_3" value="LocalConfig-&gt;cfg[ChannelId] == DioConf_DioChannel_CHANNEL_UNUSED"/>
</properties>
    </testcase>
    <testcase name="DioWrapper_WriteChannel" status="run" time="0" classname="GTestClass_DioWrapper">
<properties>
<property name="Tested_LLD_IDs" value="LLD_ID_Cdd_DioWrapper_0014_V001,LLD_ID_Cdd_DioWrapper_0015_V001,LLD_ID_Cdd_DioWrapper_0016_V001,LLD_ID_Cdd_DioWrapper_0017_V001,LLD_ID_Cdd_DioWrapper_0018_V001,LLD_ID_Cdd_DioWrapper_0019_V001"/>
<property name="Description" value="Wrapper function to write a DIO channel"/>
<property name="Test_Step_0" value="NULL config"/>
<property name="Test_Step_1" value="config is not NULL"/>
<property name="Test_Step_2" value="Channel Id &gt;= LocalConfig-&gt;len"/>
<property name="Test_Step_3" value="LocalConfig-&gt;cfg[ChannelId] == DioConf_DioChannel_CHANNEL_UNUSED"/>
</properties>
    </testcase>
  </testsuite>
</testsuites>
