<?xml version="1.0" encoding="UTF-8"?>
<testsuites tests="12" failures="0" disabled="0" errors="0" timestamp="2022-02-04T10:59:02" time="0.002" name="AllTests">
  <testsuite name="GTestClass_CtDiagnosticServices_MeasurementValuesNAD" tests="12" failures="0" disabled="0" errors="0" time="0.002">
    <testcase name="ResponseHandling" status="run" time="0" classname="GTestClass_CtDiagnosticServices_MeasurementValuesNAD">
<properties>
<property name="Description" value="Test the standardized Response Handling for Reading Measured Values"/>
<property name="Tested_LLD_IDs" value=""/>
<property name="Test_Step_0" value="Response if Job is not started"/>
<property name="Test_Step_1" value="Response if Job is successful"/>
<property name="Test_Step_2" value="Response if Job fails"/>
<property name="Test_Step_3" value="Response if Job is pending and then fails"/>
<property name="Expected_4" value=""/>
</properties>
    </testcase>
    <testcase name="CtDiagnosticServices_MeasurementValuesNAD_Cyclic_10ms" status="run" time="0" classname="GTestClass_CtDiagnosticServices_MeasurementValuesNAD">
<properties>
<property name="Description" value="CtDiagnosticServices_MeasurementValuesNAD_Cyclic_10ms function check"/>
<property name="Tested_LLD_IDs" value=""/>
</properties>
    </testcase>
    <testcase name="Receive_RSTP_Callback" status="run" time="0.001" classname="GTestClass_CtDiagnosticServices_MeasurementValuesNAD">
<properties>
<property name="Description" value="Receive MeasurementsValuesNAD RSTP Callback"/>
<property name="Tested_LLD_IDs" value=""/>
<property name="Test_Step_0" value="Received with invalid message ID"/>
<property name="Test_Step_1" value="Receive valid message with correct length and copy it to the RAM Mirror"/>
<property name="Test_Step_2" value="Receive valid message with different length as the coding block"/>
<property name="Test_Step_3" value="Receive invalid message from RSTP buffer"/>
<property name="Expected_4" value=""/>
</properties>
    </testcase>
    <testcase name="ConditionCheckRead" status="run" time="0" classname="GTestClass_CtDiagnosticServices_MeasurementValuesNAD">
<properties>
<property name="Description" value="Test Condition Check Read of Measurement Value DID Services"/>
<property name="Tested_LLD_IDs" value=""/>
<property name="Test_Step_0" value="Check Condition if Job is ongoing"/>
<property name="Test_Step_1" value="Check Condition if Job is not started"/>
<property name="Expected_2" value="Condition is o.k, when Job is not started and pending if it is started"/>
</properties>
    </testcase>
    <testcase name="ReadData" status="run" time="0" classname="GTestClass_CtDiagnosticServices_MeasurementValuesNAD">
<properties>
<property name="Description" value="Read MeasValue Data"/>
<property name="Tested_LLD_IDs" value=""/>
<property name="Test_Step_0" value="Call MeasValue Read Data while Job is still pending"/>
<property name="Test_Step_1" value="Call MeasValue Read Data when Job was successful"/>
<property name="Test_Step_2" value="Call MeasValue Read Data when Job was failed"/>
<property name="Expected_3" value="Read Data transmits Data when Job is not started yet, otherwise it returns status"/>
</properties>
    </testcase>
    <testcase name="ReadDataLength" status="run" time="0" classname="GTestClass_CtDiagnosticServices_MeasurementValuesNAD">
<properties>
<property name="Description" value="Read Length of Data Array"/>
<property name="Tested_LLD_IDs" value=""/>
<property name="Test_Step_0" value="Read Length of Data Array"/>
<property name="Expected_1" value="Length of the data array is read"/>
</properties>
    </testcase>
    <testcase name="MeasValue_142_ReadData" status="run" time="0" classname="GTestClass_CtDiagnosticServices_MeasurementValuesNAD">
<properties>
<property name="Description" value="Test function DidServices_ID_MeasValue_142_ReadData"/>
<property name="Tested_LLD_IDs" value=""/>
<property name="Test_Step_0" value="NAD response pending because this is the initial call"/>
<property name="Expected_1" value="Returns RTE_E_DidServices_ID_MeasValue_142_E_PENDING and data remains unchanged"/>
<property name="Test_Step_2" value="NAD response pending because NAD response not yet received"/>
<property name="Expected_3" value="Returns RTE_E_DidServices_ID_MeasValue_142_E_PENDING and data remains unchanged"/>
<property name="Test_Step_4" value="NAD response failed"/>
<property name="Expected_5" value="Returns RTE_E_DidServices_ID_MeasValue_142_E_NOT_OK and CMP NDP data section remains unchanged"/>
<property name="Test_Step_6" value="NAD response OK but could not get CMP NDP cache"/>
<property name="Expected_7" value="Returns RTE_E_DidServices_ID_MeasValue_142_E_NOT_OK and CMP NDP data section remains unchanged"/>
<property name="Test_Step_8" value="NAD response OK and reading of CMP NDP cache successful"/>
<property name="Expected_9" value="Returns RTE_E_DidServices_ID_MeasValue_142_E_NOT_OK and CMP NDP data section remains unchanged"/>
</properties>
    </testcase>
    <testcase name="MeasValue_142_ConditionCheckRead" status="run" time="0" classname="GTestClass_CtDiagnosticServices_MeasurementValuesNAD">
<properties>
<property name="Description" value="Test function DidServices_ID_MeasValue_142_ConditionCheckRead"/>
<property name="Tested_LLD_IDs" value=""/>
<property name="Test_Step_0" value="MeasVal_142_ConditionCheckRead always returns E_OK"/>
<property name="Expected_1" value="Always returns E_OK"/>
</properties>
    </testcase>
    <testcase name="MeasValue_142_ReadDataLength" status="run" time="0" classname="GTestClass_CtDiagnosticServices_MeasurementValuesNAD">
<properties>
<property name="Description" value="Test function DidServices_ID_MeasValue_142_ReadDataLength"/>
<property name="Tested_LLD_IDs" value=""/>
<property name="Test_Step_0" value="MeasValue_142_ReadDataLength always returns E_OK and correct DID length"/>
<property name="Expected_1" value="Always returns E_OK and correct length"/>
</properties>
    </testcase>
    <testcase name="MeasValue_141_ReadData" status="run" time="0" classname="GTestClass_CtDiagnosticServices_MeasurementValuesNAD">
<properties>
<property name="Description" value="Test function DidServices_ID_MeasValue_141_ReadData"/>
<property name="Tested_LLD_IDs" value=""/>
<property name="Test_Step_0" value="NAD response pending because this is the initial call"/>
<property name="Expected_1" value="Returns RTE_E_DidServices_ID_MeasValue_141_E_PENDING and data remains unchanged"/>
<property name="Test_Step_2" value="NAD response pending because NAD response not yet received"/>
<property name="Expected_3" value="Returns RTE_E_DidServices_ID_MeasValue_141_E_PENDING and data remains unchanged"/>
<property name="Test_Step_4" value="NAD response failed"/>
<property name="Expected_5" value="Returns RTE_E_DidServices_ID_MeasValue_141_E_NOT_OK and CMP NDP data section remains unchanged"/>
<property name="Test_Step_6" value="NAD response OK but could not get CMP NDP cache"/>
<property name="Expected_7" value="Returns RTE_E_DidServices_ID_MeasValue_141_E_NOT_OK and CMP NDP data section remains unchanged"/>
<property name="Test_Step_8" value="NAD response OK and reading of CMP NDP cache successful"/>
<property name="Expected_9" value="Returns RTE_E_DidServices_ID_MeasValue_141E_NOT_OK and CMP NDP data section remains unchanged"/>
</properties>
    </testcase>
    <testcase name="MeasValue_141_ConditionCheckRead" status="run" time="0" classname="GTestClass_CtDiagnosticServices_MeasurementValuesNAD">
<properties>
<property name="Description" value="Test function DidServices_ID_MeasValue_141_ConditionCheckRead"/>
<property name="Tested_LLD_IDs" value=""/>
<property name="Test_Step_0" value="MeasVal_141_ConditionCheckRead always returns E_OK"/>
<property name="Expected_1" value="Always returns E_OK"/>
</properties>
    </testcase>
    <testcase name="MeasValue_141_ReadDataLength" status="run" time="0" classname="GTestClass_CtDiagnosticServices_MeasurementValuesNAD">
<properties>
<property name="Description" value="Test function DidServices_ID_MeasValue_141_ReadDataLength"/>
<property name="Tested_LLD_IDs" value=""/>
<property name="Test_Step_0" value="MeasValue_141_ReadDataLength always returns E_OK and correct DID length"/>
<property name="Expected_1" value="Always returns E_OK and correct length"/>
</properties>
    </testcase>
  </testsuite>
</testsuites>
