<?xml version="1.0" encoding="UTF-8"?>
<testsuites tests="9" failures="0" disabled="0" errors="0" timestamp="2022-02-04T10:55:03" time="0.002" name="AllTests">
  <testsuite name="GTestClass_CtDiagnosticServices_Coding" tests="9" failures="0" disabled="0" errors="0" time="0.002">
    <testcase name="Test_CtDiagnosticServices_Coding_Init" status="run" time="0.001" classname="GTestClass_CtDiagnosticServices_Coding">
<properties>
<property name="Description" value="Test function CtDiagnosticServices_Coding_Init(). This function only set DTC 030218 depending on GPS_source parameter"/>
<property name="Tested_LLD_IDs" value="SW_DIAG_CODING_XXX"/>
<property name="Test_Step_0" value="Call function CtDiagnosticServices_Coding_Init() GPS_Source = 1 or 2. Coding is set to FALSE"/>
<property name="Test_Step_1" value="Call function CtDiagnosticServices_Coding_Init() GPS_Source = 0 or 3. Coding is set to TRUE"/>
</properties>
    </testcase>
    <testcase name="Test_CtDiagnosticServices_CodingSwc_RSTP_ReceiveCallback" status="run" time="0" classname="GTestClass_CtDiagnosticServices_Coding">
<properties>
[...]
</properties>
    </testcase>
    <testcase name="Test_CtDiagnosticServices_CodingSwc_ReadCodingParameter_X" status="run" time="0" classname="GTestClass_CtDiagnosticServices_Coding">
<properties>
<property name="Description" value="Test functions CtDiagnosticServices_CodingSwc_ReadCodingParameter_X. These functions return the corresponding parameter from Rte_Pim_CodingData."/>
<property name="Tested_LLD_IDs" value="SW_DIAG_CODING_4, SW_DIAG_CODING_6"/>
<property name="Test_Step_0" value="Coding parameter are set to a different value. The test check the values are updated"/>
</properties>
    </testcase>
    <testcase name="Test_CtDiagnosticServices_Coding_Cyclic_100ms" status="run" time="0.001" classname="GTestClass_CtDiagnosticServices_Coding">
<properties>
[...]
</properties>
    </testcase>
    <testcase name="Test_DidServices_ID_Coding_ConditionCheckWrite" status="run" time="0" classname="GTestClass_CtDiagnosticServices_Coding">
<properties>
<property name="Description" value=" Test function DidServices_ID_Coding_ConditionCheckWrite."/>
<property name="Tested_LLD_IDs" value="SW_DIAG_CODING_XXX"/>
<property name="Test_Step_0" value="Test function DidServices_ID_Coding_ConditionCheckWrite. Fingerprint is not correctly copy in NVMRAM"/>
<property name="Test_Step_1" value="Test function DidServices_ID_Coding_ConditionCheckWrite. Fingerprint is correctly copy in NVMRAM"/>
<property name="Test_Step_2" value="Test function DidServices_ID_Coding_ConditionCheckWrite. Fingerprint is not correctly copy in NVMRAM"/>
</properties>
    </testcase>
    <testcase name="Test_DidServices_ID_Coding_ConditionCheckRead" status="run" time="0" classname="GTestClass_CtDiagnosticServices_Coding">
<properties>
<property name="Description" value=" Test function DidServices_ID_Coding_ConditionCheckRead. Only for coverage proposal"/>
<property name="Tested_LLD_IDs" value="SW_DIAG_CODING_XXX"/>
<property name="Test_Step_0" value="Test function DidServices_ID_Coding_ConditionCheckRead. Only for coverage proposal"/>
</properties>
    </testcase>
    <testcase name="Test_RSTP_CtDiagCodingSWc_Channel_Reset_Operation" status="run" time="0" classname="GTestClass_CtDiagnosticServices_Coding">
<properties>
<property name="Description" value=" Test function RSTP_CtDiagCodingSWc_Channel_Reset_Operation. Only for coverage proposal"/>
<property name="Tested_LLD_IDs" value="SW_DIAG_CODING_XXX"/>
<property name="Test_Step_0" value="Test function RSTP_CtDiagCodingSWc_Channel_Reset_Operation. Only for coverage proposal"/>
</properties>
    </testcase>
    <testcase name="Test_DidServices_ID_Coding_ReadData" status="run" time="0" classname="GTestClass_CtDiagnosticServices_Coding" />
    <testcase name="Test_DidServices_ID_Coding_WriteData" status="run" time="0" classname="GTestClass_CtDiagnosticServices_Coding">
<properties>
<property name="Description" value=" Test function DidServices_ID_Coding_WriteData. If NVM is not busy, the NVM Ram buffer, coding datas and fingerprint can be updated.When NvM Ram is busy, wait until the TimeCount is finished. Then, if the job is finished successfully reset the NVM Ram status, the time counter and set the DTC 030218 and the ECU flag."/>
<property name="Tested_LLD_IDs" value="SW_DIAG_CODING_68, SW_DIAG_CODING_69, SW_DIAG_CODING_89"/>
<property name="Test_Step_0" value="Test function DidServices_ID_Coding_WriteData. NVM Ram is available, so Nvm Ram Buffer is updated, Coding Data is written in NVM, Nvm Ram Buffer for fingerprint is updated and fingerprint Block is written in Nvm"/>
<property name="Test_Step_1" value="Test function DidServices_ID_Coding_WriteData. NVM Ram is not available because there is a job pending.The time counter is updated"/>
<property name="Test_Step_2" value="Test function DidServices_ID_Coding_WriteData. NVM Ram is not available because there is a job successfully finished but the time counter is not finished. The time counter is updated"/>
<property name="Test_Step_3" value="Test function DidServices_ID_Coding_WriteData. There is a job successfully finished and the time counter is finished, so the DTC 030218 and the ECU flag are set."/>
<property name="Test_Step_4" value="Test function DidServices_ID_Coding_WriteData. There is a job finished with a fail. so the DTC 030218 and the ECU flag are set."/>
</properties>
    </testcase>
  </testsuite>
</testsuites>
