<?xml version="1.0" encoding="UTF-8"?>
<testsuites tests="11" failures="0" disabled="0" errors="0" timestamp="2022-02-04T10:57:29" time="0.001" name="AllTests">
  <testsuite name="GTestClass_CtDiagnosticServices_IoControl" tests="11" failures="0" disabled="0" errors="0" time="0.001">
    <testcase name="100msCyclic_Task_StateMachine" status="run" time="0.001" classname="GTestClass_CtDiagnosticServices_IoControl">
<properties>
<property name="Description" value="Check Cyclic State Machine of IO Control"/>
<property name="Tested_LLD_IDs" value="SW_DIAG_IOCTRL_25, SW_DIAG_IOCTRL_26, SW_DIAG_IOCTRL_27, SW_DIAG_IOCTRL_28, SW_DIAG_IOCTRL_34, SW_DIAG_IOCTRL_46, SW_DIAG_IOCTRL_47, SW_DIAG_IOCTRL_48, SW_DIAG_IOCTRL_49, SW_DIAG_IOCTRL_66, SW_DIAG_IOCTRL_59"/>
<property name="Test_Step_0" value="Tests activated from NOT_ACTIVE"/>
<property name="Expected_1" value="IO Controls are started and set to PENDING"/>
<property name="Test_Step_2" value="Tests are pending"/>
<property name="Expected_3" value="IO Controls behave corresponding to their responses"/>
<property name="Test_Step_4" value="Tests are active"/>
<property name="Expected_5" value="IO Controls behave corresponding to their responses"/>
<property name="Test_Step_6" value="Tests are active- timer expires"/>
<property name="Expected_7" value="IO Controls behave corresponding to their responses"/>
<property name="Test_Step_8" value="Tests are TerminatedbyECU - 5 second timeout"/>
<property name="Expected_9" value="IO Controls behave corresponding to their responses"/>
</properties>
    </testcase>
    <testcase name="RSTP_Channel_Reset" status="run" time="0" classname="GTestClass_CtDiagnosticServices_IoControl">
<properties>
<property name="Description" value="RSTP Channel Reset is executed"/>
<property name="Tested_LLD_IDs" value="SW_DIAG_IOCTRL_94"/>
<property name="Test_Step_0" value="RSTP Channel Reset is executed"/>
<property name="Expected_1" value="All ACTIVE IO Controls are set to NOT_ACTIVE"/>
</properties>
    </testcase>
    <testcase name="Kl15_Switched_off" status="run" time="0" classname="GTestClass_CtDiagnosticServices_IoControl">
<properties>
<property name="Description" value="Clamp15 is switched off"/>
<property name="Tested_LLD_IDs" value="SW_DIAG_IOCTRL_100"/>
<property name="Test_Step_0" value="Kl15 is switched off"/>
<property name="Expected_1" value=""/>
</properties>
    </testcase>
    <testcase name="SessionChange" status="run" time="0" classname="GTestClass_CtDiagnosticServices_IoControl">
<properties>
<property name="Description" value="Clamp15 is switched off"/>
<property name="Tested_LLD_IDs" value="SW_DIAG_IOCTRL_98"/>
<property name="Test_Step_0" value="change Diagnose Session"/>
<property name="Expected_1" value=""/>
</properties>
    </testcase>
    <testcase name="MeasuredValueBlock_0x0100" status="run" time="0" classname="GTestClass_CtDiagnosticServices_IoControl">
<properties>
<property name="Description" value="Check the behaviour of MWB 0x100"/>
<property name="Tested_LLD_IDs" value="SW_DIAG_IOCTRL_91, SW_DIAG_IOCTRL_90, SW_DIAG_IOCTRL_92, SW_DIAG_IOCTRL_87, SW_DIAG_IOCTRL_88, SW_DIAG_IOCTRL_89"/>
<property name="Test_Step_0" value="All Tests have the status NOT_ACTIVE"/>
<property name="Expected_1" value="MWB has the Value 0x00"/>
<property name="Test_Step_2" value="At least one Test has the status ACITVE"/>
<property name="Expected_3" value="MWB has the Value 0xC0"/>
<property name="Test_Step_4" value="No Test is active and one Test has the status TerminatedByECU"/>
<property name="Expected_5" value="MWB has the Value 0x40"/>
<property name="Test_Step_6" value="Read MWB0x100 Data"/>
<property name="Expected_7" value="Diag call for MWB 0x100 works"/>
</properties>
    </testcase>
    <testcase name="ReturnControlToECU" status="run" time="0" classname="GTestClass_CtDiagnosticServices_IoControl">
<properties>
<property name="Description" value="IO Controls are called with ReturnControlToECU at different conditions"/>
<property name="Tested_LLD_IDs" value="SW_DIAG_IOCTRL_56, SW_DIAG_IOCTRL_64, SW_DIAG_IOCTRL_65, SW_DIAG_IOCTRL_67, SW_DIAG_IOCTRL_68, SW_DIAG_IOCTRL_23"/>
<property name="Test_Step_0" value="IOControl not active, shall become active"/>
<property name="Test_Step_1" value="IOControl not active, shall stay not active"/>
<property name="Test_Step_2" value="IOControl is pending, shall become active"/>
<property name="Test_Step_3" value="IOControl is pending or should be stopped again"/>
<property name="Test_Step_4" value="IOControl is in NACK state"/>
<property name="Test_Step_5" value="IOControl is in Terminated by ECU state"/>
<property name="Test_Step_6" value="IOControl can be stopped"/>
<property name="Test_Step_7" value="IOControl for ID 0x016C is not active"/>
<property name="Test_Step_8" value="IOControl for ID 0x016C is active"/>
<property name="Expected_9" value="IO Control is stopped, if all conditions are fulfilled"/>
</properties>
    </testcase>
    <testcase name="ShortTermAdjustment" status="run" time="0" classname="GTestClass_CtDiagnosticServices_IoControl">
<properties>
<property name="Description" value="IO Controls are called with ShortTermAdjustment at different conditions"/>
<property name="Tested_LLD_IDs" value="SW_DIAG_IOCTRL_48, SW_DIAG_IOCTRL_58, SW_DIAG_IOCTRL_63 SW_DIAG_IOCTRL_60, SW_DIAG_IOCTRL_61, SW_DIAG_IOCTRL_22, SW_DIAG_IOCTRL_105"/>
<property name="Test_Step_0" value="Call ShortTermAdjustment, while Kl15 is off"/>
<property name="Test_Step_1" value="IOControl active, shall stay active"/>
<property name="Test_Step_2" value="IOControl is pending, shall become not active"/>
<property name="Test_Step_3" value="IOControl is pending, shall become active"/>
<property name="Test_Step_4" value="IOControl is in NACK state"/>
<property name="Test_Step_5" value="IOControl is in Terminated by ECU state"/>
<property name="Test_Step_6" value="IOControl shall be started with zero delay"/>
<property name="Test_Step_7" value="IOControl shall be started with valid delay"/>
<property name="Test_Step_8" value="IOControl for ID 0x016C shall be activated with valid delay"/>
<property name="Expected_9" value="IO Control is started, if all conditions are fulfilled"/>
</properties>
    </testcase>
    <testcase name="IOControlDelay" status="run" time="0" classname="GTestClass_CtDiagnosticServices_IoControl">
<properties>
<property name="Description" value="Test the delay at starting an IOControl"/>
<property name="Tested_LLD_IDs" value="SW_DIAG_IOCTRL_31, SW_DIAG_IOCTRL_32, SW_DIAG_IOCTRL_33"/>
<property name="Test_Step_0" value="Delay is zero, Job must not be started"/>
<property name="Test_Step_1" value="Delay is invalid, Error is returned"/>
<property name="Test_Step_2" value="Delay is valid"/>
<property name="Expected_3" value="Delay for starting IOControls is set in seconds"/>
</properties>
    </testcase>
    <testcase name="DataReceivedfromNAD" status="run" time="0" classname="GTestClass_CtDiagnosticServices_IoControl">
<properties>
<property name="Description" value="Checking the Data received from NAD for IOControls"/>
<property name="Tested_LLD_IDs" value="SW_DIAG_IOCTRL_71, SW_DIAG_IOCTRL_72, SW_DIAG_IOCTRL_73, SW_DIAG_IOCTRL_67, SW_DIAG_IOCTRL_68, SW_DIAG_IOCTRL_69, SW_DIAG_IOCTRL_60, SW_DIAG_IOCTRL_61, SW_DIAG_IOCTRL_62"/>
<property name="Test_Step_0" value="Response Type is IOControlStatus and Response Status is active"/>
<property name="Test_Step_1" value="Response Type is IOControlStatus and Response Status has stopped"/>
<property name="Test_Step_2" value="Response Type is IOControlStatus and Response Status has aborted"/>
<property name="Test_Step_3" value="Response Type is ShortTermAdjustment and Response Status is active"/>
<property name="Test_Step_4" value="Response Type is ShortTermAdjustment and Response Status has Conditions Not Correct"/>
<property name="Test_Step_5" value="Response Type is ShortTermAdjustment and Response Status has Sequence Error"/>
<property name="Test_Step_6" value="Response Type is ReturnControlToECU and Response Status is active"/>
<property name="Test_Step_7" value="Response Type is ReturnControlToECU and Response Status has Conditions Not Correct"/>
<property name="Test_Step_8" value="Response Type is ReturnControlToECU and Response Status has Sequence Error"/>
<property name="Expected_9" value=""/>
</properties>
    </testcase>
    <testcase name="AbortNotification" status="run" time="0" classname="GTestClass_CtDiagnosticServices_IoControl">
<properties>
<property name="Description" value="IOControl Abort Notification is calles"/>
<property name="Tested_LLD_IDs" value=""/>
<property name="Test_Step_0" value="Abort Notification for DID 0x016C"/>
<property name="Expected_1" value=""/>
</properties>
    </testcase>
    <testcase name="DidServices_DcmVAGDspDidIoCtrl_16c_0x2F_ShortTermAdjustement" status="run" time="0" classname="GTestClass_CtDiagnosticServices_IoControl">
<properties>
<property name="Description" value="DcmVAGDspDidIoCtrl 16c 0x2F Short Term Adjustement"/>
<property name="Tested_LLD_IDs" value=""/>
<property name="Test_Step_0" value="Check control time DID 0x016C and KL15 off"/>
<property name="Test_Step_1" value="Check control time DID 0x016C, KL15 on and limits ControlOptionRecord"/>
<property name="Test_Step_2" value="Check control time DID 0x016C, KL15 on and ControlOptionRecord NO_TEST_CONTROL_DELAY"/>
<property name="Test_Step_3" value="Check control time DID 0x016C and copy to Diag_IoControlProperties "/>
</properties>
    </testcase>
  </testsuite>
</testsuites>
