<?xml version="1.0" encoding="UTF-8"?>
<testsuites tests="18" failures="0" disabled="0" errors="0" timestamp="2022-02-04T11:01:22" time="0.003" name="AllTests">
  <testsuite name="GTestClass_CtGNSSAntennaControlSwc" tests="18" failures="0" disabled="0" errors="0" time="0.003">
    <testcase name="CtGNSSAntennaControlSwc_CorrectlyInitializesWithAntennaCoded" status="run" time="0" classname="GTestClass_CtGNSSAntennaControlSwc">
<properties>
<property name="Description" value="Verify the correct initialization of the CtGNSSAntennaControlSwc when the GNSS antenna is coded"/>
</properties>
    </testcase>
    <testcase name="CtGNSSAntennaControlSwc_CorrectlyInitializesWithAntennaNotCoded" status="run" time="0.001" classname="GTestClass_CtGNSSAntennaControlSwc">
<properties>
<property name="Description" value="Verify the correct initialization of the CtGNSSAntennaControlSwc when the antenna is not coded"/>
</properties>
    </testcase>
    <testcase name="CtGNSSAntennaControlSwc_BlankingVoltageMeasurementAfterEnablingAntenna" status="run" time="0" classname="GTestClass_CtGNSSAntennaControlSwc">
<properties>
<property name="Description" value="Verify that the blanking window is functional after enabling the GNSS antenna"/>
</properties>
    </testcase>
    <testcase name="CtGNSSAntennaControlSwc_CorrectlyDetectsBrokenLine" status="run" time="0" classname="GTestClass_CtGNSSAntennaControlSwc">
<properties>
<property name="Description" value="Verify the detection of a broken line on the GNSS antenna and disabling of the antenna"/>
</properties>
    </testcase>
    <testcase name="CtGNSSAntennaControlSwc_DoesNotSetDtcBrokenLineWhenAntennaNotCoded" status="run" time="0" classname="GTestClass_CtGNSSAntennaControlSwc">
<properties>
<property name="Description" value="Verify that the DTC for broken line on the GNSS antenna is not set when the antenna is not coded"/>
</properties>
    </testcase>
    <testcase name="CtGNSSAntennaControlSwc_CorrectlyDetectsShortToGround" status="run" time="0" classname="GTestClass_CtGNSSAntennaControlSwc">
<properties>
<property name="Description" value="Verify the detection of a short to ground on the GNSS antenna and disabling of the antenna"/>
</properties>
    </testcase>
    <testcase name="CtGNSSAntennaControlSwc_DoesNotSetDtcShortToGroundeWhenAntennaNotCoded" status="run" time="0" classname="GTestClass_CtGNSSAntennaControlSwc">
<properties>
<property name="Description" value="Verify that the DTC for short to ground on the GNSS antenna is not set when the antenna is not coded"/>
</properties>
    </testcase>
    <testcase name="CtGNSSAntennaControlSwc_CorrectlyDetectsShortToPlus" status="run" time="0" classname="GTestClass_CtGNSSAntennaControlSwc">
<properties>
<property name="Description" value="Verify the detection of a short to plus on the GNSS antenna and disabling of the antenna"/>
</properties>
    </testcase>
    <testcase name="CtGNSSAntennaControlSwc_DoesNotSetDtcShortToPlusWhenAntennaNotCoded" status="run" time="0" classname="GTestClass_CtGNSSAntennaControlSwc">
<properties>
<property name="Description" value="Verify that the DTC for short to plus on the GNSS antenna is not set when the antenna is not coded"/>
</properties>
    </testcase>
    <testcase name="CtGNSSAntennaControlSwc_RetryAtFiveSecondIntervalWhenInErrorCondition" status="run" time="0.001" classname="GTestClass_CtGNSSAntennaControlSwc">
<properties>
<property name="Description" value="Verify the retry mechanism that should check the antenna status every 5 seconds when in error condition"/>
</properties>
    </testcase>
    <testcase name="CtGNSSAntennaControlSwc_ReadMeasurementValue0x2438" status="run" time="0" classname="GTestClass_CtGNSSAntennaControlSwc">
<properties>
<property name="Description" value="Verify that Measurement Value 0x2438 can be read correctly"/>
<property name="Test_Step_0" value="Read Measurement Value when not enough samples available yet"/>
<property name="Test_Step_1" value="Read Measurement Value for different voltage conditions"/>
</properties>
    </testcase>
    <testcase name="CtGNSSAntennaControlSwc_AntennaConnectionDetectedWhenCoded" status="run" time="0" classname="GTestClass_CtGNSSAntennaControlSwc">
<properties>
<property name="Description" value="Verify that connection of the GNSS antenna is correctly detected when coded"/>
</properties>
    </testcase>
    <testcase name="CtGNSSAntennaControlSwc_AntennaConnectionDetectedWhenNotCoded" status="run" time="0" classname="GTestClass_CtGNSSAntennaControlSwc">
<properties>
<property name="Description" value="Verify that connection of the GNSS antenna is correctly detected not when coded"/>
</properties>
    </testcase>
    <testcase name="CtGNSSAntennaControlSwc_AntennaDisconnectedDetectedWhenCoded" status="run" time="0" classname="GTestClass_CtGNSSAntennaControlSwc">
<properties>
<property name="Description" value="Verify that disconnected GNSS antenna is correctly detected when coded"/>
</properties>
    </testcase>
    <testcase name="CtGNSSAntennaControlSwc_AntennaDisconnectedDetectedWhenNotCoded" status="run" time="0" classname="GTestClass_CtGNSSAntennaControlSwc">
<properties>
<property name="Description" value="Verify that disconnected GNSS antenna is correctly detected not when coded"/>
</properties>
    </testcase>
    <testcase name="CtGNSSAntennaControlSwc_AntennaStateInterfaceReturnsCorrectAntennaState" status="run" time="0" classname="GTestClass_CtGNSSAntennaControlSwc">
<properties>
<property name="Description" value="Verify that Antenna State Interface returns the correct state"/>
<property name="Test_Step_0" value="Check antenna state directly after init when not enough voltage samples available yet"/>
<property name="Test_Step_1" value="Check antenna state for different voltage conditions"/>
</properties>
    </testcase>
    <testcase name="CtGNSSAntennaControlSwc_GnssStaysInactiveAfterDeactivation" status="run" time="0" classname="GTestClass_CtGNSSAntennaControlSwc">
<properties>
<property name="Description" value="Verify that the GNSS antenna can be deactivated by the API and stays inactive"/>
</properties>
    </testcase>
    <testcase name="updateAntennaState" status="run" time="0.001" classname="GTestClass_CtGNSSAntennaControlSwc">
<properties>
[...]
</properties>
    </testcase>
  </testsuite>
</testsuites>
