<?xml version="1.0" encoding="UTF-8"?>
<testsuites tests="60" failures="0" disabled="0" errors="0" timestamp="2022-02-04T11:02:19" time="0.007" name="AllTests">
  <testsuite name="GTestClass_CtGwSmAdapterSwc" tests="60" failures="0" disabled="0" errors="0" time="0.007">
    <testcase name="CtGwSmAdapterSwc_DTC_0x140003_set_when_playprotection_is_active" status="run" time="0.001" classname="GTestClass_CtGwSmAdapterSwc">
<properties>
<property name="Description" value="Test that the GwSmAdapter sets DTC 0x140003 when the play protection is active"/>
</properties>
    </testcase>
    <testcase name="CtGwSmAdapterSwc_DTC_0x140003_cleared_when_playprotection_is_not_active" status="run" time="0" classname="GTestClass_CtGwSmAdapterSwc">
<properties>
<property name="Description" value="Test that the GwSmAdapter clears DTC 0x140003 when the play protection is not active"/>
</properties>
    </testcase>
    <testcase name="CtGwSmAdapterSwc_DTC_0x140003_not_updated_when_play_protection_cannot_be_read" status="run" time="0" classname="GTestClass_CtGwSmAdapterSwc">
<properties>
<property name="Description" value="Test that the GwSmAdapter clears DTC 0x140003 when the play protection is active"/>
</properties>
    </testcase>
    <testcase name="CtGwSmAdapterSwc_can_pass_wakeup_reason_BTLE_from_cdd_to_GwSm" status="run" time="0" classname="GTestClass_CtGwSmAdapterSwc">
<properties>
<property name="Description" value="Test that the GwSmAdapter can correctly pass on the wakeup reason for wakeup reason BTLE from the CDD to the GwSm SWC"/>
</properties>
    </testcase>
    <testcase name="CtGwSmAdapterSwc_can_pass_wakeup_reason_OTHER_from_cdd_to_GwSm" status="run" time="0" classname="GTestClass_CtGwSmAdapterSwc">
<properties>
<property name="Description" value="Test that the GwSmAdapter can correctly pass on the wakeup reason for wakeup reason OTHER from the CDD to the GwSm SWC"/>
</properties>
    </testcase>
    <testcase name="CtGwSmAdapterSwc_does_not_pass_wakeup_reason_OTHER_from_cdd_to_GwSm_when_read_fails" status="run" time="0.001" classname="GTestClass_CtGwSmAdapterSwc">
<properties>
<property name="Description" value="Test that the GwSmAdapter will not write to the GwSm SWC when the read fails"/>
</properties>
    </testcase>
    <testcase name="CtGwSmAdapterSwc_gets_UTC_time_and_passes_converted_values_correctly_to_GwSm" status="run" time="0" classname="GTestClass_CtGwSmAdapterSwc">
<properties>
<property name="Description" value="Test that the GwSmAdapter gets the UTC time in milliseconds and correctly passes the year-month-day-hour-minute-second information to the GwSm"/>
</properties>
    </testcase>
    <testcase name="CtGwSmAdapterSwc_Init" status="run" time="0" classname="GTestClass_CtGwSmAdapterSwc">
<properties>
<property name="Description" value="Test that the GwSmAdapter correctly handles the Init function"/>
</properties>
    </testcase>
    <testcase name="Init" status="run" time="0" classname="GTestClass_CtGwSmAdapterSwc">
<properties>
<property name="Description" value="Init function check"/>
<property name="Tested_LLD_IDs" value="-"/>
</properties>
    </testcase>
    <testcase name="PT_CS_GwSm_BT_Tx_Command_send" status="run" time="0" classname="GTestClass_CtGwSmAdapterSwc">
<properties>
<property name="Description" value="CtGwSmAdapterSwc_PT_CS_GwSm_BT_Tx_Command_send function check"/>
<property name="Tested_LLD_IDs" value="-"/>
</properties>
    </testcase>
    <testcase name="PT_CS_GwSm_ComboChip_Tx_Command_send" status="run" time="0" classname="GTestClass_CtGwSmAdapterSwc">
<properties>
<property name="Description" value="CtGwSmAdapterSwc_PT_CS_GwSm_ComboChip_Tx_Command_send function check"/>
<property name="Tested_LLD_IDs" value="-"/>
</properties>
    </testcase>
    <testcase name="PT_CS_GwSm_RequestRandomBytes" status="run" time="0" classname="GTestClass_CtGwSmAdapterSwc">
<properties>
<property name="Description" value="CtGwSmAdapterSwc_PT_CS_GwSm_RequestRandomBytes function check"/>
<property name="Tested_LLD_IDs" value="-"/>
</properties>
    </testcase>
    <testcase name="PT_CS_GwSm_RouteMessages_Tx_Command_send" status="run" time="0" classname="GTestClass_CtGwSmAdapterSwc">
<properties>
<property name="Description" value="CtGwSmAdapterSwc_PT_CS_GwSm_RouteMessages_Tx_Command_send function check"/>
<property name="Tested_LLD_IDs" value="-"/>
</properties>
    </testcase>
    <testcase name="PT_CS_GwSm_SWC_AliveTrigger_stillAlive" status="run" time="0" classname="GTestClass_CtGwSmAdapterSwc">
<properties>
<property name="Description" value="CtGwSmAdapterSwc_PT_CS_GwSm_SWC_AliveTrigger_stillAlive function check"/>
<property name="Tested_LLD_IDs" value="-"/>
<property name="Test_Step_0" value="1. Timer is not touched when not needed."/>
<property name="Test_Step_1" value="2. Timer is reset on LC_ALIVE."/>
<property name="Test_Step_2" value="3. Timer is reset on LC_ALIVE."/>
</properties>
    </testcase>
    <testcase name="PT_CS_GwSm_TimeService_TimeService_Read_us" status="run" time="0.001" classname="GTestClass_CtGwSmAdapterSwc">
<properties>
<property name="Description" value="CtGwSmAdapterSwc_PT_CS_GwSm_TimeService_TimeService_Read_us function check"/>
<property name="Tested_LLD_IDs" value="-"/>
</properties>
    </testcase>
    <testcase name="PT_CS_Management_BLEChipResetRequest" status="run" time="0" classname="GTestClass_CtGwSmAdapterSwc">
<properties>
<property name="Description" value="CtGwSmAdapterSwc_PT_CS_Management_BLEChipResetRequest function check"/>
<property name="Tested_LLD_IDs" value="-"/>
</properties>
    </testcase>
    <testcase name="PT_SR_Com_SG_ESP_03" status="run" time="0" classname="GTestClass_CtGwSmAdapterSwc">
<properties>
<property name="Description" value="CtGwSmAdapterSwc_PT_SR_Com_SG_ESP_03 function check"/>
<property name="Tested_LLD_IDs" value="-"/>
</properties>
    </testcase>
    <testcase name="PT_SR_Com_SG_ESP_21" status="run" time="0" classname="GTestClass_CtGwSmAdapterSwc">
<properties>
<property name="Description" value="CtGwSmAdapterSwc_PT_SR_Com_SG_ESP_21 function check"/>
<property name="Tested_LLD_IDs" value="-"/>
</properties>
    </testcase>
    <testcase name="PT_SR_Com_SG_ESP_32" status="run" time="0" classname="GTestClass_CtGwSmAdapterSwc">
<properties>
<property name="Description" value="CtGwSmAdapterSwc_PT_SR_Com_SG_ESP_32 function check"/>
<property name="Tested_LLD_IDs" value="-"/>
</properties>
    </testcase>
    <testcase name="PT_SR_Com_SG_HAL_01" status="run" time="0" classname="GTestClass_CtGwSmAdapterSwc">
<properties>
<property name="Description" value="CtGwSmAdapterSwc_PT_SR_Com_SG_HAL_01 function check"/>
<property name="Tested_LLD_IDs" value="-"/>
</properties>
    </testcase>
    <testcase name="PT_SR_Com_SG_LH_EPS_03" status="run" time="0" classname="GTestClass_CtGwSmAdapterSwc">
<properties>
<property name="Description" value="CtGwSmAdapterSwc_PT_SR_Com_SG_LH_EPS_03 function check"/>
<property name="Tested_LLD_IDs" value="-"/>
</properties>
    </testcase>
    <testcase name="PT_SR_Com_SG_Motor_12" status="run" time="0" classname="GTestClass_CtGwSmAdapterSwc">
<properties>
<property name="Description" value="CtGwSmAdapterSwc_PT_SR_Com_SG_Motor_12 function check"/>
<property name="Tested_LLD_IDs" value="-"/>
</properties>
    </testcase>
    <testcase name="PT_SR_Com_SG_SARA_08_10" status="run" time="0.001" classname="GTestClass_CtGwSmAdapterSwc">
<properties>
<property name="Description" value="CtGwSmAdapterSwc_PT_SR_Com_SG_SARA_08_10 function check"/>
<property name="Tested_LLD_IDs" value="-"/>
</properties>
    </testcase>
    <testcase name="PT_SR_Com_SG_SCU_01" status="run" time="0" classname="GTestClass_CtGwSmAdapterSwc">
<properties>
<property name="Description" value="CtGwSmAdapterSwc_PT_SR_Com_SG_SCU_01 function check"/>
<property name="Tested_LLD_IDs" value="-"/>
</properties>
    </testcase>
    <testcase name="PT_SR_GwSm_Com_PSO_last_rec_UserID_Src2" status="run" time="0" classname="GTestClass_CtGwSmAdapterSwc">
<properties>
<property name="Description" value="CtGwSmAdapterSwc_PT_SR_GwSm_Com_PSO_last_rec_UserID_Src2 function check"/>
<property name="Tested_LLD_IDs" value="-"/>
</properties>
    </testcase>
    <testcase name="SPT_CS_GNSS_DataUpdated_GNSS_DataUpdated" status="run" time="0" classname="GTestClass_CtGwSmAdapterSwc">
<properties>
<property name="Description" value="CtGwSmAdapterSwc_SPT_CS_GNSS_DataUpdated_GNSS_DataUpdated function check"/>
<property name="Tested_LLD_IDs" value="-"/>
</properties>
    </testcase>
    <testcase name="SPT_CS_GwSm_BT_Rx_Notification_notify" status="run" time="0" classname="GTestClass_CtGwSmAdapterSwc">
<properties>
<property name="Description" value="CtGwSmAdapterSwc_SPT_CS_GwSm_BT_Rx_Notification_notify function check"/>
<property name="Tested_LLD_IDs" value="-"/>
</properties>
    </testcase>
    <testcase name="SPT_CS_GwSm_ComboChip_Rx_Notification_notify" status="run" time="0" classname="GTestClass_CtGwSmAdapterSwc">
<properties>
<property name="Description" value="CtGwSmAdapterSwc_SPT_CS_GwSm_ComboChip_Rx_Notification_notify function check"/>
<property name="Tested_LLD_IDs" value="-"/>
</properties>
    </testcase>
    <testcase name="SPT_CS_GwSm_ComboChip_Tx_BufferFull_set" status="run" time="0" classname="GTestClass_CtGwSmAdapterSwc">
<properties>
<property name="Description" value="CtGwSmAdapterSwc_SPT_CS_GwSm_ComboChip_Tx_BufferFull_set function check"/>
<property name="Tested_LLD_IDs" value="-"/>
</properties>
    </testcase>
    <testcase name="SPT_CS_GwSm_GNSS_set" status="run" time="0" classname="GTestClass_CtGwSmAdapterSwc">
<properties>
<property name="Description" value="CtGwSmAdapterSwc_SPT_CS_GwSm_GNSS_set function check"/>
<property name="Tested_LLD_IDs" value="-"/>
</properties>
    </testcase>
    <testcase name="SPT_CS_GwSm_KL_15_get" status="run" time="0" classname="GTestClass_CtGwSmAdapterSwc">
<properties>
<property name="Description" value="CtGwSmAdapterSwc_SPT_CS_GwSm_KL_15_get function check"/>
<property name="Tested_LLD_IDs" value="-"/>
</properties>
    </testcase>
    <testcase name="SPT_CS_GwSm_KL_15_set" status="run" time="0" classname="GTestClass_CtGwSmAdapterSwc">
<properties>
<property name="Description" value="CtGwSmAdapterSwc_SPT_CS_GwSm_KL_15_set function check"/>
<property name="Tested_LLD_IDs" value="-"/>
</properties>
    </testcase>
    <testcase name="SPT_CS_GwSm_RouteMessages_Rx_Notification_notify" status="run" time="0" classname="GTestClass_CtGwSmAdapterSwc">
<properties>
<property name="Description" value="CtGwSmAdapterSwc_SPT_CS_GwSm_RouteMessages_Rx_Notification_notify function check"/>
<property name="Tested_LLD_IDs" value="-"/>
</properties>
    </testcase>
    <testcase name="SPT_CS_GwSm_Version_get" status="run" time="0" classname="GTestClass_CtGwSmAdapterSwc">
<properties>
<property name="Description" value="CtGwSmAdapterSwc_SPT_CS_GwSm_Version_get function check"/>
<property name="Tested_LLD_IDs" value="-"/>
</properties>
    </testcase>
    <testcase name="SPT_CS_ProvideRandomBytes" status="run" time="0" classname="GTestClass_CtGwSmAdapterSwc">
<properties>
<property name="Description" value="CtGwSmAdapterSwc_SPT_CS_ProvideRandomBytes function check"/>
<property name="Tested_LLD_IDs" value="-"/>
</properties>
    </testcase>
    <testcase name="report_powerstate_POWERSTATE_Nachlauf_KL15_Aus_Beendet" status="run" time="0.001" classname="GTestClass_CtGwSmAdapterSwc">
<properties>
<property name="Description" value="CtGwSmAdapterSwc_Report_PowerState for POWERSTATE_Nachlauf_KL15_Aus_Beendet"/>
<property name="Tested_LLD_IDs" value="-"/>
</properties>
    </testcase>
    <testcase name="report_powerstate_POWERSTATE_Init" status="run" time="0" classname="GTestClass_CtGwSmAdapterSwc">
<properties>
<property name="Description" value="CtGwSmAdapterSwc_Report_PowerState for POWERSTATE_Init"/>
<property name="Tested_LLD_IDs" value="-"/>
</properties>
    </testcase>
    <testcase name="report_powerstate_POWERSTATE_Init_2" status="run" time="0" classname="GTestClass_CtGwSmAdapterSwc">
<properties>
<property name="Description" value="CtGwSmAdapterSwc_Report_PowerState for POWERSTATE_Init"/>
<property name="Tested_LLD_IDs" value="-"/>
</properties>
    </testcase>
    <testcase name="report_powerstate_POWERSTATE_Spielschutz_RH850_Wakeup" status="run" time="0" classname="GTestClass_CtGwSmAdapterSwc">
<properties>
<property name="Description" value="CtGwSmAdapterSwc_Report_PowerState for POWERSTATE_Spielschutz_RH850_Wakeup"/>
<property name="Tested_LLD_IDs" value="-"/>
</properties>
    </testcase>
    <testcase name="LC_StateMachine_Cyclic_GWSM_LC_UNINITIALIZED_GWSM_LC_UNINITIALIZED" status="run" time="0" classname="GTestClass_CtGwSmAdapterSwc">
<properties>
<property name="Description" value="CtGwSmAdapterSwc_LC_StateMachine_Cyclic state GWSM_LC_UNINITIALIZED-&gt;GWSM_LC_INITIALIZED"/>
<property name="Tested_LLD_IDs" value="-"/>
</properties>
    </testcase>
    <testcase name="LC_StateMachine_Cyclic_GWSM_LC_UNINITIALIZED" status="run" time="0" classname="GTestClass_CtGwSmAdapterSwc">
<properties>
<property name="Description" value="CtGwSmAdapterSwc_LC_StateMachine_Cyclic state GWSM_LC_UNINITIALIZED-&gt;GWSM_LC_UNINITIALIZED"/>
<property name="Tested_LLD_IDs" value="-"/>
</properties>
    </testcase>
    <testcase name="LC_StateMachine_Cyclic_GWSM_LC_INITIALIZED_GWSM_LC_ALIVE" status="run" time="0" classname="GTestClass_CtGwSmAdapterSwc">
<properties>
<property name="Description" value="CtGwSmAdapterSwc_LC_StateMachine_Cyclic state GWSM_LC_INITIALIZED-&gt;GWSM_LC_ALIVE"/>
<property name="Tested_LLD_IDs" value="-"/>
</properties>
    </testcase>
    <testcase name="LC_StateMachine_Cyclic_GWSM_LC_INITIALIZED_GWSM_LC_SHUTDOWN_DELAY" status="run" time="0" classname="GTestClass_CtGwSmAdapterSwc">
<properties>
<property name="Description" value="CtGwSmAdapterSwc_LC_StateMachine_Cyclic state GWSM_LC_INITIALIZED-&gt;GWSM_LC_SHUTDOWN_DELAY"/>
<property name="Tested_LLD_IDs" value="-"/>
</properties>
    </testcase>
    <testcase name="LC_StateMachine_Cyclic_GWSM_LC_INITIALIZED" status="run" time="0" classname="GTestClass_CtGwSmAdapterSwc">
<properties>
<property name="Description" value="CtGwSmAdapterSwc_LC_StateMachine_Cyclic state GWSM_LC_INITIALIZED-&gt;GWSM_LC_INITIALIZED"/>
<property name="Tested_LLD_IDs" value="-"/>
</properties>
    </testcase>
    <testcase name="LC_StateMachine_Cyclic_GWSM_LC_ALIVE_GWSM_LC_ALIVE_TIMEOUT" status="run" time="0.001" classname="GTestClass_CtGwSmAdapterSwc">
<properties>
<property name="Description" value="CtGwSmAdapterSwc_LC_StateMachine_Cyclic state GWSM_LC_ALIVE-&gt;GWSM_LC_ALIVE_TIMEOUT"/>
<property name="Tested_LLD_IDs" value="-"/>
</properties>
    </testcase>
    <testcase name="LC_StateMachine_Cyclic_GWSM_LC_ALIVE_GWSM_LC_SHUTDOWN_DELAY" status="run" time="0" classname="GTestClass_CtGwSmAdapterSwc">
<properties>
<property name="Description" value="CtGwSmAdapterSwc_LC_StateMachine_Cyclic state GWSM_LC_ALIVE-&gt;GWSM_LC_SHUTDOWN_DELAY"/>
<property name="Tested_LLD_IDs" value="-"/>
</properties>
    </testcase>
    <testcase name="LC_StateMachine_Cyclic_GWSM_LC_ALIVE" status="run" time="0" classname="GTestClass_CtGwSmAdapterSwc">
<properties>
<property name="Description" value="CtGwSmAdapterSwc_LC_StateMachine_Cyclic state GWSM_LC_ALIVE-&gt;GWSM_LC_ALIVE"/>
<property name="Tested_LLD_IDs" value="-"/>
</properties>
    </testcase>
    <testcase name="LC_StateMachine_Cyclic_GWSM_LC_ALIVE_TIMEOUT_GWSM_LC_SHUTDOWN_DELAY" status="run" time="0" classname="GTestClass_CtGwSmAdapterSwc">
<properties>
<property name="Description" value="CtGwSmAdapterSwc_LC_StateMachine_Cyclic state GWSM_LC_ALIVE_TIMEOUT-&gt;GWSM_LC_SHUTDOWN_DELAY"/>
<property name="Tested_LLD_IDs" value="-"/>
</properties>
    </testcase>
    <testcase name="LC_StateMachine_Cyclic_GWSM_LC_ALIVE_TIMEOUT_GWSM_LC_ALIVE" status="run" time="0" classname="GTestClass_CtGwSmAdapterSwc">
<properties>
<property name="Description" value="CtGwSmAdapterSwc_LC_StateMachine_Cyclic state GWSM_LC_ALIVE_TIMEOUT-&gt;GWSM_LC_ALIVE"/>
<property name="Tested_LLD_IDs" value="-"/>
</properties>
    </testcase>
    <testcase name="LC_StateMachine_Cyclic_GWSM_LC_ALIVE_TIMEOUT" status="run" time="0" classname="GTestClass_CtGwSmAdapterSwc">
<properties>
<property name="Description" value="CtGwSmAdapterSwc_LC_StateMachine_Cyclic state GWSM_LC_ALIVE_TIMEOUT-&gt;GWSM_LC_ALIVE_TIMEOUT"/>
<property name="Tested_LLD_IDs" value="-"/>
</properties>
    </testcase>
    <testcase name="LC_StateMachine_Cyclic_GWSM_LC_SHUTDOWN_DELAY_GWSM_LC_SHUTDOWN_REQUEST" status="run" time="0" classname="GTestClass_CtGwSmAdapterSwc">
<properties>
<property name="Description" value="CtGwSmAdapterSwc_LC_StateMachine_Cyclic state GWSM_LC_SHUTDOWN_DELAY-&gt;GWSM_LC_SHUTDOWN_REQUEST"/>
<property name="Tested_LLD_IDs" value="-"/>
</properties>
    </testcase>
    <testcase name="LC_StateMachine_Cyclic_GWSM_LC_SHUTDOWN_DELAY" status="run" time="0" classname="GTestClass_CtGwSmAdapterSwc">
<properties>
<property name="Description" value="CtGwSmAdapterSwc_LC_StateMachine_Cyclic state GWSM_LC_SHUTDOWN_DELAY-&gt;GWSM_LC_SHUTDOWN_DELAY"/>
<property name="Tested_LLD_IDs" value="-"/>
</properties>
    </testcase>
    <testcase name="LC_StateMachine_Cyclic_GWSM_LC_SHUTDOWN_REQUEST_GWSM_LC_SHUTDOWN_CONFIRM" status="run" time="0" classname="GTestClass_CtGwSmAdapterSwc">
<properties>
<property name="Description" value="CtGwSmAdapterSwc_LC_StateMachine_Cyclic state GWSM_LC_SHUTDOWN_REQUEST-&gt;GWSM_LC_SHUTDOWN_CONFIRM"/>
<property name="Tested_LLD_IDs" value="-"/>
</properties>
    </testcase>
    <testcase name="LC_StateMachine_Cyclic_GWSM_LC_SHUTDOWN_REQUEST" status="run" time="0" classname="GTestClass_CtGwSmAdapterSwc">
<properties>
<property name="Description" value="CtGwSmAdapterSwc_LC_StateMachine_Cyclic state GWSM_LC_SHUTDOWN_REQUEST-&gt;GWSM_LC_SHUTDOWN_REQUEST"/>
<property name="Tested_LLD_IDs" value="-"/>
</properties>
    </testcase>
    <testcase name="LC_StateMachine_Cyclic_GWSM_LC_SHUTDOWN_CONFIRM_GWSM_LC_SHUTDOWN_DONE" status="run" time="0" classname="GTestClass_CtGwSmAdapterSwc">
<properties>
<property name="Description" value="CtGwSmAdapterSwc_LC_StateMachine_Cyclic state GWSM_LC_SHUTDOWN_CONFIRM-&gt;GWSM_LC_SHUTDOWN_DONE"/>
<property name="Tested_LLD_IDs" value="-"/>
</properties>
    </testcase>
    <testcase name="LC_StateMachine_Cyclic_GWSM_LC_SHUTDOWN_CONFIRM" status="run" time="0" classname="GTestClass_CtGwSmAdapterSwc">
<properties>
<property name="Description" value="CtGwSmAdapterSwc_LC_StateMachine_Cyclic state GWSM_LC_SHUTDOWN_CONFIRM-&gt;GWSM_LC_SHUTDOWN_CONFIRM"/>
<property name="Tested_LLD_IDs" value="-"/>
</properties>
    </testcase>
    <testcase name="LC_StateMachine_Cyclic_GWSM_LC_SHUTDOWN_DONE_GWSM_LC_UNINITIALIZED" status="run" time="0" classname="GTestClass_CtGwSmAdapterSwc">
<properties>
<property name="Description" value="CtGwSmAdapterSwc_LC_StateMachine_Cyclic state GWSM_LC_SHUTDOWN_DONE-&gt;GWSM_LC_UNINITIALIZED"/>
<property name="Tested_LLD_IDs" value="-"/>
</properties>
    </testcase>
    <testcase name="LC_StateMachine_Cyclic_GWSM_LC_SHUTDOWN_DONE" status="run" time="0.001" classname="GTestClass_CtGwSmAdapterSwc">
<properties>
<property name="Description" value="CtGwSmAdapterSwc_LC_StateMachine_Cyclic state GWSM_LC_SHUTDOWN_DONE-&gt;GWSM_LC_SHUTDOWN_DONE"/>
<property name="Tested_LLD_IDs" value="-"/>
</properties>
    </testcase>
    <testcase name="GWSM_LC_INACTIVE" status="run" time="0" classname="GTestClass_CtGwSmAdapterSwc">
<properties>
<property name="Description" value="GWSM_LC_INACTIVE"/>
<property name="Test_Step_0" value="LifeCycleState = GWSM_LC_INACTIVE and PowerStateBTLEState = GWSM_PS_INACTIVE"/>
<property name="Test_Step_1" value="LifeCycleState = GWSM_LC_INACTIVE and PowerStateBTLEState = GWSM_PS_INACTIVE"/>
<property name="Test_Step_2" value="LifeCycleState = GWSM_LC_INACTIVE and PowerStateBTLEState = GWSM_PS_ACTIVE"/>
<property name="Test_Step_3" value="LifeCycleState = GWSM_LC_INACTIVE and PowerStateBTLEState = GWSM_PS_ACTIVE"/>
</properties>
    </testcase>
    <testcase name="CtGwSmAdapterSwc_PT_CS_BTLE_SetInactiveMode" status="run" time="0" classname="GTestClass_CtGwSmAdapterSwc">
<properties>
<property name="Description" value="CtGwSmAdapterSwc_PT_CS_BTLE_SetInactiveMode"/>
<property name="Test_Step_0" value="BTLE_INACTIVE mode"/>
<property name="Test_Step_1" value="BTLE_ACTIVE mode"/>
<property name="Test_Step_2" value="default mode"/>
</properties>
    </testcase>
  </testsuite>
</testsuites>
