<?xml version="1.0" encoding="UTF-8"?>
<testsuites tests="5" failures="0" disabled="0" errors="0" timestamp="2022-02-04T11:04:36" time="0.016" name="AllTests">
  <testsuite name="GTestClass_CtNWDFControlSwc" tests="5" failures="0" disabled="0" errors="0" time="0.015">
    <testcase name="CtNWDFControlSwc_Init" status="run" time="0" classname="GTestClass_CtNWDFControlSwc">
<properties>
<property name="Description" value="CtNWDFControlSwc_Init function check"/>
</properties>
    </testcase>
    <testcase name="CtNWDFControlSwc_MainFunction_10ms" status="run" time="0.002" classname="GTestClass_CtNWDFControlSwc">
<properties>
[...]
</properties>
    </testcase>
    <testcase name="CtNWDFControlSwc_MainFunction_10ms_2" status="run" time="0" classname="GTestClass_CtNWDFControlSwc">
<properties>
<property name="Description" value="the master OR slave determine KEINE_FREIGABE before diag start timer is expired."/>
<property name="Test_Step_0" value="current NWD local state is NWD_AUS and go to T_DIAGSTART."/>
<property name="Test_Step_1" value="the slave determine KEINE_FREIGABE =&gt; current NWD local state go back to NWD_AUS state."/>
</properties>
    </testcase>
    <testcase name="HandleSNwdfTimeout" status="run" time="0.013" classname="GTestClass_CtNWDFControlSwc">
<properties>
<property name="Description" value="NWDF timeout handling check."/>
<property name="Test_Step_0" value="Systeminfo_01 message is received and NWDF times is reseted."/>
<property name="Test_Step_1" value="Systeminfo_01 message is not received after 5000 ms =&gt; NWDF timeout flag is setted."/>
</properties>
    </testcase>
    <testcase name="BswM_App_Set_Nwdf_State" status="run" time="0" classname="GTestClass_CtNWDFControlSwc">
<properties>
<property name="Description" value="BswM_App_Set_Nwdf_State function check."/>
<property name="Expected_0" value="nothing expeted to be done inside the component"/>
</properties>
    </testcase>
  </testsuite>
</testsuites>
