<?xml version='1.0' encoding='UTF-8'?>
<!DOCTYPE coverage SYSTEM 'http://cobertura.sourceforge.net/xml/coverage-04.dtd'>
<coverage line-rate="0.9961389961389961" branch-rate="0.9140625" lines-covered="258" lines-valid="259" branches-covered="117" branches-valid="128" complexity="0.0" timestamp="1643968450" version="gcovr 4.2"><sources><source>.</source></sources><packages><package name="02_Code" line-rate="0.9961389961389961" branch-rate="0.9140625" complexity="0.0"><classes><class name="CtClampsHandlerSwc_c" filename="02_Code/CtClampsHandlerSwc.c" line-rate="0.9961389961389961" branch-rate="0.9140625" complexity="0.0"><methods/><lines><line number="481" hits="40" branch="false"/><line number="488" hits="40" branch="false"/><line number="490" hits="40" branch="false"/><line number="491" hits="40" branch="false"/><line number="498" hits="40" branch="false"/><line number="502" hits="40" branch="true" condition-coverage="100% (2/2)"><conditions><condition number="0" type="jump" coverage="100%"/></conditions></line><line number="505" hits="3" branch="false"/><line number="506" hits="3" branch="true" condition-coverage="50% (1/2)"><conditions><condition number="0" type="jump" coverage="50%"/></conditions></line><line number="509" hits="3" branch="false"/><line number="511" hits="3" branch="true" condition-coverage="100% (2/2)"><conditions><condition number="0" type="jump" coverage="100%"/></conditions></line><line number="514" hits="1" branch="false"/><line number="516" hits="1" branch="false"/><line number="519" hits="3" branch="true" condition-coverage="100% (2/2)"><conditions><condition number="0" type="jump" coverage="100%"/></conditions></line><line number="522" hits="1" branch="false"/><line number="524" hits="1" branch="false"/><line number="528" hits="3" branch="false"/><line number="529" hits="3" branch="false"/><line number="530" hits="3" branch="false"/><line number="531" hits="3" branch="false"/><line number="532" hits="3" branch="false"/><line number="536" hits="3" branch="false"/><line number="539" hits="40" branch="false"/><line number="541" hits="40" branch="false"/><line number="542" hits="40" branch="true" condition-coverage="100% (2/2)"><conditions><condition number="0" type="jump" coverage="100%"/></conditions></line><line number="546" hits="38" branch="false"/><line number="547" hits="38" branch="false"/><line number="548" hits="228" branch="true" condition-coverage="100% (2/2)"><conditions><condition number="0" type="jump" coverage="100%"/></conditions></line><line number="550" hits="190" branch="false"/><line number="552" hits="38" branch="false"/><line number="554" hits="38" branch="true" condition-coverage="100% (2/2)"><conditions><condition number="0" type="jump" coverage="100%"/></conditions></line><line number="556" hits="17" branch="false"/><line number="557" hits="17" branch="false"/><line number="558" hits="17" branch="false"/><line number="560" hits="21" branch="true" condition-coverage="100% (2/2)"><conditions><condition number="0" type="jump" coverage="100%"/></conditions></line><line number="562" hits="4" branch="false"/><line number="563" hits="4" branch="false"/><line number="564" hits="4" branch="false"/><line number="573" hits="17" branch="true" condition-coverage="100% (2/2)"><conditions><condition number="0" type="jump" coverage="100%"/></conditions></line><line number="575" hits="5" branch="true" condition-coverage="100% (2/2)"><conditions><condition number="0" type="jump" coverage="100%"/></conditions></line><line number="577" hits="4" branch="false"/><line number="578" hits="4" branch="false"/><line number="583" hits="1" branch="false"/><line number="586" hits="12" branch="true" condition-coverage="100% (2/2)"><conditions><condition number="0" type="jump" coverage="100%"/></conditions></line><line number="588" hits="8" branch="true" condition-coverage="100% (2/2)"><conditions><condition number="0" type="jump" coverage="100%"/></conditions></line><line number="590" hits="5" branch="false"/><line number="591" hits="5" branch="false"/><line number="596" hits="3" branch="false"/><line number="602" hits="4" branch="false"/><line number="603" hits="4" branch="false"/><line number="608" hits="38" branch="false"/><line number="615" hits="38" branch="true" condition-coverage="100% (2/2)"><conditions><condition number="0" type="jump" coverage="100%"/></conditions></line><line number="617" hits="18" branch="false"/><line number="621" hits="20" branch="false"/><line number="623" hits="38" branch="false"/><line number="626" hits="38" branch="true" condition-coverage="100% (2/2)"><conditions><condition number="0" type="jump" coverage="100%"/></conditions></line><line number="628" hits="7" branch="false"/><line number="632" hits="31" branch="false"/><line number="634" hits="38" branch="false"/><line number="637" hits="38" branch="false"/><line number="640" hits="40" branch="false"/><line number="641" hits="40" branch="true" condition-coverage="100% (2/2)"><conditions><condition number="0" type="jump" coverage="100%"/></conditions></line><line number="643" hits="38" branch="false"/><line number="647" hits="2" branch="true" condition-coverage="100% (2/2)"><conditions><condition number="0" type="jump" coverage="100%"/></conditions></line><line number="648" hits="2" branch="true" condition-coverage="100% (2/2)"><conditions><condition number="0" type="jump" coverage="100%"/></conditions></line><line number="650" hits="1" branch="true" condition-coverage="50% (1/2)"><conditions><condition number="0" type="jump" coverage="50%"/></conditions></line><line number="652" hits="1" branch="false"/><line number="653" hits="1" branch="false"/><line number="659" hits="1" branch="false"/><line number="663" hits="1" branch="true" condition-coverage="33% (2/6)"><conditions><condition number="0" type="jump" coverage="33%"/></conditions></line><line number="665" hits="1" branch="false"/><line number="666" hits="1" branch="false"/><line number="672" hits="1" branch="false"/><line number="678" hits="40" branch="false"/><line number="769" hits="4" branch="false"/><line number="778" hits="4" branch="false"/><line number="780" hits="4" branch="false"/><line number="786" hits="4" branch="false"/><line number="787" hits="4" branch="true" condition-coverage="100% (2/2)"><conditions><condition number="0" type="jump" coverage="100%"/></conditions></line><line number="789" hits="2" branch="false"/><line number="793" hits="4" branch="false"/><line number="795" hits="4" branch="false"/><line number="797" hits="4" branch="false"/><line number="798" hits="4" branch="false"/><line number="801" hits="4" branch="false"/><line number="803" hits="4" branch="false"/><line number="806" hits="4" branch="true" condition-coverage="100% (2/2)"><conditions><condition number="0" type="jump" coverage="100%"/></conditions></line><line number="809" hits="2" branch="true" condition-coverage="100% (2/2)"><conditions><condition number="0" type="jump" coverage="100%"/></conditions></line><line number="811" hits="1" branch="false"/><line number="815" hits="1" branch="false"/><line number="820" hits="4" branch="true" condition-coverage="100% (2/2)"><conditions><condition number="0" type="jump" coverage="100%"/></conditions></line><line number="822" hits="1" branch="false"/><line number="823" hits="1" branch="false"/><line number="826" hits="4" branch="false"/><line number="827" hits="4" branch="false"/><line number="830" hits="4" branch="true" condition-coverage="75% (3/4)"><conditions><condition number="0" type="jump" coverage="75%"/></conditions></line><line number="832" hits="2" branch="true" condition-coverage="100% (2/2)"><conditions><condition number="0" type="jump" coverage="100%"/></conditions></line><line number="834" hits="1" branch="false"/><line number="838" hits="1" branch="false"/><line number="842" hits="4" branch="true" condition-coverage="75% (3/4)"><conditions><condition number="0" type="jump" coverage="75%"/></conditions></line><line number="844" hits="2" branch="true" condition-coverage="100% (2/2)"><conditions><condition number="0" type="jump" coverage="100%"/></conditions></line><line number="846" hits="1" branch="false"/><line number="850" hits="1" branch="false"/><line number="854" hits="4" branch="true" condition-coverage="100% (4/4)"><conditions><condition number="0" type="jump" coverage="100%"/></conditions></line><line number="855" hits="4" branch="true" condition-coverage="100% (4/4)"><conditions><condition number="0" type="jump" coverage="100%"/></conditions></line><line number="857" hits="3" branch="true" condition-coverage="100% (2/2)"><conditions><condition number="0" type="jump" coverage="100%"/></conditions></line><line number="860" hits="1" branch="false"/><line number="861" hits="1" branch="false"/><line number="864" hits="1" branch="false"/><line number="869" hits="2" branch="false"/><line number="870" hits="2" branch="false"/><line number="873" hits="2" branch="false"/><line number="877" hits="3" branch="false"/><line number="880" hits="4" branch="false"/><line number="882" hits="4" branch="false"/><line number="883" hits="4" branch="false"/><line number="888" hits="4" branch="false"/><line number="933" hits="8" branch="false"/><line number="946" hits="8" branch="false"/><line number="948" hits="8" branch="false"/><line number="951" hits="8" branch="false"/><line number="952" hits="8" branch="false"/><line number="953" hits="8" branch="false"/><line number="954" hits="8" branch="false"/><line number="955" hits="8" branch="false"/><line number="956" hits="8" branch="false"/><line number="957" hits="8" branch="false"/><line number="960" hits="8" branch="false"/><line number="961" hits="8" branch="false"/><line number="962" hits="8" branch="false"/><line number="968" hits="8" branch="true" condition-coverage="50% (1/2)"><conditions><condition number="0" type="jump" coverage="50%"/></conditions></line><line number="970" hits="0" branch="false"/><line number="973" hits="8" branch="false"/><line number="974" hits="8" branch="false"/><line number="975" hits="8" branch="false"/><line number="976" hits="8" branch="false"/><line number="982" hits="8" branch="false"/><line number="984" hits="8" branch="true" condition-coverage="100% (2/2)"><conditions><condition number="0" type="jump" coverage="100%"/></conditions></line><line number="986" hits="3" branch="false"/><line number="988" hits="48" branch="true" condition-coverage="100% (2/2)"><conditions><condition number="0" type="jump" coverage="100%"/></conditions></line><line number="991" hits="40" branch="false"/><line number="993" hits="8" branch="false"/><line number="995" hits="8" branch="true" condition-coverage="100% (2/2)"><conditions><condition number="0" type="jump" coverage="100%"/></conditions></line><line number="997" hits="3" branch="false"/><line number="998" hits="3" branch="false"/><line number="1000" hits="5" branch="true" condition-coverage="100% (2/2)"><conditions><condition number="0" type="jump" coverage="100%"/></conditions></line><line number="1002" hits="4" branch="false"/><line number="1003" hits="4" branch="false"/><line number="1007" hits="1" branch="false"/><line number="1008" hits="1" branch="false"/><line number="1013" hits="8" branch="false"/><line number="1015" hits="8" branch="true" condition-coverage="100% (2/2)"><conditions><condition number="0" type="jump" coverage="100%"/></conditions></line><line number="1017" hits="5" branch="false"/><line number="1020" hits="32" branch="true" condition-coverage="100% (2/2)"><conditions><condition number="0" type="jump" coverage="100%"/></conditions></line><line number="1023" hits="24" branch="false"/><line number="1027" hits="8" branch="true" condition-coverage="100% (2/2)"><conditions><condition number="0" type="jump" coverage="100%"/></conditions></line><line number="1029" hits="2" branch="false"/><line number="1036" hits="8" branch="false"/><line number="1037" hits="32" branch="true" condition-coverage="100% (2/2)"><conditions><condition number="0" type="jump" coverage="100%"/></conditions></line><line number="1040" hits="24" branch="false"/><line number="1043" hits="8" branch="false"/><line number="1044" hits="8" branch="false"/><line number="1047" hits="8" branch="false"/><line number="1052" hits="8" branch="false"/><line number="1097" hits="2" branch="false"/><line number="1107" hits="2" branch="true" condition-coverage="100% (2/2)"><conditions><condition number="0" type="jump" coverage="100%"/></conditions></line><line number="1109" hits="1" branch="false"/><line number="1110" hits="1" branch="false"/><line number="1113" hits="2" branch="false"/><line number="1118" hits="2" branch="false"/><line number="1170" hits="1" branch="false"/><line number="1177" hits="1" branch="false"/><line number="1241" hits="2" branch="false"/><line number="1251" hits="2" branch="true" condition-coverage="100% (2/2)"><conditions><condition number="0" type="jump" coverage="100%"/></conditions></line><line number="1253" hits="1" branch="false"/><line number="1257" hits="1" branch="false"/><line number="1260" hits="2" branch="false"/><line number="1262" hits="2" branch="false"/><line number="1320" hits="1" branch="false"/><line number="1329" hits="1" branch="false"/><line number="1394" hits="2" branch="false"/><line number="1403" hits="2" branch="false"/><line number="1405" hits="2" branch="false"/><line number="1462" hits="1" branch="false"/><line number="1471" hits="1" branch="false"/><line number="1535" hits="3" branch="false"/><line number="1544" hits="3" branch="true" condition-coverage="100% (2/2)"><conditions><condition number="0" type="jump" coverage="100%"/></conditions></line><line number="1546" hits="2" branch="false"/><line number="1547" hits="2" branch="false"/><line number="1548" hits="2" branch="false"/><line number="1549" hits="2" branch="false"/><line number="1550" hits="2" branch="true" condition-coverage="100% (2/2)"><conditions><condition number="0" type="jump" coverage="100%"/></conditions></line><line number="1552" hits="1" branch="false"/><line number="1556" hits="1" branch="false"/><line number="1558" hits="2" branch="false"/><line number="1560" hits="2" branch="false"/><line number="1564" hits="1" branch="false"/><line number="1622" hits="1" branch="false"/><line number="1629" hits="1" branch="false"/><line number="1693" hits="1" branch="false"/><line number="1701" hits="1" branch="false"/><line number="1703" hits="1" branch="false"/><line number="1705" hits="1" branch="false"/><line number="1727" hits="2" branch="false"/><line number="1730" hits="2" branch="false"/><line number="1732" hits="2" branch="true" condition-coverage="100% (2/2)"><conditions><condition number="0" type="jump" coverage="100%"/></conditions></line><line number="1735" hits="1" branch="false"/><line number="1738" hits="2" branch="false"/><line number="1746" hits="4" branch="false"/><line number="1748" hits="4" branch="false"/><line number="1750" hits="4" branch="true" condition-coverage="100% (2/2)"><conditions><condition number="0" type="jump" coverage="100%"/></conditions></line><line number="1752" hits="3" branch="false"/><line number="1754" hits="3" branch="true" condition-coverage="100% (2/2)"><conditions><condition number="0" type="jump" coverage="100%"/></conditions></line><line number="1756" hits="1" branch="false"/><line number="1758" hits="2" branch="true" condition-coverage="100% (2/2)"><conditions><condition number="0" type="jump" coverage="100%"/></conditions></line><line number="1760" hits="1" branch="false"/><line number="1764" hits="3" branch="false"/><line number="1765" hits="3" branch="false"/><line number="1767" hits="4" branch="false"/><line number="1775" hits="5" branch="false"/><line number="1779" hits="5" branch="false"/><line number="1781" hits="20" branch="true" condition-coverage="100% (2/2)"><conditions><condition number="0" type="jump" coverage="100%"/></conditions></line><line number="1783" hits="15" branch="false"/><line number="1786" hits="5" branch="false"/><line number="1788" hits="5" branch="false"/><line number="1797" hits="4" branch="false"/><line number="1800" hits="4" branch="false"/><line number="1801" hits="4" branch="false"/><line number="1804" hits="16" branch="true" condition-coverage="100% (2/2)"><conditions><condition number="0" type="jump" coverage="100%"/></conditions></line><line number="1806" hits="12" branch="true" condition-coverage="100% (2/2)"><conditions><condition number="0" type="jump" coverage="100%"/></conditions></line><line number="1808" hits="9" branch="false"/><line number="1810" hits="3" branch="true" condition-coverage="50% (1/2)"><conditions><condition number="0" type="jump" coverage="50%"/></conditions></line><line number="1812" hits="3" branch="false"/><line number="1817" hits="4" branch="true" condition-coverage="100% (2/2)"><conditions><condition number="0" type="jump" coverage="100%"/></conditions></line><line number="1819" hits="3" branch="false"/><line number="1821" hits="1" branch="true" condition-coverage="50% (1/2)"><conditions><condition number="0" type="jump" coverage="50%"/></conditions></line><line number="1823" hits="1" branch="false"/><line number="1829" hits="4" branch="false"/><line number="1840" hits="4" branch="false"/><line number="1842" hits="4" branch="true" condition-coverage="100% (2/2)"><conditions><condition number="0" type="jump" coverage="100%"/></conditions></line><line number="1845" hits="1" branch="false"/><line number="1846" hits="1" branch="false"/><line number="1851" hits="3" branch="true" condition-coverage="100% (2/2)"><conditions><condition number="0" type="jump" coverage="100%"/></conditions></line><line number="1853" hits="2" branch="false"/><line number="1857" hits="1" branch="false"/><line number="1860" hits="4" branch="false"/><line number="1866" hits="44" branch="false"/><line number="1869" hits="44" branch="true" condition-coverage="100% (2/2)"><conditions><condition number="0" type="jump" coverage="100%"/></conditions></line><line number="1870" hits="44" branch="false"/><line number="1877" hits="4" branch="false"/><line number="1885" hits="4" branch="false"/><line number="1886" hits="4" branch="true" condition-coverage="100% (2/2)"><conditions><condition number="0" type="jump" coverage="100%"/></conditions></line><line number="1888" hits="2" branch="false"/><line number="1889" hits="2" branch="false"/><line number="1893" hits="2" branch="false"/><line number="1897" hits="2" branch="false"/><line number="1900" hits="4" branch="true" condition-coverage="100% (2/2)"><conditions><condition number="0" type="jump" coverage="100%"/></conditions></line><line number="1902" hits="2" branch="false"/><line number="1904" hits="2" branch="false"/><line number="1906" hits="4" branch="false"/></lines></class></classes></package></packages></coverage>