<?xml version='1.0' encoding='UTF-8'?>
<!DOCTYPE coverage SYSTEM 'http://cobertura.sourceforge.net/xml/coverage-04.dtd'>
<coverage line-rate="1.0" branch-rate="1.0" lines-covered="30" lines-valid="30" branches-covered="6" branches-valid="6" complexity="0.0" timestamp="1643968350" version="gcovr 4.2"><sources><source>.</source></sources><packages><package name="02_Code" line-rate="1.0" branch-rate="1.0" complexity="0.0"><classes><class name="CtBoosterControllerSwc_c" filename="02_Code/CtBoosterControllerSwc.c" line-rate="1.0" branch-rate="1.0" complexity="0.0"><methods/><lines><line number="101" hits="1" branch="false"/><line number="109" hits="1" branch="false"/><line number="112" hits="1" branch="false"/><line number="113" hits="1" branch="false"/><line number="118" hits="1" branch="false"/><line number="161" hits="3" branch="false"/><line number="168" hits="3" branch="false"/><line number="170" hits="3" branch="true" condition-coverage="100% (2/2)"><conditions><condition number="0" type="jump" coverage="100%"/></conditions></line><line number="172" hits="2" branch="false"/><line number="175" hits="3" branch="false"/><line number="191" hits="1" branch="false"/><line number="193" hits="1" branch="false"/><line number="194" hits="1" branch="false"/><line number="195" hits="1" branch="false"/><line number="197" hits="3" branch="false"/><line number="199" hits="3" branch="false"/><line number="202" hits="3" branch="true" condition-coverage="100% (2/2)"><conditions><condition number="0" type="jump" coverage="100%"/></conditions></line><line number="204" hits="2" branch="false"/><line number="208" hits="1" branch="false"/><line number="210" hits="3" branch="false"/><line number="213" hits="3" branch="true" condition-coverage="100% (2/2)"><conditions><condition number="0" type="jump" coverage="100%"/></conditions></line><line number="215" hits="2" branch="false"/><line number="216" hits="2" branch="false"/><line number="217" hits="2" branch="false"/><line number="220" hits="3" branch="false"/><line number="222" hits="3" branch="false"/><line number="223" hits="3" branch="false"/><line number="225" hits="5" branch="false"/><line number="227" hits="5" branch="false"/><line number="228" hits="5" branch="false"/></lines></class></classes></package></packages></coverage>