<?xml version='1.0' encoding='UTF-8'?>
<!DOCTYPE coverage SYSTEM 'http://cobertura.sourceforge.net/xml/coverage-04.dtd'>
<coverage line-rate="1.0" branch-rate="0.9615384615384616" lines-covered="35" lines-valid="35" branches-covered="25" branches-valid="26" complexity="0.0" timestamp="1643968801" version="gcovr 4.2"><sources><source>.</source></sources><packages><package name="02_Code" line-rate="1.0" branch-rate="0.9615384615384616" complexity="0.0"><classes><class name="CtDiagnosticServices_RoutineControlNAD_c" filename="02_Code/CtDiagnosticServices_RoutineControlNAD.c" line-rate="1.0" branch-rate="0.9615384615384616" complexity="0.0"><methods/><lines><line number="182" hits="15" branch="false"/><line number="189" hits="15" branch="false"/><line number="190" hits="15" branch="false"/><line number="191" hits="15" branch="false"/><line number="192" hits="15" branch="false"/><line number="193" hits="15" branch="false"/><line number="194" hits="15" branch="false"/><line number="196" hits="15" branch="true" condition-coverage="100% (4/4)"><conditions><condition number="0" type="jump" coverage="100%"/></conditions></line><line number="199" hits="14" branch="false"/><line number="202" hits="25" branch="true" condition-coverage="100% (4/4)"><conditions><condition number="0" type="jump" coverage="100%"/></conditions></line><line number="203" hits="18" branch="true" condition-coverage="100% (4/4)"><conditions><condition number="0" type="jump" coverage="100%"/></conditions></line><line number="205" hits="10" branch="false"/><line number="206" hits="10" branch="true" condition-coverage="100% (2/2)"><conditions><condition number="0" type="jump" coverage="100%"/></conditions></line><line number="208" hits="7" branch="false"/><line number="209" hits="7" branch="true" condition-coverage="100% (2/2)"><conditions><condition number="0" type="jump" coverage="100%"/></conditions></line><line number="211" hits="5" branch="true" condition-coverage="100% (2/2)"><conditions><condition number="0" type="jump" coverage="100%"/></conditions></line><line number="213" hits="2" branch="false"/><line number="215" hits="3" branch="true" condition-coverage="100% (2/2)"><conditions><condition number="0" type="jump" coverage="100%"/></conditions></line><line number="217" hits="1" branch="false"/><line number="219" hits="2" branch="true" condition-coverage="50% (1/2)"><conditions><condition number="0" type="jump" coverage="50%"/></conditions></line><line number="221" hits="2" branch="false"/><line number="222" hits="2" branch="true" condition-coverage="100% (2/2)"><conditions><condition number="0" type="jump" coverage="100%"/></conditions></line><line number="224" hits="1" branch="false"/><line number="231" hits="5" branch="true" condition-coverage="100% (2/2)"><conditions><condition number="0" type="jump" coverage="100%"/></conditions></line><line number="233" hits="4" branch="false"/><line number="241" hits="15" branch="false"/><line number="311" hits="1" branch="false"/><line number="320" hits="1" branch="false"/><line number="321" hits="1" branch="false"/><line number="323" hits="1" branch="false"/><line number="329" hits="1" branch="false"/><line number="359" hits="1" branch="false"/><line number="368" hits="1" branch="false"/><line number="369" hits="1" branch="false"/><line number="376" hits="1" branch="false"/></lines></class></classes></package></packages></coverage>